0:0:0:0:0:0:0:1 - - [12/Dec/2022:09:27:53 +0300] "GET / HTTP/1.1" 302 -
0:0:0:0:0:0:0:1 - - [12/Dec/2022:09:27:54 +0300] "GET /login HTTP/1.1" 200 1158
0:0:0:0:0:0:0:1 - - [12/Dec/2022:09:27:54 +0300] "GET /favicon.ico HTTP/1.1" 302 -
0:0:0:0:0:0:0:1 - - [12/Dec/2022:09:27:54 +0300] "GET /login HTTP/1.1" 200 1158
0:0:0:0:0:0:0:1 - - [12/Dec/2022:09:27:57 +0300] "GET /signup HTTP/1.1" 200 1810
0:0:0:0:0:0:0:1 - - [12/Dec/2022:09:27:57 +0300] "GET /favicon.ico HTTP/1.1" 302 -
0:0:0:0:0:0:0:1 - - [12/Dec/2022:09:27:57 +0300] "GET /login HTTP/1.1" 200 1158
0:0:0:0:0:0:0:1 - - [12/Dec/2022:09:28:04 +0300] "POST /user/register HTTP/1.1" 302 -
0:0:0:0:0:0:0:1 - - [12/Dec/2022:09:28:04 +0300] "GET /login HTTP/1.1" 200 1158
0:0:0:0:0:0:0:1 - - [12/Dec/2022:09:28:04 +0300] "GET /favicon.ico HTTP/1.1" 302 -
0:0:0:0:0:0:0:1 - - [12/Dec/2022:09:28:04 +0300] "GET /login HTTP/1.1" 200 1158
0:0:0:0:0:0:0:1 - - [12/Dec/2022:09:28:12 +0300] "POST /doLogin HTTP/1.1" 302 -
0:0:0:0:0:0:0:1 - - [12/Dec/2022:09:28:12 +0300] "GET / HTTP/1.1" 302 -
0:0:0:0:0:0:0:1 - - [12/Dec/2022:09:28:12 +0300] "GET /user HTTP/1.1" 200 1370
0:0:0:0:0:0:0:1 - - [12/Dec/2022:09:28:12 +0300] "GET /favicon.ico HTTP/1.1" 200 1150
0:0:0:0:0:0:0:1 - - [12/Dec/2022:09:28:18 +0300] "GET /user/2 HTTP/1.1" 200 1197
0:0:0:0:0:0:0:1 - - [12/Dec/2022:09:28:19 +0300] "GET /user HTTP/1.1" 200 1370
0:0:0:0:0:0:0:1 - - [12/Dec/2022:09:32:37 +0300] "GET /user HTTP/1.1" 200 1223
0:0:0:0:0:0:0:1 - - [12/Dec/2022:09:32:37 +0300] "GET /favicon.ico HTTP/1.1" 200 1150
0:0:0:0:0:0:0:1 - - [12/Dec/2022:09:32:39 +0300] "GET /logout HTTP/1.1" 302 -
0:0:0:0:0:0:0:1 - - [12/Dec/2022:09:32:39 +0300] "GET /login?logout HTTP/1.1" 200 1221
0:0:0:0:0:0:0:1 - - [12/Dec/2022:09:32:43 +0300] "GET /login HTTP/1.1" 200 1158
0:0:0:0:0:0:0:1 - - [12/Dec/2022:09:32:51 +0300] "GET /signup HTTP/1.1" 200 1810
0:0:0:0:0:0:0:1 - - [12/Dec/2022:09:32:56 +0300] "POST /user/register HTTP/1.1" 302 -
0:0:0:0:0:0:0:1 - - [12/Dec/2022:09:32:56 +0300] "GET /login HTTP/1.1" 200 1158
0:0:0:0:0:0:0:1 - - [12/Dec/2022:09:33:03 +0300] "POST /doLogin HTTP/1.1" 302 -
0:0:0:0:0:0:0:1 - - [12/Dec/2022:09:33:03 +0300] "GET / HTTP/1.1" 302 -
0:0:0:0:0:0:0:1 - - [12/Dec/2022:09:33:03 +0300] "GET /user HTTP/1.1" 200 1370
0:0:0:0:0:0:0:1 - - [12/Dec/2022:09:33:06 +0300] "GET /logout HTTP/1.1" 302 -
0:0:0:0:0:0:0:1 - - [12/Dec/2022:09:33:06 +0300] "GET /login?logout HTTP/1.1" 200 1221
