0:0:0:0:0:0:0:1 - - [11/Feb/2023:19:29:36 +0300] "GET / HTTP/1.1" 302 -
0:0:0:0:0:0:0:1 - - [11/Feb/2023:19:29:36 +0300] "GET /user HTTP/1.1" 500 12936
0:0:0:0:0:0:0:1 - - [11/Feb/2023:19:33:11 +0300] "GET /login HTTP/1.1" 200 1525
0:0:0:0:0:0:0:1 - - [11/Feb/2023:19:33:18 +0300] "POST /doLogin HTTP/1.1" 302 -
0:0:0:0:0:0:0:1 - - [11/Feb/2023:19:33:18 +0300] "GET / HTTP/1.1" 302 -
0:0:0:0:0:0:0:1 - - [11/Feb/2023:19:33:18 +0300] "GET /user HTTP/1.1" 403 11124
0:0:0:0:0:0:0:1 - - [11/Feb/2023:19:33:30 +0300] "GET /create/?from HTTP/1.1" 404 306
0:0:0:0:0:0:0:1 - - [11/Feb/2023:19:33:38 +0300] "GET /user HTTP/1.1" 403 11124
0:0:0:0:0:0:0:1 - - [11/Feb/2023:19:33:39 +0300] "GET /user HTTP/1.1" 403 11124
0:0:0:0:0:0:0:1 - - [11/Feb/2023:19:33:39 +0300] "GET /favicon.ico HTTP/1.1" 200 1150
0:0:0:0:0:0:0:1 - - [11/Feb/2023:19:33:46 +0300] "GET /user HTTP/1.1" 403 11124
0:0:0:0:0:0:0:1 - - [11/Feb/2023:19:33:46 +0300] "GET /favicon.ico HTTP/1.1" 200 1150
0:0:0:0:0:0:0:1 - - [11/Feb/2023:19:34:34 +0300] "GET /secured HTTP/1.1" 403 295
0:0:0:0:0:0:0:1 - - [11/Feb/2023:19:35:13 +0300] "GET /user HTTP/1.1" 403 11124
0:0:0:0:0:0:0:1 - - [11/Feb/2023:19:35:14 +0300] "GET /login HTTP/1.1" 200 1525
0:0:0:0:0:0:0:1 - - [11/Feb/2023:19:35:20 +0300] "POST /doLogin HTTP/1.1" 302 -
0:0:0:0:0:0:0:1 - - [11/Feb/2023:19:35:20 +0300] "GET /login?error HTTP/1.1" 200 1578
0:0:0:0:0:0:0:1 - - [11/Feb/2023:19:35:23 +0300] "POST /doLogin HTTP/1.1" 302 -
0:0:0:0:0:0:0:1 - - [11/Feb/2023:19:35:23 +0300] "GET / HTTP/1.1" 302 -
0:0:0:0:0:0:0:1 - - [11/Feb/2023:19:35:23 +0300] "GET /user HTTP/1.1" 403 11124
0:0:0:0:0:0:0:1 - - [11/Feb/2023:19:36:05 +0300] "GET /login?error HTTP/1.1" 500 14215
0:0:0:0:0:0:0:1 - - [11/Feb/2023:19:36:06 +0300] "GET /login HTTP/1.1" 200 1525
0:0:0:0:0:0:0:1 - - [11/Feb/2023:19:36:10 +0300] "POST /doLogin HTTP/1.1" 302 -
0:0:0:0:0:0:0:1 - - [11/Feb/2023:19:36:10 +0300] "GET /login?error HTTP/1.1" 200 1578
0:0:0:0:0:0:0:1 - - [11/Feb/2023:20:15:57 +0300] "GET /login?error HTTP/1.1" 500 14215
0:0:0:0:0:0:0:1 - - [11/Feb/2023:20:15:57 +0300] "GET /favicon.ico HTTP/1.1" 200 1150
0:0:0:0:0:0:0:1 - - [11/Feb/2023:20:16:05 +0300] "GET /login HTTP/1.1" 200 1525
0:0:0:0:0:0:0:1 - - [11/Feb/2023:20:16:15 +0300] "POST /doLogin HTTP/1.1" 302 -
0:0:0:0:0:0:0:1 - - [11/Feb/2023:20:16:15 +0300] "GET /login?error HTTP/1.1" 200 1578
0:0:0:0:0:0:0:1 - - [11/Feb/2023:20:19:16 +0300] "POST /doLogin HTTP/1.1" 302 -
0:0:0:0:0:0:0:1 - - [11/Feb/2023:20:19:16 +0300] "GET / HTTP/1.1" 302 -
0:0:0:0:0:0:0:1 - - [11/Feb/2023:20:19:16 +0300] "GET /user HTTP/1.1" 403 11124
0:0:0:0:0:0:0:1 - - [11/Feb/2023:20:19:58 +0300] "GET /user HTTP/1.1" 403 11124
0:0:0:0:0:0:0:1 - - [11/Feb/2023:20:19:58 +0300] "GET /favicon.ico HTTP/1.1" 200 1150
0:0:0:0:0:0:0:1 - - [11/Feb/2023:20:19:59 +0300] "GET /login?error HTTP/1.1" 500 14215
0:0:0:0:0:0:0:1 - - [11/Feb/2023:20:20:00 +0300] "GET /login HTTP/1.1" 200 1525
0:0:0:0:0:0:0:1 - - [11/Feb/2023:20:20:02 +0300] "GET /login HTTP/1.1" 200 1525
0:0:0:0:0:0:0:1 - - [11/Feb/2023:20:20:02 +0300] "GET /favicon.ico HTTP/1.1" 200 1150
0:0:0:0:0:0:0:1 - - [11/Feb/2023:20:20:08 +0300] "POST /doLogin HTTP/1.1" 302 -
0:0:0:0:0:0:0:1 - - [11/Feb/2023:20:20:08 +0300] "GET /login?error HTTP/1.1" 200 1578
0:0:0:0:0:0:0:1 - - [11/Feb/2023:20:20:17 +0300] "POST /doLogin HTTP/1.1" 302 -
0:0:0:0:0:0:0:1 - - [11/Feb/2023:20:20:17 +0300] "GET / HTTP/1.1" 302 -
0:0:0:0:0:0:0:1 - - [11/Feb/2023:20:20:17 +0300] "GET /user HTTP/1.1" 403 11124
0:0:0:0:0:0:0:1 - - [11/Feb/2023:20:21:11 +0300] "GET /user HTTP/1.1" 403 11124
0:0:0:0:0:0:0:1 - - [11/Feb/2023:20:21:11 +0300] "GET /favicon.ico HTTP/1.1" 200 1150
0:0:0:0:0:0:0:1 - - [11/Feb/2023:20:21:12 +0300] "GET /login?error HTTP/1.1" 500 14215
0:0:0:0:0:0:0:1 - - [11/Feb/2023:20:21:13 +0300] "GET /login HTTP/1.1" 200 1525
0:0:0:0:0:0:0:1 - - [11/Feb/2023:20:21:16 +0300] "POST /doLogin HTTP/1.1" 302 -
0:0:0:0:0:0:0:1 - - [11/Feb/2023:20:21:16 +0300] "GET / HTTP/1.1" 302 -
0:0:0:0:0:0:0:1 - - [11/Feb/2023:20:21:16 +0300] "GET /user HTTP/1.1" 403 11124
0:0:0:0:0:0:0:1 - - [11/Feb/2023:20:21:56 +0300] "GET /user HTTP/1.1" 403 11124
0:0:0:0:0:0:0:1 - - [11/Feb/2023:20:21:56 +0300] "GET /favicon.ico HTTP/1.1" 200 1150
0:0:0:0:0:0:0:1 - - [11/Feb/2023:20:21:57 +0300] "GET /login HTTP/1.1" 200 1525
0:0:0:0:0:0:0:1 - - [11/Feb/2023:20:22:01 +0300] "POST /doLogin HTTP/1.1" 302 -
0:0:0:0:0:0:0:1 - - [11/Feb/2023:20:22:01 +0300] "GET / HTTP/1.1" 302 -
0:0:0:0:0:0:0:1 - - [11/Feb/2023:20:22:01 +0300] "GET /user HTTP/1.1" 403 11124
0:0:0:0:0:0:0:1 - - [11/Feb/2023:20:23:43 +0300] "GET /login HTTP/1.1" 200 1525
0:0:0:0:0:0:0:1 - - [11/Feb/2023:20:23:47 +0300] "POST /doLogin HTTP/1.1" 302 -
0:0:0:0:0:0:0:1 - - [11/Feb/2023:20:23:47 +0300] "GET / HTTP/1.1" 302 -
0:0:0:0:0:0:0:1 - - [11/Feb/2023:20:23:47 +0300] "GET /user HTTP/1.1" 500 12576
0:0:0:0:0:0:0:1 - - [11/Feb/2023:20:24:22 +0300] "GET /user HTTP/1.1" 200 1432
0:0:0:0:0:0:0:1 - - [11/Feb/2023:20:24:22 +0300] "GET /favicon.ico HTTP/1.1" 200 1150
0:0:0:0:0:0:0:1 - - [11/Feb/2023:20:25:09 +0300] "GET /user HTTP/1.1" 200 1432
0:0:0:0:0:0:0:1 - - [11/Feb/2023:20:25:09 +0300] "GET /favicon.ico HTTP/1.1" 200 1150
0:0:0:0:0:0:0:1 - - [11/Feb/2023:20:25:10 +0300] "GET /logout HTTP/1.1" 302 -
0:0:0:0:0:0:0:1 - - [11/Feb/2023:20:25:10 +0300] "GET /login?logout HTTP/1.1" 200 1589
0:0:0:0:0:0:0:1 - - [11/Feb/2023:20:25:15 +0300] "POST /doLogin HTTP/1.1" 302 -
0:0:0:0:0:0:0:1 - - [11/Feb/2023:20:25:15 +0300] "GET / HTTP/1.1" 302 -
0:0:0:0:0:0:0:1 - - [11/Feb/2023:20:25:15 +0300] "GET /user HTTP/1.1" 200 1432
0:0:0:0:0:0:0:1 - - [11/Feb/2023:20:25:23 +0300] "GET /secured HTTP/1.1" 403 295
0:0:0:0:0:0:0:1 - - [11/Feb/2023:20:25:26 +0300] "GET /user HTTP/1.1" 200 1432
0:0:0:0:0:0:0:1 - - [11/Feb/2023:20:25:55 +0300] "GET /user HTTP/1.1" 200 1432
0:0:0:0:0:0:0:1 - - [11/Feb/2023:20:25:55 +0300] "GET /favicon.ico HTTP/1.1" 200 1150
0:0:0:0:0:0:0:1 - - [11/Feb/2023:20:25:56 +0300] "GET /logout HTTP/1.1" 302 -
0:0:0:0:0:0:0:1 - - [11/Feb/2023:20:25:56 +0300] "GET /login?logout HTTP/1.1" 200 1589
0:0:0:0:0:0:0:1 - - [11/Feb/2023:20:26:01 +0300] "POST /doLogin HTTP/1.1" 302 -
0:0:0:0:0:0:0:1 - - [11/Feb/2023:20:26:01 +0300] "GET / HTTP/1.1" 302 -
0:0:0:0:0:0:0:1 - - [11/Feb/2023:20:26:01 +0300] "GET /user HTTP/1.1" 200 1432
0:0:0:0:0:0:0:1 - - [11/Feb/2023:20:46:16 +0300] "GET /user HTTP/1.1" 200 1432
0:0:0:0:0:0:0:1 - - [11/Feb/2023:20:46:16 +0300] "GET /favicon.ico HTTP/1.1" 200 1150
0:0:0:0:0:0:0:1 - - [11/Feb/2023:20:46:17 +0300] "GET /secured HTTP/1.1" 403 295
0:0:0:0:0:0:0:1 - - [11/Feb/2023:20:46:18 +0300] "GET /secured HTTP/1.1" 403 295
0:0:0:0:0:0:0:1 - - [11/Feb/2023:20:46:18 +0300] "GET /favicon.ico HTTP/1.1" 200 1150
0:0:0:0:0:0:0:1 - - [11/Feb/2023:20:46:19 +0300] "GET /secured HTTP/1.1" 403 295
0:0:0:0:0:0:0:1 - - [11/Feb/2023:20:46:19 +0300] "GET /favicon.ico HTTP/1.1" 200 1150
0:0:0:0:0:0:0:1 - - [11/Feb/2023:20:46:20 +0300] "GET /user HTTP/1.1" 200 1432
0:0:0:0:0:0:0:1 - - [11/Feb/2023:20:46:21 +0300] "GET /logout HTTP/1.1" 302 -
0:0:0:0:0:0:0:1 - - [11/Feb/2023:20:46:21 +0300] "GET /login?logout HTTP/1.1" 200 1589
0:0:0:0:0:0:0:1 - - [11/Feb/2023:20:46:25 +0300] "POST /doLogin HTTP/1.1" 302 -
0:0:0:0:0:0:0:1 - - [11/Feb/2023:20:46:25 +0300] "GET / HTTP/1.1" 302 -
0:0:0:0:0:0:0:1 - - [11/Feb/2023:20:46:26 +0300] "GET /user HTTP/1.1" 200 1432
0:0:0:0:0:0:0:1 - - [11/Feb/2023:20:46:26 +0300] "GET /secured HTTP/1.1" 200 829
0:0:0:0:0:0:0:1 - - [11/Feb/2023:20:46:29 +0300] "GET /user HTTP/1.1" 200 1432
0:0:0:0:0:0:0:1 - - [11/Feb/2023:20:46:31 +0300] "GET /user/?form HTTP/1.1" 200 1552
0:0:0:0:0:0:0:1 - - [11/Feb/2023:20:46:33 +0300] "GET /user HTTP/1.1" 200 1432
0:0:0:0:0:0:0:1 - - [11/Feb/2023:20:46:56 +0300] "GET /user/5 HTTP/1.1" 200 1258
0:0:0:0:0:0:0:1 - - [11/Feb/2023:20:46:58 +0300] "GET /user/modify/5 HTTP/1.1" 403 295
0:0:0:0:0:0:0:1 - - [11/Feb/2023:20:47:09 +0300] "GET /user HTTP/1.1" 200 1432
0:0:0:0:0:0:0:1 - - [11/Feb/2023:20:47:09 +0300] "GET /favicon.ico HTTP/1.1" 200 1150
0:0:0:0:0:0:0:1 - - [11/Feb/2023:20:47:16 +0300] "GET /logout HTTP/1.1" 302 -
0:0:0:0:0:0:0:1 - - [11/Feb/2023:20:47:16 +0300] "GET /login?logout HTTP/1.1" 200 1589
0:0:0:0:0:0:0:1 - - [11/Feb/2023:20:47:20 +0300] "GET /user HTTP/1.1" 302 -
0:0:0:0:0:0:0:1 - - [11/Feb/2023:20:47:20 +0300] "GET /login HTTP/1.1" 200 1525
0:0:0:0:0:0:0:1 - - [11/Feb/2023:20:47:28 +0300] "POST /doLogin HTTP/1.1" 302 -
0:0:0:0:0:0:0:1 - - [11/Feb/2023:20:47:28 +0300] "GET /user HTTP/1.1" 200 1432
0:0:0:0:0:0:0:1 - - [11/Feb/2023:20:59:20 +0300] "GET /logout HTTP/1.1" 302 -
0:0:0:0:0:0:0:1 - - [11/Feb/2023:20:59:20 +0300] "GET /login?logout HTTP/1.1" 200 1589
0:0:0:0:0:0:0:1 - - [11/Feb/2023:20:59:26 +0300] "POST /doLogin HTTP/1.1" 302 -
0:0:0:0:0:0:0:1 - - [11/Feb/2023:20:59:26 +0300] "GET / HTTP/1.1" 302 -
0:0:0:0:0:0:0:1 - - [11/Feb/2023:20:59:26 +0300] "GET /user HTTP/1.1" 403 11124
0:0:0:0:0:0:0:1 - - [11/Feb/2023:20:59:42 +0300] "GET /login?logout HTTP/1.1" 200 1589
0:0:0:0:0:0:0:1 - - [11/Feb/2023:20:59:45 +0300] "POST /doLogin HTTP/1.1" 302 -
0:0:0:0:0:0:0:1 - - [11/Feb/2023:20:59:45 +0300] "GET / HTTP/1.1" 302 -
0:0:0:0:0:0:0:1 - - [11/Feb/2023:20:59:46 +0300] "GET /user HTTP/1.1" 200 1432
0:0:0:0:0:0:0:1 - - [11/Feb/2023:21:00:04 +0300] "GET /logout HTTP/1.1" 302 -
0:0:0:0:0:0:0:1 - - [11/Feb/2023:21:00:04 +0300] "GET /login?logout HTTP/1.1" 200 1589
0:0:0:0:0:0:0:1 - - [11/Feb/2023:21:00:09 +0300] "POST /doLogin HTTP/1.1" 302 -
0:0:0:0:0:0:0:1 - - [11/Feb/2023:21:00:09 +0300] "GET / HTTP/1.1" 302 -
0:0:0:0:0:0:0:1 - - [11/Feb/2023:21:00:09 +0300] "GET /user HTTP/1.1" 403 11124
0:0:0:0:0:0:0:1 - - [11/Feb/2023:21:00:21 +0300] "GET /login?logout HTTP/1.1" 200 1589
0:0:0:0:0:0:0:1 - - [11/Feb/2023:21:00:24 +0300] "POST /doLogin HTTP/1.1" 302 -
0:0:0:0:0:0:0:1 - - [11/Feb/2023:21:00:24 +0300] "GET / HTTP/1.1" 302 -
0:0:0:0:0:0:0:1 - - [11/Feb/2023:21:00:24 +0300] "GET /user HTTP/1.1" 403 11124
0:0:0:0:0:0:0:1 - - [11/Feb/2023:21:00:28 +0300] "GET /user HTTP/1.1" 403 11124
0:0:0:0:0:0:0:1 - - [11/Feb/2023:21:00:28 +0300] "GET /favicon.ico HTTP/1.1" 200 1150
0:0:0:0:0:0:0:1 - - [11/Feb/2023:21:00:32 +0300] "GET /user HTTP/1.1" 403 11124
0:0:0:0:0:0:0:1 - - [11/Feb/2023:21:00:32 +0300] "GET /favicon.ico HTTP/1.1" 200 1150
0:0:0:0:0:0:0:1 - - [11/Feb/2023:21:00:57 +0300] "GET /user HTTP/1.1" 403 11124
0:0:0:0:0:0:0:1 - - [11/Feb/2023:21:00:57 +0300] "GET /favicon.ico HTTP/1.1" 200 1150
0:0:0:0:0:0:0:1 - - [11/Feb/2023:21:00:58 +0300] "GET /user HTTP/1.1" 403 11124
0:0:0:0:0:0:0:1 - - [11/Feb/2023:21:00:59 +0300] "GET /favicon.ico HTTP/1.1" 200 1150
0:0:0:0:0:0:0:1 - - [11/Feb/2023:21:00:59 +0300] "GET /user HTTP/1.1" 403 11124
0:0:0:0:0:0:0:1 - - [11/Feb/2023:21:00:59 +0300] "GET /favicon.ico HTTP/1.1" 200 1150
0:0:0:0:0:0:0:1 - - [11/Feb/2023:21:01:00 +0300] "GET /login?logout HTTP/1.1" 200 1589
0:0:0:0:0:0:0:1 - - [11/Feb/2023:21:01:03 +0300] "POST /doLogin HTTP/1.1" 302 -
0:0:0:0:0:0:0:1 - - [11/Feb/2023:21:01:03 +0300] "GET / HTTP/1.1" 302 -
0:0:0:0:0:0:0:1 - - [11/Feb/2023:21:01:04 +0300] "GET /user HTTP/1.1" 200 1432
0:0:0:0:0:0:0:1 - - [11/Feb/2023:21:01:20 +0300] "GET /secured HTTP/1.1" 403 295
0:0:0:0:0:0:0:1 - - [11/Feb/2023:21:01:22 +0300] "GET /user HTTP/1.1" 403 11123
0:0:0:0:0:0:0:1 - - [11/Feb/2023:21:01:23 +0300] "GET /login?logout HTTP/1.1" 200 1589
0:0:0:0:0:0:0:1 - - [11/Feb/2023:21:01:26 +0300] "POST /doLogin HTTP/1.1" 302 -
0:0:0:0:0:0:0:1 - - [11/Feb/2023:21:01:26 +0300] "GET / HTTP/1.1" 302 -
0:0:0:0:0:0:0:1 - - [11/Feb/2023:21:01:26 +0300] "GET /user HTTP/1.1" 200 1432
0:0:0:0:0:0:0:1 - - [11/Feb/2023:21:01:27 +0300] "GET /secured HTTP/1.1" 200 829
0:0:0:0:0:0:0:1 - - [11/Feb/2023:21:01:28 +0300] "GET /user HTTP/1.1" 200 1432
0:0:0:0:0:0:0:1 - - [11/Feb/2023:21:01:33 +0300] "GET /user/ HTTP/1.1" 200 1432
0:0:0:0:0:0:0:1 - - [11/Feb/2023:21:01:34 +0300] "GET /user/ HTTP/1.1" 200 1432
0:0:0:0:0:0:0:1 - - [11/Feb/2023:21:01:36 +0300] "GET /user/ HTTP/1.1" 200 1432
0:0:0:0:0:0:0:1 - - [11/Feb/2023:21:01:38 +0300] "GET /user/ HTTP/1.1" 200 1432
0:0:0:0:0:0:0:1 - - [11/Feb/2023:21:01:40 +0300] "GET /user/ HTTP/1.1" 200 1432
0:0:0:0:0:0:0:1 - - [11/Feb/2023:21:01:40 +0300] "GET /user/ HTTP/1.1" 200 1432
0:0:0:0:0:0:0:1 - - [11/Feb/2023:21:01:41 +0300] "GET /user/ HTTP/1.1" 200 1432
0:0:0:0:0:0:0:1 - - [11/Feb/2023:21:01:43 +0300] "GET /user/ HTTP/1.1" 200 1432
0:0:0:0:0:0:0:1 - - [11/Feb/2023:21:01:43 +0300] "GET /user/ HTTP/1.1" 200 1432
