0:0:0:0:0:0:0:1 - - [28/Jan/2023:21:43:57 +0300] "GET /login HTTP/1.1" 200 1249
0:0:0:0:0:0:0:1 - - [28/Jan/2023:21:43:57 +0300] "GET /favicon.ico HTTP/1.1" 302 -
0:0:0:0:0:0:0:1 - - [28/Jan/2023:21:43:57 +0300] "GET /login HTTP/1.1" 200 1249
0:0:0:0:0:0:0:1 - - [28/Jan/2023:21:44:43 +0300] "GET /forgotPassword HTTP/1.1" 200 818
0:0:0:0:0:0:0:1 - - [28/Jan/2023:21:44:43 +0300] "GET /favicon.ico HTTP/1.1" 302 -
0:0:0:0:0:0:0:1 - - [28/Jan/2023:21:44:43 +0300] "GET /login HTTP/1.1" 200 1249
0:0:0:0:0:0:0:1 - - [28/Jan/2023:21:44:45 +0300] "GET /login HTTP/1.1" 200 1249
0:0:0:0:0:0:0:1 - - [28/Jan/2023:21:44:45 +0300] "GET /favicon.ico HTTP/1.1" 302 -
0:0:0:0:0:0:0:1 - - [28/Jan/2023:21:44:45 +0300] "GET /login HTTP/1.1" 200 1249
0:0:0:0:0:0:0:1 - - [28/Jan/2023:21:44:47 +0300] "GET /signup HTTP/1.1" 200 1654
0:0:0:0:0:0:0:1 - - [28/Jan/2023:21:44:48 +0300] "GET /favicon.ico HTTP/1.1" 302 -
0:0:0:0:0:0:0:1 - - [28/Jan/2023:21:44:48 +0300] "GET /login HTTP/1.1" 200 1249
0:0:0:0:0:0:0:1 - - [28/Jan/2023:21:45:02 +0300] "GET /login HTTP/1.1" 200 1249
0:0:0:0:0:0:0:1 - - [28/Jan/2023:21:45:03 +0300] "GET /favicon.ico HTTP/1.1" 302 -
0:0:0:0:0:0:0:1 - - [28/Jan/2023:21:45:03 +0300] "GET /login HTTP/1.1" 200 1249
0:0:0:0:0:0:0:1 - - [28/Jan/2023:21:46:29 +0300] "POST /doLogin HTTP/1.1" 302 -
0:0:0:0:0:0:0:1 - - [28/Jan/2023:21:46:29 +0300] "GET /login?error HTTP/1.1" 200 1302
0:0:0:0:0:0:0:1 - - [28/Jan/2023:21:46:29 +0300] "GET /favicon.ico HTTP/1.1" 302 -
0:0:0:0:0:0:0:1 - - [28/Jan/2023:21:46:29 +0300] "GET /login HTTP/1.1" 200 1249
0:0:0:0:0:0:0:1 - - [28/Jan/2023:21:55:47 +0300] "GET /login HTTP/1.1" 200 1249
0:0:0:0:0:0:0:1 - - [28/Jan/2023:21:55:47 +0300] "GET /favicon.ico HTTP/1.1" 302 -
0:0:0:0:0:0:0:1 - - [28/Jan/2023:21:55:47 +0300] "GET /login HTTP/1.1" 200 1249
0:0:0:0:0:0:0:1 - - [28/Jan/2023:21:55:56 +0300] "POST /doLogin HTTP/1.1" 302 -
0:0:0:0:0:0:0:1 - - [28/Jan/2023:21:55:56 +0300] "GET /login?error HTTP/1.1" 200 1302
0:0:0:0:0:0:0:1 - - [28/Jan/2023:21:55:56 +0300] "GET /favicon.ico HTTP/1.1" 302 -
0:0:0:0:0:0:0:1 - - [28/Jan/2023:21:55:56 +0300] "GET /login HTTP/1.1" 200 1249
0:0:0:0:0:0:0:1 - - [28/Jan/2023:21:55:57 +0300] "GET /signup HTTP/1.1" 200 1654
0:0:0:0:0:0:0:1 - - [28/Jan/2023:21:55:57 +0300] "GET /favicon.ico HTTP/1.1" 302 -
0:0:0:0:0:0:0:1 - - [28/Jan/2023:21:55:57 +0300] "GET /login HTTP/1.1" 200 1249
0:0:0:0:0:0:0:1 - - [28/Jan/2023:21:56:08 +0300] "POST /user/register HTTP/1.1" 500 11415
0:0:0:0:0:0:0:1 - - [28/Jan/2023:21:56:08 +0300] "GET /favicon.ico HTTP/1.1" 302 -
0:0:0:0:0:0:0:1 - - [28/Jan/2023:21:56:08 +0300] "GET /login HTTP/1.1" 200 1249
0:0:0:0:0:0:0:1 - - [28/Jan/2023:22:03:45 +0300] "GET /signup HTTP/1.1" 200 1654
0:0:0:0:0:0:0:1 - - [28/Jan/2023:22:03:45 +0300] "GET /favicon.ico HTTP/1.1" 302 -
0:0:0:0:0:0:0:1 - - [28/Jan/2023:22:03:45 +0300] "GET /login HTTP/1.1" 200 1249
0:0:0:0:0:0:0:1 - - [28/Jan/2023:22:03:49 +0300] "GET /signup HTTP/1.1" 200 1654
0:0:0:0:0:0:0:1 - - [28/Jan/2023:22:03:49 +0300] "GET /favicon.ico HTTP/1.1" 302 -
0:0:0:0:0:0:0:1 - - [28/Jan/2023:22:03:49 +0300] "GET /login HTTP/1.1" 200 1249
0:0:0:0:0:0:0:1 - - [28/Jan/2023:22:04:13 +0300] "POST /user/register HTTP/1.1" 200 1760
0:0:0:0:0:0:0:1 - - [28/Jan/2023:22:04:14 +0300] "GET /favicon.ico HTTP/1.1" 302 -
0:0:0:0:0:0:0:1 - - [28/Jan/2023:22:04:14 +0300] "GET /login HTTP/1.1" 200 1249
0:0:0:0:0:0:0:1 - - [28/Jan/2023:22:04:21 +0300] "POST /user/register HTTP/1.1" 500 12305
0:0:0:0:0:0:0:1 - - [28/Jan/2023:22:07:45 +0300] "GET / HTTP/1.1" 302 -
0:0:0:0:0:0:0:1 - - [28/Jan/2023:22:07:45 +0300] "GET /login HTTP/1.1" 200 1249
0:0:0:0:0:0:0:1 - - [28/Jan/2023:22:07:45 +0300] "GET /favicon.ico HTTP/1.1" 302 -
0:0:0:0:0:0:0:1 - - [28/Jan/2023:22:07:45 +0300] "GET /login HTTP/1.1" 200 1249
0:0:0:0:0:0:0:1 - - [28/Jan/2023:22:07:47 +0300] "GET /signup HTTP/1.1" 200 1654
0:0:0:0:0:0:0:1 - - [28/Jan/2023:22:07:47 +0300] "GET /favicon.ico HTTP/1.1" 302 -
0:0:0:0:0:0:0:1 - - [28/Jan/2023:22:07:47 +0300] "GET /login HTTP/1.1" 200 1249
0:0:0:0:0:0:0:1 - - [28/Jan/2023:22:08:11 +0300] "POST /user/register HTTP/1.1" 302 -
0:0:0:0:0:0:0:1 - - [28/Jan/2023:22:08:11 +0300] "GET /login HTTP/1.1" 200 1249
0:0:0:0:0:0:0:1 - - [28/Jan/2023:22:08:11 +0300] "GET /favicon.ico HTTP/1.1" 302 -
0:0:0:0:0:0:0:1 - - [28/Jan/2023:22:08:11 +0300] "GET /login HTTP/1.1" 200 1249
0:0:0:0:0:0:0:1 - - [28/Jan/2023:22:08:19 +0300] "GET /registrationConfirm?token=5de0bf8e-6b4a-4e81-889c-0ac88c756024 HTTP/1.1" 302 -
0:0:0:0:0:0:0:1 - - [28/Jan/2023:22:08:19 +0300] "GET /login HTTP/1.1" 200 1322
0:0:0:0:0:0:0:1 - - [28/Jan/2023:22:08:20 +0300] "GET /favicon.ico HTTP/1.1" 302 -
0:0:0:0:0:0:0:1 - - [28/Jan/2023:22:08:20 +0300] "GET /login HTTP/1.1" 200 1249
0:0:0:0:0:0:0:1 - - [28/Jan/2023:22:08:26 +0300] "POST /doLogin HTTP/1.1" 302 -
0:0:0:0:0:0:0:1 - - [28/Jan/2023:22:08:26 +0300] "GET /login?error HTTP/1.1" 200 1302
0:0:0:0:0:0:0:1 - - [28/Jan/2023:22:08:26 +0300] "GET /favicon.ico HTTP/1.1" 302 -
0:0:0:0:0:0:0:1 - - [28/Jan/2023:22:08:26 +0300] "GET /login HTTP/1.1" 200 1249
0:0:0:0:0:0:0:1 - - [28/Jan/2023:22:08:36 +0300] "POST /doLogin HTTP/1.1" 302 -
0:0:0:0:0:0:0:1 - - [28/Jan/2023:22:08:36 +0300] "GET /login?error HTTP/1.1" 200 1302
0:0:0:0:0:0:0:1 - - [28/Jan/2023:22:08:36 +0300] "GET /favicon.ico HTTP/1.1" 302 -
0:0:0:0:0:0:0:1 - - [28/Jan/2023:22:08:36 +0300] "GET /login HTTP/1.1" 200 1249
0:0:0:0:0:0:0:1 - - [28/Jan/2023:22:08:41 +0300] "POST /doLogin HTTP/1.1" 302 -
0:0:0:0:0:0:0:1 - - [28/Jan/2023:22:08:41 +0300] "GET / HTTP/1.1" 302 -
0:0:0:0:0:0:0:1 - - [28/Jan/2023:22:08:41 +0300] "GET /user HTTP/1.1" 200 1379
0:0:0:0:0:0:0:1 - - [28/Jan/2023:22:08:42 +0300] "GET /favicon.ico HTTP/1.1" 200 1150
0:0:0:0:0:0:0:1 - - [28/Jan/2023:22:08:47 +0300] "GET /user/2 HTTP/1.1" 200 1197
0:0:0:0:0:0:0:1 - - [28/Jan/2023:22:08:49 +0300] "GET /user/delete/2 HTTP/1.1" 302 -
0:0:0:0:0:0:0:1 - - [28/Jan/2023:22:08:49 +0300] "GET / HTTP/1.1" 302 -
0:0:0:0:0:0:0:1 - - [28/Jan/2023:22:08:49 +0300] "GET /user HTTP/1.1" 200 1232
0:0:0:0:0:0:0:1 - - [28/Jan/2023:22:09:31 +0300] "GET /signup HTTP/1.1" 200 1654
0:0:0:0:0:0:0:1 - - [28/Jan/2023:22:09:39 +0300] "POST /user/register HTTP/1.1" 302 -
0:0:0:0:0:0:0:1 - - [28/Jan/2023:22:09:39 +0300] "GET /login HTTP/1.1" 200 1249
0:0:0:0:0:0:0:1 - - [28/Jan/2023:22:09:43 +0300] "POST /doLogin HTTP/1.1" 302 -
0:0:0:0:0:0:0:1 - - [28/Jan/2023:22:09:43 +0300] "GET /login?error HTTP/1.1" 200 1303
0:0:0:0:0:0:0:1 - - [28/Jan/2023:22:10:27 +0300] "GET /registrationConfirm?token=2144ae2d-c8aa-4dc6-b02a-74f185d666b5 HTTP/1.1" 302 -
0:0:0:0:0:0:0:1 - - [28/Jan/2023:22:10:27 +0300] "GET /login HTTP/1.1" 200 1322
0:0:0:0:0:0:0:1 - - [28/Jan/2023:22:10:53 +0300] "POST /doLogin HTTP/1.1" 302 -
0:0:0:0:0:0:0:1 - - [28/Jan/2023:22:10:53 +0300] "GET / HTTP/1.1" 302 -
0:0:0:0:0:0:0:1 - - [28/Jan/2023:22:10:53 +0300] "GET /user HTTP/1.1" 200 1379
0:0:0:0:0:0:0:1 - - [28/Jan/2023:22:12:48 +0300] "GET /user/ HTTP/1.1" 200 1379
0:0:0:0:0:0:0:1 - - [28/Jan/2023:22:12:50 +0300] "GET /user/ HTTP/1.1" 200 1379
0:0:0:0:0:0:0:1 - - [28/Jan/2023:22:13:11 +0300] "GET /user/2 HTTP/1.1" 500 10307
0:0:0:0:0:0:0:1 - - [28/Jan/2023:22:13:14 +0300] "GET /user/3 HTTP/1.1" 200 1199
0:0:0:0:0:0:0:1 - - [28/Jan/2023:22:13:17 +0300] "GET /user/4 HTTP/1.1" 200 1197
0:0:0:0:0:0:0:1 - - [28/Jan/2023:22:13:45 +0300] "GET / HTTP/1.1" 302 -
0:0:0:0:0:0:0:1 - - [28/Jan/2023:22:13:45 +0300] "GET /user HTTP/1.1" 200 1379
0:0:0:0:0:0:0:1 - - [28/Jan/2023:22:13:46 +0300] "GET /user/ HTTP/1.1" 200 1379
0:0:0:0:0:0:0:1 - - [28/Jan/2023:22:13:48 +0300] "GET / HTTP/1.1" 302 -
0:0:0:0:0:0:0:1 - - [28/Jan/2023:22:13:48 +0300] "GET /user HTTP/1.1" 200 1379
0:0:0:0:0:0:0:1 - - [28/Jan/2023:22:13:53 +0300] "GET / HTTP/1.1" 302 -
0:0:0:0:0:0:0:1 - - [28/Jan/2023:22:13:53 +0300] "GET /user HTTP/1.1" 200 1379
0:0:0:0:0:0:0:1 - - [28/Jan/2023:22:14:04 +0300] "GET /user/ HTTP/1.1" 200 1379
0:0:0:0:0:0:0:1 - - [28/Jan/2023:22:21:52 +0300] "GET /logout HTTP/1.1" 302 -
0:0:0:0:0:0:0:1 - - [28/Jan/2023:22:21:52 +0300] "GET /login?logout HTTP/1.1" 200 1313
0:0:0:0:0:0:0:1 - - [28/Jan/2023:22:21:54 +0300] "GET /forgotPassword HTTP/1.1" 200 818
0:0:0:0:0:0:0:1 - - [28/Jan/2023:22:28:01 +0300] "GET /login HTTP/1.1" 200 1249
