0:0:0:0:0:0:0:1 - - [04/Feb/2023:16:47:02 +0300] "GET /logout HTTP/1.1" 302 -
0:0:0:0:0:0:0:1 - - [04/Feb/2023:16:47:02 +0300] "GET /login?logout HTTP/1.1" 200 1589
0:0:0:0:0:0:0:1 - - [04/Feb/2023:16:47:04 +0300] "GET /login?logout HTTP/1.1" 200 1589
0:0:0:0:0:0:0:1 - - [04/Feb/2023:16:47:04 +0300] "GET /favicon.ico HTTP/1.1" 302 -
0:0:0:0:0:0:0:1 - - [04/Feb/2023:16:47:04 +0300] "GET /login HTTP/1.1" 200 1525
0:0:0:0:0:0:0:1 - - [04/Feb/2023:16:47:05 +0300] "GET /signup HTTP/1.1" 302 -
0:0:0:0:0:0:0:1 - - [04/Feb/2023:16:47:05 +0300] "GET /login HTTP/1.1" 200 1525
0:0:0:0:0:0:0:1 - - [04/Feb/2023:16:47:05 +0300] "GET /favicon.ico HTTP/1.1" 302 -
0:0:0:0:0:0:0:1 - - [04/Feb/2023:16:47:05 +0300] "GET /login HTTP/1.1" 200 1525
0:0:0:0:0:0:0:1 - - [04/Feb/2023:16:47:07 +0300] "GET /login?logout HTTP/1.1" 200 1589
0:0:0:0:0:0:0:1 - - [04/Feb/2023:16:47:07 +0300] "GET /favicon.ico HTTP/1.1" 302 -
0:0:0:0:0:0:0:1 - - [04/Feb/2023:16:47:07 +0300] "GET /login HTTP/1.1" 200 1525
0:0:0:0:0:0:0:1 - - [04/Feb/2023:16:47:17 +0300] "GET /signup HTTP/1.1" 302 -
0:0:0:0:0:0:0:1 - - [04/Feb/2023:16:47:17 +0300] "GET /login HTTP/1.1" 200 1525
0:0:0:0:0:0:0:1 - - [04/Feb/2023:16:47:17 +0300] "GET /favicon.ico HTTP/1.1" 302 -
0:0:0:0:0:0:0:1 - - [04/Feb/2023:16:47:17 +0300] "GET /login HTTP/1.1" 200 1525
0:0:0:0:0:0:0:1 - - [04/Feb/2023:16:47:22 +0300] "GET /signup HTTP/1.1" 302 -
0:0:0:0:0:0:0:1 - - [04/Feb/2023:16:47:22 +0300] "GET /login HTTP/1.1" 200 1525
0:0:0:0:0:0:0:1 - - [04/Feb/2023:16:47:22 +0300] "GET /favicon.ico HTTP/1.1" 302 -
0:0:0:0:0:0:0:1 - - [04/Feb/2023:16:47:22 +0300] "GET /login HTTP/1.1" 200 1525
0:0:0:0:0:0:0:1 - - [04/Feb/2023:16:47:41 +0300] "GET /signup HTTP/1.1" 302 -
0:0:0:0:0:0:0:1 - - [04/Feb/2023:16:47:41 +0300] "GET /login HTTP/1.1" 200 1525
0:0:0:0:0:0:0:1 - - [04/Feb/2023:16:47:41 +0300] "GET /favicon.ico HTTP/1.1" 302 -
0:0:0:0:0:0:0:1 - - [04/Feb/2023:16:47:41 +0300] "GET /login HTTP/1.1" 200 1525
0:0:0:0:0:0:0:1 - - [04/Feb/2023:16:47:43 +0300] "GET /signup HTTP/1.1" 302 -
0:0:0:0:0:0:0:1 - - [04/Feb/2023:16:47:43 +0300] "GET /login HTTP/1.1" 200 1525
0:0:0:0:0:0:0:1 - - [04/Feb/2023:16:47:43 +0300] "GET /favicon.ico HTTP/1.1" 302 -
0:0:0:0:0:0:0:1 - - [04/Feb/2023:16:47:43 +0300] "GET /login HTTP/1.1" 200 1525
0:0:0:0:0:0:0:1 - - [04/Feb/2023:16:47:44 +0300] "GET /forgotPassword HTTP/1.1" 302 -
0:0:0:0:0:0:0:1 - - [04/Feb/2023:16:47:44 +0300] "GET /login HTTP/1.1" 200 1525
0:0:0:0:0:0:0:1 - - [04/Feb/2023:16:47:44 +0300] "GET /favicon.ico HTTP/1.1" 302 -
0:0:0:0:0:0:0:1 - - [04/Feb/2023:16:47:44 +0300] "GET /login HTTP/1.1" 200 1525
0:0:0:0:0:0:0:1 - - [04/Feb/2023:16:47:47 +0300] "POST /doLogin HTTP/1.1" 302 -
0:0:0:0:0:0:0:1 - - [04/Feb/2023:16:47:47 +0300] "GET /login?error HTTP/1.1" 200 1578
0:0:0:0:0:0:0:1 - - [04/Feb/2023:16:47:47 +0300] "GET /favicon.ico HTTP/1.1" 302 -
0:0:0:0:0:0:0:1 - - [04/Feb/2023:16:47:47 +0300] "GET /login HTTP/1.1" 200 1525
0:0:0:0:0:0:0:1 - - [04/Feb/2023:16:47:53 +0300] "POST /doLogin HTTP/1.1" 302 -
0:0:0:0:0:0:0:1 - - [04/Feb/2023:16:47:53 +0300] "GET /forgotPassword HTTP/1.1" 403 295
0:0:0:0:0:0:0:1 - - [04/Feb/2023:16:47:54 +0300] "GET /favicon.ico HTTP/1.1" 200 1150
0:0:0:0:0:0:0:1 - - [04/Feb/2023:16:47:56 +0300] "GET /login?error HTTP/1.1" 500 14215
0:0:0:0:0:0:0:1 - - [04/Feb/2023:16:52:11 +0300] "GET /login HTTP/1.1" 200 1525
0:0:0:0:0:0:0:1 - - [04/Feb/2023:16:52:11 +0300] "GET /favicon.ico HTTP/1.1" 200 1150
0:0:0:0:0:0:0:1 - - [04/Feb/2023:16:52:12 +0300] "GET /signup HTTP/1.1" 200 1654
0:0:0:0:0:0:0:1 - - [04/Feb/2023:16:52:13 +0300] "GET /login HTTP/1.1" 200 1525
0:0:0:0:0:0:0:1 - - [04/Feb/2023:16:52:14 +0300] "GET /forgotPassword HTTP/1.1" 200 818
0:0:0:0:0:0:0:1 - - [04/Feb/2023:16:52:15 +0300] "GET /login HTTP/1.1" 200 1525
0:0:0:0:0:0:0:1 - - [04/Feb/2023:16:52:20 +0300] "POST /doLogin HTTP/1.1" 302 -
0:0:0:0:0:0:0:1 - - [04/Feb/2023:16:52:20 +0300] "GET / HTTP/1.1" 302 -
0:0:0:0:0:0:0:1 - - [04/Feb/2023:16:52:20 +0300] "GET /user HTTP/1.1" 200 1230
0:0:0:0:0:0:0:1 - - [04/Feb/2023:16:52:23 +0300] "GET /user/1 HTTP/1.1" 200 1197
0:0:0:0:0:0:0:1 - - [04/Feb/2023:16:52:24 +0300] "GET /user/delete/1 HTTP/1.1" 302 -
0:0:0:0:0:0:0:1 - - [04/Feb/2023:16:52:24 +0300] "GET / HTTP/1.1" 302 -
0:0:0:0:0:0:0:1 - - [04/Feb/2023:16:52:24 +0300] "GET /user HTTP/1.1" 200 1152
0:0:0:0:0:0:0:1 - - [04/Feb/2023:16:52:33 +0300] "GET /user/ HTTP/1.1" 200 1152
0:0:0:0:0:0:0:1 - - [04/Feb/2023:16:52:35 +0300] "GET / HTTP/1.1" 302 -
0:0:0:0:0:0:0:1 - - [04/Feb/2023:16:52:35 +0300] "GET /user HTTP/1.1" 200 1152
0:0:0:0:0:0:0:1 - - [04/Feb/2023:16:52:37 +0300] "GET /user/?form HTTP/1.1" 200 1490
0:0:0:0:0:0:0:1 - - [04/Feb/2023:16:52:43 +0300] "POST /user/?form HTTP/1.1" 302 -
0:0:0:0:0:0:0:1 - - [04/Feb/2023:16:52:43 +0300] "GET /user/2 HTTP/1.1" 200 1266
0:0:0:0:0:0:0:1 - - [04/Feb/2023:16:52:45 +0300] "GET /logout HTTP/1.1" 302 -
0:0:0:0:0:0:0:1 - - [04/Feb/2023:16:52:45 +0300] "GET /login?logout HTTP/1.1" 200 1589
0:0:0:0:0:0:0:1 - - [04/Feb/2023:16:52:51 +0300] "POST /doLogin HTTP/1.1" 302 -
0:0:0:0:0:0:0:1 - - [04/Feb/2023:16:52:51 +0300] "GET / HTTP/1.1" 302 -
0:0:0:0:0:0:0:1 - - [04/Feb/2023:16:52:51 +0300] "GET /user HTTP/1.1" 200 1229
0:0:0:0:0:0:0:1 - - [04/Feb/2023:16:52:53 +0300] "GET /logout HTTP/1.1" 302 -
0:0:0:0:0:0:0:1 - - [04/Feb/2023:16:52:53 +0300] "GET /login?logout HTTP/1.1" 200 1589
0:0:0:0:0:0:0:1 - - [04/Feb/2023:16:53:15 +0300] "POST /doLogin HTTP/1.1" 302 -
0:0:0:0:0:0:0:1 - - [04/Feb/2023:16:53:15 +0300] "GET / HTTP/1.1" 302 -
0:0:0:0:0:0:0:1 - - [04/Feb/2023:16:53:15 +0300] "GET /user HTTP/1.1" 200 1229
0:0:0:0:0:0:0:1 - - [04/Feb/2023:16:53:17 +0300] "GET /user/2 HTTP/1.1" 200 1196
0:0:0:0:0:0:0:1 - - [04/Feb/2023:16:53:19 +0300] "GET /user/delete/2 HTTP/1.1" 302 -
0:0:0:0:0:0:0:1 - - [04/Feb/2023:16:53:19 +0300] "GET / HTTP/1.1" 302 -
0:0:0:0:0:0:0:1 - - [04/Feb/2023:16:53:19 +0300] "GET /user HTTP/1.1" 200 1152
0:0:0:0:0:0:0:1 - - [04/Feb/2023:16:53:21 +0300] "GET /user/?form HTTP/1.1" 200 1490
0:0:0:0:0:0:0:1 - - [04/Feb/2023:16:53:26 +0300] "POST /user/?form HTTP/1.1" 302 -
0:0:0:0:0:0:0:1 - - [04/Feb/2023:16:53:26 +0300] "GET /user/3 HTTP/1.1" 200 1266
0:0:0:0:0:0:0:1 - - [04/Feb/2023:16:53:28 +0300] "GET /user/modify/3 HTTP/1.1" 200 1510
0:0:0:0:0:0:0:1 - - [04/Feb/2023:16:53:31 +0300] "GET /user/ HTTP/1.1" 200 1229
0:0:0:0:0:0:0:1 - - [04/Feb/2023:16:53:34 +0300] "GET /logout HTTP/1.1" 302 -
0:0:0:0:0:0:0:1 - - [04/Feb/2023:16:53:34 +0300] "GET /login?logout HTTP/1.1" 200 1589
0:0:0:0:0:0:0:1 - - [04/Feb/2023:16:57:44 +0300] "GET /login?logout HTTP/1.1" 200 1589
0:0:0:0:0:0:0:1 - - [04/Feb/2023:16:57:44 +0300] "GET /favicon.ico HTTP/1.1" 302 -
0:0:0:0:0:0:0:1 - - [04/Feb/2023:16:57:44 +0300] "GET /login HTTP/1.1" 200 1525
0:0:0:0:0:0:0:1 - - [04/Feb/2023:16:57:48 +0300] "GET / HTTP/1.1" 302 -
0:0:0:0:0:0:0:1 - - [04/Feb/2023:16:57:48 +0300] "GET /login HTTP/1.1" 200 1525
0:0:0:0:0:0:0:1 - - [04/Feb/2023:16:57:48 +0300] "GET /favicon.ico HTTP/1.1" 302 -
0:0:0:0:0:0:0:1 - - [04/Feb/2023:16:57:48 +0300] "GET /login HTTP/1.1" 200 1525
0:0:0:0:0:0:0:1 - - [04/Feb/2023:16:57:53 +0300] "POST /doLogin HTTP/1.1" 302 -
0:0:0:0:0:0:0:1 - - [04/Feb/2023:16:57:53 +0300] "GET / HTTP/1.1" 302 -
0:0:0:0:0:0:0:1 - - [04/Feb/2023:16:57:53 +0300] "GET /user HTTP/1.1" 200 1229
0:0:0:0:0:0:0:1 - - [04/Feb/2023:16:57:53 +0300] "GET /favicon.ico HTTP/1.1" 200 1150
0:0:0:0:0:0:0:1 - - [04/Feb/2023:16:57:54 +0300] "GET /user/3 HTTP/1.1" 200 1196
0:0:0:0:0:0:0:1 - - [04/Feb/2023:16:57:55 +0300] "GET /user/delete/3 HTTP/1.1" 302 -
0:0:0:0:0:0:0:1 - - [04/Feb/2023:16:57:55 +0300] "GET / HTTP/1.1" 302 -
0:0:0:0:0:0:0:1 - - [04/Feb/2023:16:57:55 +0300] "GET /user HTTP/1.1" 200 1152
0:0:0:0:0:0:0:1 - - [04/Feb/2023:16:57:58 +0300] "GET /user/?form HTTP/1.1" 200 1490
0:0:0:0:0:0:0:1 - - [04/Feb/2023:16:58:02 +0300] "POST /user/?form HTTP/1.1" 302 -
0:0:0:0:0:0:0:1 - - [04/Feb/2023:16:58:02 +0300] "GET /user/4 HTTP/1.1" 200 1266
0:0:0:0:0:0:0:1 - - [04/Feb/2023:17:01:52 +0300] "GET /logout HTTP/1.1" 302 -
0:0:0:0:0:0:0:1 - - [04/Feb/2023:17:01:52 +0300] "GET /login?logout HTTP/1.1" 200 1589
0:0:0:0:0:0:0:1 - - [04/Feb/2023:17:01:55 +0300] "POST /doLogin HTTP/1.1" 302 -
0:0:0:0:0:0:0:1 - - [04/Feb/2023:17:01:55 +0300] "GET / HTTP/1.1" 302 -
0:0:0:0:0:0:0:1 - - [04/Feb/2023:17:01:56 +0300] "GET /user HTTP/1.1" 200 1229
0:0:0:0:0:0:0:1 - - [04/Feb/2023:17:01:57 +0300] "GET /user/4 HTTP/1.1" 200 1196
0:0:0:0:0:0:0:1 - - [04/Feb/2023:17:01:58 +0300] "GET /user/modify/4 HTTP/1.1" 403 295
0:0:0:0:0:0:0:1 - - [04/Feb/2023:17:02:01 +0300] "GET /user/4 HTTP/1.1" 200 1196
0:0:0:0:0:0:0:1 - - [04/Feb/2023:17:02:02 +0300] "GET /user/delete/4 HTTP/1.1" 302 -
0:0:0:0:0:0:0:1 - - [04/Feb/2023:17:02:02 +0300] "GET / HTTP/1.1" 302 -
0:0:0:0:0:0:0:1 - - [04/Feb/2023:17:02:02 +0300] "GET /user HTTP/1.1" 200 1152
0:0:0:0:0:0:0:1 - - [04/Feb/2023:17:02:14 +0300] "GET /user/?form HTTP/1.1" 200 1490
0:0:0:0:0:0:0:1 - - [04/Feb/2023:17:02:19 +0300] "POST /user/?form HTTP/1.1" 302 -
0:0:0:0:0:0:0:1 - - [04/Feb/2023:17:02:19 +0300] "GET /user/5 HTTP/1.1" 200 1266
0:0:0:0:0:0:0:1 - - [04/Feb/2023:17:02:20 +0300] "GET /logout HTTP/1.1" 302 -
0:0:0:0:0:0:0:1 - - [04/Feb/2023:17:02:20 +0300] "GET /login?logout HTTP/1.1" 200 1589
0:0:0:0:0:0:0:1 - - [04/Feb/2023:17:02:36 +0300] "POST /doLogin HTTP/1.1" 302 -
0:0:0:0:0:0:0:1 - - [04/Feb/2023:17:02:36 +0300] "GET / HTTP/1.1" 302 -
0:0:0:0:0:0:0:1 - - [04/Feb/2023:17:02:36 +0300] "GET /user HTTP/1.1" 200 1229
0:0:0:0:0:0:0:1 - - [04/Feb/2023:17:02:38 +0300] "GET /user/5 HTTP/1.1" 200 1196
0:0:0:0:0:0:0:1 - - [04/Feb/2023:17:02:40 +0300] "GET /user/delete/5 HTTP/1.1" 403 295
0:0:0:0:0:0:0:1 - - [04/Feb/2023:17:02:41 +0300] "GET /user/5 HTTP/1.1" 200 1196
0:0:0:0:0:0:0:1 - - [04/Feb/2023:17:02:42 +0300] "GET /user/delete/5 HTTP/1.1" 403 295
0:0:0:0:0:0:0:1 - - [04/Feb/2023:17:02:43 +0300] "GET /user/5 HTTP/1.1" 200 1196
0:0:0:0:0:0:0:1 - - [04/Feb/2023:17:02:44 +0300] "GET /user/5 HTTP/1.1" 200 1196
0:0:0:0:0:0:0:1 - - [04/Feb/2023:17:02:44 +0300] "GET /favicon.ico HTTP/1.1" 200 1150
0:0:0:0:0:0:0:1 - - [04/Feb/2023:17:03:01 +0300] "GET /logout HTTP/1.1" 302 -
0:0:0:0:0:0:0:1 - - [04/Feb/2023:17:03:01 +0300] "GET /login?logout HTTP/1.1" 200 1589
0:0:0:0:0:0:0:1 - - [04/Feb/2023:17:03:02 +0300] "GET /signup HTTP/1.1" 200 1654
0:0:0:0:0:0:0:1 - - [04/Feb/2023:17:03:04 +0300] "POST /user/register HTTP/1.1" 200 1853
0:0:0:0:0:0:0:1 - - [04/Feb/2023:17:03:05 +0300] "GET /signup HTTP/1.1" 200 1654
0:0:0:0:0:0:0:1 - - [04/Feb/2023:17:03:06 +0300] "GET /login?logout HTTP/1.1" 200 1589
0:0:0:0:0:0:0:1 - - [04/Feb/2023:17:03:08 +0300] "GET /forgotPassword HTTP/1.1" 200 818
0:0:0:0:0:0:0:1 - - [04/Feb/2023:17:03:09 +0300] "GET /login?logout HTTP/1.1" 200 1589
0:0:0:0:0:0:0:1 - - [04/Feb/2023:17:03:10 +0300] "POST /doLogin HTTP/1.1" 302 -
0:0:0:0:0:0:0:1 - - [04/Feb/2023:17:03:10 +0300] "GET /login?error HTTP/1.1" 200 1578
0:0:0:0:0:0:0:1 - - [04/Feb/2023:17:03:13 +0300] "POST /doLogin HTTP/1.1" 302 -
0:0:0:0:0:0:0:1 - - [04/Feb/2023:17:03:13 +0300] "GET / HTTP/1.1" 302 -
0:0:0:0:0:0:0:1 - - [04/Feb/2023:17:03:14 +0300] "GET /user HTTP/1.1" 200 1229
0:0:0:0:0:0:0:1 - - [04/Feb/2023:17:03:16 +0300] "GET /user/5 HTTP/1.1" 200 1196
0:0:0:0:0:0:0:1 - - [04/Feb/2023:17:03:17 +0300] "GET /user/modify/5 HTTP/1.1" 403 295
0:0:0:0:0:0:0:1 - - [04/Feb/2023:17:03:18 +0300] "GET /user/5 HTTP/1.1" 200 1196
0:0:0:0:0:0:0:1 - - [04/Feb/2023:17:04:37 +0300] "GET /logout HTTP/1.1" 302 -
0:0:0:0:0:0:0:1 - - [04/Feb/2023:17:04:37 +0300] "GET /login?logout HTTP/1.1" 200 1589
0:0:0:0:0:0:0:1 - - [04/Feb/2023:17:04:42 +0300] "POST /doLogin HTTP/1.1" 302 -
0:0:0:0:0:0:0:1 - - [04/Feb/2023:17:04:42 +0300] "GET / HTTP/1.1" 302 -
0:0:0:0:0:0:0:1 - - [04/Feb/2023:17:04:42 +0300] "GET /user HTTP/1.1" 200 1229
0:0:0:0:0:0:0:1 - - [04/Feb/2023:17:04:44 +0300] "GET /user/5 HTTP/1.1" 200 1196
0:0:0:0:0:0:0:1 - - [04/Feb/2023:17:04:45 +0300] "GET /user/modify/5 HTTP/1.1" 200 1510
0:0:0:0:0:0:0:1 - - [04/Feb/2023:17:04:52 +0300] "POST /user/?form HTTP/1.1" 302 -
0:0:0:0:0:0:0:1 - - [04/Feb/2023:17:04:52 +0300] "GET /user/5 HTTP/1.1" 200 1264
0:0:0:0:0:0:0:1 - - [04/Feb/2023:17:04:54 +0300] "GET /user/delete/5 HTTP/1.1" 403 295
0:0:0:0:0:0:0:1 - - [04/Feb/2023:17:04:55 +0300] "GET /user/5 HTTP/1.1" 200 1196
0:0:0:0:0:0:0:1 - - [04/Feb/2023:17:16:41 +0300] "GET /user/ HTTP/1.1" 200 1229
0:0:0:0:0:0:0:1 - - [04/Feb/2023:17:25:30 +0300] "GET /user/ HTTP/1.1" 200 1291
0:0:0:0:0:0:0:1 - - [04/Feb/2023:17:25:31 +0300] "GET /favicon.ico HTTP/1.1" 200 1150
0:0:0:0:0:0:0:1 - - [04/Feb/2023:17:25:32 +0300] "GET /secured HTTP/1.1" 200 829
0:0:0:0:0:0:0:1 - - [04/Feb/2023:17:25:34 +0300] "GET /user/ HTTP/1.1" 200 1291
0:0:0:0:0:0:0:1 - - [04/Feb/2023:17:25:43 +0300] "GET / HTTP/1.1" 302 -
0:0:0:0:0:0:0:1 - - [04/Feb/2023:17:25:43 +0300] "GET /user HTTP/1.1" 200 1291
0:0:0:0:0:0:0:1 - - [04/Feb/2023:17:25:44 +0300] "GET /user/ HTTP/1.1" 200 1291
0:0:0:0:0:0:0:1 - - [04/Feb/2023:17:25:46 +0300] "GET / HTTP/1.1" 302 -
0:0:0:0:0:0:0:1 - - [04/Feb/2023:17:25:46 +0300] "GET /user HTTP/1.1" 200 1291
0:0:0:0:0:0:0:1 - - [04/Feb/2023:17:25:47 +0300] "GET /secured HTTP/1.1" 200 829
0:0:0:0:0:0:0:1 - - [04/Feb/2023:17:25:48 +0300] "GET / HTTP/1.1" 302 -
0:0:0:0:0:0:0:1 - - [04/Feb/2023:17:25:48 +0300] "GET /user HTTP/1.1" 200 1291
0:0:0:0:0:0:0:1 - - [04/Feb/2023:17:28:21 +0300] "GET / HTTP/1.1" 302 -
0:0:0:0:0:0:0:1 - - [04/Feb/2023:17:28:21 +0300] "GET /user HTTP/1.1" 200 1291
0:0:0:0:0:0:0:1 - - [04/Feb/2023:17:28:22 +0300] "GET / HTTP/1.1" 302 -
0:0:0:0:0:0:0:1 - - [04/Feb/2023:17:28:22 +0300] "GET /user HTTP/1.1" 200 1291
0:0:0:0:0:0:0:1 - - [04/Feb/2023:17:28:24 +0300] "GET / HTTP/1.1" 302 -
0:0:0:0:0:0:0:1 - - [04/Feb/2023:17:28:24 +0300] "GET /user HTTP/1.1" 200 1291
0:0:0:0:0:0:0:1 - - [04/Feb/2023:17:32:20 +0300] "GET /secured HTTP/1.1" 200 829
0:0:0:0:0:0:0:1 - - [04/Feb/2023:17:32:21 +0300] "GET / HTTP/1.1" 302 -
0:0:0:0:0:0:0:1 - - [04/Feb/2023:17:32:21 +0300] "GET /user HTTP/1.1" 200 1291
0:0:0:0:0:0:0:1 - - [04/Feb/2023:17:33:13 +0300] "GET /secured HTTP/1.1" 200 829
0:0:0:0:0:0:0:1 - - [04/Feb/2023:17:34:38 +0300] "GET /secured HTTP/1.1" 200 829
0:0:0:0:0:0:0:1 - - [04/Feb/2023:17:34:38 +0300] "GET /favicon.ico HTTP/1.1" 200 1150
0:0:0:0:0:0:0:1 - - [04/Feb/2023:17:34:39 +0300] "GET /secured HTTP/1.1" 200 829
0:0:0:0:0:0:0:1 - - [04/Feb/2023:17:34:39 +0300] "GET /favicon.ico HTTP/1.1" 200 1150
0:0:0:0:0:0:0:1 - - [04/Feb/2023:17:34:56 +0300] "GET /secured HTTP/1.1" 403 295
0:0:0:0:0:0:0:1 - - [04/Feb/2023:17:34:59 +0300] "GET /user HTTP/1.1" 200 1291
0:0:0:0:0:0:0:1 - - [04/Feb/2023:17:36:14 +0300] "GET /logout HTTP/1.1" 302 -
0:0:0:0:0:0:0:1 - - [04/Feb/2023:17:36:14 +0300] "GET /login?logout HTTP/1.1" 200 1589
0:0:0:0:0:0:0:1 - - [04/Feb/2023:17:36:18 +0300] "POST /doLogin HTTP/1.1" 302 -
0:0:0:0:0:0:0:1 - - [04/Feb/2023:17:36:18 +0300] "GET / HTTP/1.1" 302 -
0:0:0:0:0:0:0:1 - - [04/Feb/2023:17:36:18 +0300] "GET /user HTTP/1.1" 200 1291
0:0:0:0:0:0:0:1 - - [04/Feb/2023:17:36:19 +0300] "GET /secured HTTP/1.1" 200 829
0:0:0:0:0:0:0:1 - - [04/Feb/2023:17:36:22 +0300] "GET /user HTTP/1.1" 200 1291
0:0:0:0:0:0:0:1 - - [04/Feb/2023:17:36:51 +0300] "GET /secured HTTP/1.1" 403 295
0:0:0:0:0:0:0:1 - - [04/Feb/2023:17:36:53 +0300] "GET /secured HTTP/1.1" 403 295
0:0:0:0:0:0:0:1 - - [04/Feb/2023:17:36:53 +0300] "GET /favicon.ico HTTP/1.1" 200 1150
0:0:0:0:0:0:0:1 - - [04/Feb/2023:17:37:06 +0300] "GET /secured HTTP/1.1" 200 829
0:0:0:0:0:0:0:1 - - [04/Feb/2023:17:37:06 +0300] "GET /favicon.ico HTTP/1.1" 200 1150
0:0:0:0:0:0:0:1 - - [04/Feb/2023:17:37:32 +0300] "GET /secured HTTP/1.1" 403 295
0:0:0:0:0:0:0:1 - - [04/Feb/2023:17:37:32 +0300] "GET /favicon.ico HTTP/1.1" 200 1150
0:0:0:0:0:0:0:1 - - [04/Feb/2023:17:37:36 +0300] "GET /user HTTP/1.1" 200 1291
0:0:0:0:0:0:0:1 - - [04/Feb/2023:17:41:36 +0300] "GET /user HTTP/1.1" 200 1291
0:0:0:0:0:0:0:1 - - [04/Feb/2023:17:41:36 +0300] "GET /favicon.ico HTTP/1.1" 200 1150
0:0:0:0:0:0:0:1 - - [04/Feb/2023:17:41:38 +0300] "GET /secured HTTP/1.1" 200 829
0:0:0:0:0:0:0:1 - - [04/Feb/2023:17:43:08 +0300] "GET /secured HTTP/1.1" 403 295
0:0:0:0:0:0:0:1 - - [04/Feb/2023:17:43:10 +0300] "GET /user HTTP/1.1" 200 1291
0:0:0:0:0:0:0:1 - - [04/Feb/2023:17:43:12 +0300] "GET /secured HTTP/1.1" 403 295
0:0:0:0:0:0:0:1 - - [04/Feb/2023:17:43:33 +0300] "GET /secured HTTP/1.1" 200 829
0:0:0:0:0:0:0:1 - - [04/Feb/2023:17:43:33 +0300] "GET /favicon.ico HTTP/1.1" 200 1150
0:0:0:0:0:0:0:1 - - [04/Feb/2023:17:43:34 +0300] "GET /secured HTTP/1.1" 200 829
