0:0:0:0:0:0:0:1 - - [11/Dec/2022:09:38:04 +0300] "GET / HTTP/1.1" 302 -
0:0:0:0:0:0:0:1 - - [11/Dec/2022:09:38:04 +0300] "GET /login HTTP/1.1" 200 1158
0:0:0:0:0:0:0:1 - - [11/Dec/2022:09:38:06 +0300] "GET /signup HTTP/1.1" 200 1810
0:0:0:0:0:0:0:1 - - [11/Dec/2022:09:38:13 +0300] "POST /user/register HTTP/1.1" 500 12133
0:0:0:0:0:0:0:1 - - [11/Dec/2022:09:41:29 +0300] "GET /signup HTTP/1.1" 200 1810
0:0:0:0:0:0:0:1 - - [11/Dec/2022:09:41:35 +0300] "POST /user/register HTTP/1.1" 500 12133
0:0:0:0:0:0:0:1 - - [11/Dec/2022:09:44:44 +0300] "GET /signup HTTP/1.1" 200 1810
0:0:0:0:0:0:0:1 - - [11/Dec/2022:09:44:49 +0300] "POST /user/register HTTP/1.1" 500 12133
0:0:0:0:0:0:0:1 - - [11/Dec/2022:09:44:51 +0300] "GET /signup HTTP/1.1" 200 1810
0:0:0:0:0:0:0:1 - - [11/Dec/2022:09:44:54 +0300] "GET /signup HTTP/1.1" 200 1810
0:0:0:0:0:0:0:1 - - [11/Dec/2022:09:44:54 +0300] "GET /favicon.ico HTTP/1.1" 302 -
0:0:0:0:0:0:0:1 - - [11/Dec/2022:09:44:54 +0300] "GET /login HTTP/1.1" 200 1158
0:0:0:0:0:0:0:1 - - [11/Dec/2022:09:44:56 +0300] "POST /user/register HTTP/1.1" 500 12133
0:0:0:0:0:0:0:1 - - [11/Dec/2022:09:44:56 +0300] "GET /favicon.ico HTTP/1.1" 302 -
0:0:0:0:0:0:0:1 - - [11/Dec/2022:09:44:56 +0300] "GET /login HTTP/1.1" 200 1158
0:0:0:0:0:0:0:1 - - [11/Dec/2022:09:45:10 +0300] "GET /signup HTTP/1.1" 200 1810
0:0:0:0:0:0:0:1 - - [11/Dec/2022:09:45:11 +0300] "GET /favicon.ico HTTP/1.1" 302 -
0:0:0:0:0:0:0:1 - - [11/Dec/2022:09:45:11 +0300] "GET /login HTTP/1.1" 200 1158
0:0:0:0:0:0:0:1 - - [11/Dec/2022:09:47:12 +0300] "POST /user/register HTTP/1.1" 500 12133
0:0:0:0:0:0:0:1 - - [11/Dec/2022:09:47:12 +0300] "GET /favicon.ico HTTP/1.1" 302 -
0:0:0:0:0:0:0:1 - - [11/Dec/2022:09:47:12 +0300] "GET /login HTTP/1.1" 200 1158
0:0:0:0:0:0:0:1 - - [11/Dec/2022:09:47:41 +0300] "GET /signup HTTP/1.1" 200 1810
0:0:0:0:0:0:0:1 - - [11/Dec/2022:09:47:41 +0300] "GET /favicon.ico HTTP/1.1" 302 -
0:0:0:0:0:0:0:1 - - [11/Dec/2022:09:47:41 +0300] "GET /login HTTP/1.1" 200 1158
0:0:0:0:0:0:0:1 - - [11/Dec/2022:09:47:46 +0300] "POST /user/register HTTP/1.1" 500 12133
0:0:0:0:0:0:0:1 - - [11/Dec/2022:09:47:46 +0300] "GET /favicon.ico HTTP/1.1" 302 -
0:0:0:0:0:0:0:1 - - [11/Dec/2022:09:47:46 +0300] "GET /login HTTP/1.1" 200 1158
0:0:0:0:0:0:0:1 - - [11/Dec/2022:09:48:37 +0300] "GET /signup HTTP/1.1" 200 1810
0:0:0:0:0:0:0:1 - - [11/Dec/2022:09:48:37 +0300] "GET /favicon.ico HTTP/1.1" 302 -
0:0:0:0:0:0:0:1 - - [11/Dec/2022:09:48:37 +0300] "GET /login HTTP/1.1" 200 1158
0:0:0:0:0:0:0:1 - - [11/Dec/2022:09:48:38 +0300] "GET /signup HTTP/1.1" 200 1810
0:0:0:0:0:0:0:1 - - [11/Dec/2022:09:48:38 +0300] "GET /favicon.ico HTTP/1.1" 302 -
0:0:0:0:0:0:0:1 - - [11/Dec/2022:09:48:38 +0300] "GET /login HTTP/1.1" 200 1158
0:0:0:0:0:0:0:1 - - [11/Dec/2022:09:48:42 +0300] "POST /user/register HTTP/1.1" 500 12133
0:0:0:0:0:0:0:1 - - [11/Dec/2022:09:48:42 +0300] "GET /favicon.ico HTTP/1.1" 302 -
0:0:0:0:0:0:0:1 - - [11/Dec/2022:09:48:42 +0300] "GET /login HTTP/1.1" 200 1158
0:0:0:0:0:0:0:1 - - [11/Dec/2022:09:50:58 +0300] "GET /signup HTTP/1.1" 200 1810
0:0:0:0:0:0:0:1 - - [11/Dec/2022:09:50:58 +0300] "GET /favicon.ico HTTP/1.1" 302 -
0:0:0:0:0:0:0:1 - - [11/Dec/2022:09:50:58 +0300] "GET /login HTTP/1.1" 200 1158
0:0:0:0:0:0:0:1 - - [11/Dec/2022:09:50:58 +0300] "GET /signup HTTP/1.1" 200 1810
0:0:0:0:0:0:0:1 - - [11/Dec/2022:09:50:58 +0300] "GET /favicon.ico HTTP/1.1" 302 -
0:0:0:0:0:0:0:1 - - [11/Dec/2022:09:50:59 +0300] "GET /login HTTP/1.1" 200 1158
0:0:0:0:0:0:0:1 - - [11/Dec/2022:09:51:03 +0300] "POST /user/register HTTP/1.1" 500 12133
0:0:0:0:0:0:0:1 - - [11/Dec/2022:09:51:03 +0300] "GET /favicon.ico HTTP/1.1" 302 -
0:0:0:0:0:0:0:1 - - [11/Dec/2022:09:51:03 +0300] "GET /login HTTP/1.1" 200 1158
0:0:0:0:0:0:0:1 - - [11/Dec/2022:09:53:56 +0300] "GET /signup HTTP/1.1" 200 1810
0:0:0:0:0:0:0:1 - - [11/Dec/2022:09:53:56 +0300] "GET /favicon.ico HTTP/1.1" 302 -
0:0:0:0:0:0:0:1 - - [11/Dec/2022:09:53:56 +0300] "GET /login HTTP/1.1" 200 1158
0:0:0:0:0:0:0:1 - - [11/Dec/2022:09:54:00 +0300] "POST /user/register HTTP/1.1" 500 12133
0:0:0:0:0:0:0:1 - - [11/Dec/2022:09:54:01 +0300] "GET /favicon.ico HTTP/1.1" 302 -
0:0:0:0:0:0:0:1 - - [11/Dec/2022:09:54:01 +0300] "GET /login HTTP/1.1" 200 1158
0:0:0:0:0:0:0:1 - - [11/Dec/2022:09:54:54 +0300] "POST /user/register HTTP/1.1" 500 12133
0:0:0:0:0:0:0:1 - - [11/Dec/2022:09:54:54 +0300] "GET /favicon.ico HTTP/1.1" 302 -
0:0:0:0:0:0:0:1 - - [11/Dec/2022:09:54:54 +0300] "GET /login HTTP/1.1" 200 1158
0:0:0:0:0:0:0:1 - - [11/Dec/2022:09:54:55 +0300] "GET /signup HTTP/1.1" 200 1810
0:0:0:0:0:0:0:1 - - [11/Dec/2022:09:54:55 +0300] "GET /favicon.ico HTTP/1.1" 302 -
0:0:0:0:0:0:0:1 - - [11/Dec/2022:09:54:55 +0300] "GET /login HTTP/1.1" 200 1158
0:0:0:0:0:0:0:1 - - [11/Dec/2022:09:54:59 +0300] "POST /user/register HTTP/1.1" 500 12133
0:0:0:0:0:0:0:1 - - [11/Dec/2022:09:54:59 +0300] "GET /favicon.ico HTTP/1.1" 302 -
0:0:0:0:0:0:0:1 - - [11/Dec/2022:09:54:59 +0300] "GET /login HTTP/1.1" 200 1158
0:0:0:0:0:0:0:1 - - [11/Dec/2022:10:04:54 +0300] "GET /signup HTTP/1.1" 200 1810
0:0:0:0:0:0:0:1 - - [11/Dec/2022:10:04:54 +0300] "GET /favicon.ico HTTP/1.1" 302 -
0:0:0:0:0:0:0:1 - - [11/Dec/2022:10:04:54 +0300] "GET /login HTTP/1.1" 200 1158
0:0:0:0:0:0:0:1 - - [11/Dec/2022:10:13:28 +0300] "GET /signup HTTP/1.1" 200 1810
0:0:0:0:0:0:0:1 - - [11/Dec/2022:10:13:28 +0300] "GET /favicon.ico HTTP/1.1" 302 -
0:0:0:0:0:0:0:1 - - [11/Dec/2022:10:13:28 +0300] "GET /login HTTP/1.1" 200 1158
0:0:0:0:0:0:0:1 - - [11/Dec/2022:10:13:32 +0300] "POST /user/register HTTP/1.1" 500 17425
0:0:0:0:0:0:0:1 - - [11/Dec/2022:10:13:33 +0300] "GET /favicon.ico HTTP/1.1" 302 -
0:0:0:0:0:0:0:1 - - [11/Dec/2022:10:13:33 +0300] "GET /login HTTP/1.1" 200 1158
