0:0:0:0:0:0:0:1 - - [14/Feb/2023:23:04:06 +0300] "GET / HTTP/1.1" 302 -
0:0:0:0:0:0:0:1 - - [14/Feb/2023:23:04:06 +0300] "GET /login HTTP/1.1" 200 1525
0:0:0:0:0:0:0:1 - - [14/Feb/2023:23:04:12 +0300] "GET /login HTTP/1.1" 200 1525
0:0:0:0:0:0:0:1 - - [14/Feb/2023:23:04:13 +0300] "GET /favicon.ico HTTP/1.1" 302 -
0:0:0:0:0:0:0:1 - - [14/Feb/2023:23:04:13 +0300] "GET /login HTTP/1.1" 200 1525
0:0:0:0:0:0:0:1 - - [14/Feb/2023:23:04:24 +0300] "GET / HTTP/1.1" 302 -
0:0:0:0:0:0:0:1 - - [14/Feb/2023:23:04:24 +0300] "GET /login HTTP/1.1" 200 1525
0:0:0:0:0:0:0:1 - - [14/Feb/2023:23:04:25 +0300] "GET /favicon.ico HTTP/1.1" 302 -
0:0:0:0:0:0:0:1 - - [14/Feb/2023:23:04:25 +0300] "GET /login HTTP/1.1" 200 1525
0:0:0:0:0:0:0:1 - - [14/Feb/2023:23:04:38 +0300] "POST /doLogin HTTP/1.1" 302 -
0:0:0:0:0:0:0:1 - - [14/Feb/2023:23:04:38 +0300] "GET / HTTP/1.1" 302 -
0:0:0:0:0:0:0:1 - - [14/Feb/2023:23:04:39 +0300] "GET /user HTTP/1.1" 200 1432
0:0:0:0:0:0:0:1 - - [14/Feb/2023:23:04:39 +0300] "GET /favicon.ico HTTP/1.1" 200 1150
0:0:0:0:0:0:0:1 - - [14/Feb/2023:23:04:46 +0300] "GET /secured HTTP/1.1" 200 829
0:0:0:0:0:0:0:1 - - [14/Feb/2023:23:04:54 +0300] "GET /secured HTTP/1.1" 200 829
0:0:0:0:0:0:0:1 - - [14/Feb/2023:23:04:54 +0300] "GET / HTTP/1.1" 302 -
0:0:0:0:0:0:0:1 - - [14/Feb/2023:23:04:54 +0300] "GET /user HTTP/1.1" 200 1432
0:0:0:0:0:0:0:1 - - [14/Feb/2023:23:04:55 +0300] "GET /user/ HTTP/1.1" 200 1432
0:0:0:0:0:0:0:1 - - [14/Feb/2023:23:05:10 +0300] "GET / HTTP/1.1" 302 -
0:0:0:0:0:0:0:1 - - [14/Feb/2023:23:05:10 +0300] "GET /user HTTP/1.1" 200 1432
0:0:0:0:0:0:0:1 - - [14/Feb/2023:23:05:28 +0300] "GET / HTTP/1.1" 302 -
0:0:0:0:0:0:0:1 - - [14/Feb/2023:23:05:28 +0300] "GET /user HTTP/1.1" 200 1432
0:0:0:0:0:0:0:1 - - [14/Feb/2023:23:05:28 +0300] "GET /user/ HTTP/1.1" 200 1432
0:0:0:0:0:0:0:1 - - [14/Feb/2023:23:05:32 +0300] "GET /user/5 HTTP/1.1" 200 1258
0:0:0:0:0:0:0:1 - - [14/Feb/2023:23:05:37 +0300] "GET / HTTP/1.1" 302 -
0:0:0:0:0:0:0:1 - - [14/Feb/2023:23:05:37 +0300] "GET /user HTTP/1.1" 200 1432
0:0:0:0:0:0:0:1 - - [14/Feb/2023:23:05:38 +0300] "GET /logout HTTP/1.1" 302 -
0:0:0:0:0:0:0:1 - - [14/Feb/2023:23:05:38 +0300] "GET /login?logout HTTP/1.1" 200 1589
0:0:0:0:0:0:0:1 - - [14/Feb/2023:23:05:48 +0300] "POST /doLogin HTTP/1.1" 302 -
0:0:0:0:0:0:0:1 - - [14/Feb/2023:23:05:48 +0300] "GET / HTTP/1.1" 302 -
0:0:0:0:0:0:0:1 - - [14/Feb/2023:23:05:48 +0300] "GET /user HTTP/1.1" 200 1432
127.0.0.1 - - [14/Feb/2023:23:06:31 +0300] "GET /logout HTTP/1.1" 302 -
127.0.0.1 - - [14/Feb/2023:23:06:31 +0300] "GET /login?logout HTTP/1.1" 200 1589
127.0.0.1 - - [14/Feb/2023:23:06:31 +0300] "GET /favicon.ico HTTP/1.1" 302 -
127.0.0.1 - - [14/Feb/2023:23:06:31 +0300] "GET /login HTTP/1.1" 200 1525
127.0.0.1 - - [14/Feb/2023:23:06:36 +0300] "POST /doLogin HTTP/1.1" 302 -
127.0.0.1 - - [14/Feb/2023:23:06:36 +0300] "GET / HTTP/1.1" 302 -
127.0.0.1 - - [14/Feb/2023:23:06:36 +0300] "GET /user HTTP/1.1" 200 1432
127.0.0.1 - - [14/Feb/2023:23:06:36 +0300] "GET /favicon.ico HTTP/1.1" 200 1150
0:0:0:0:0:0:0:1 - - [14/Feb/2023:23:07:38 +0300] "GET /logout HTTP/1.1" 302 -
0:0:0:0:0:0:0:1 - - [14/Feb/2023:23:07:38 +0300] "GET /login?logout HTTP/1.1" 200 1589
0:0:0:0:0:0:0:1 - - [14/Feb/2023:23:07:39 +0300] "GET /favicon.ico HTTP/1.1" 302 -
0:0:0:0:0:0:0:1 - - [14/Feb/2023:23:07:39 +0300] "GET /login HTTP/1.1" 200 1525
0:0:0:0:0:0:0:1 - - [14/Feb/2023:23:08:04 +0300] "GET /login? HTTP/1.1" 302 -
0:0:0:0:0:0:0:1 - - [14/Feb/2023:23:08:04 +0300] "GET /login HTTP/1.1" 200 1525
0:0:0:0:0:0:0:1 - - [14/Feb/2023:23:08:05 +0300] "GET /favicon.ico HTTP/1.1" 302 -
0:0:0:0:0:0:0:1 - - [14/Feb/2023:23:08:05 +0300] "GET /login HTTP/1.1" 200 1525
0:0:0:0:0:0:0:1 - - [14/Feb/2023:23:10:54 +0300] "POST /doLogin HTTP/1.1" 302 -
0:0:0:0:0:0:0:1 - - [14/Feb/2023:23:10:54 +0300] "GET /login? HTTP/1.1" 200 1525
0:0:0:0:0:0:0:1 - - [14/Feb/2023:23:10:55 +0300] "GET /favicon.ico HTTP/1.1" 200 1150
