0:0:0:0:0:0:0:1 - - [02/Dec/2022:23:16:12 +0300] "GET / HTTP/1.1" 302 -
0:0:0:0:0:0:0:1 - - [02/Dec/2022:23:16:13 +0300] "GET /login HTTP/1.1" 200 1158
0:0:0:0:0:0:0:1 - - [02/Dec/2022:23:16:15 +0300] "GET /signup HTTP/1.1" 302 -
0:0:0:0:0:0:0:1 - - [02/Dec/2022:23:16:15 +0300] "GET /login HTTP/1.1" 200 1158
0:0:0:0:0:0:0:1 - - [02/Dec/2022:23:29:15 +0300] "GET /login HTTP/1.1" 200 1158
0:0:0:0:0:0:0:1 - - [02/Dec/2022:23:29:15 +0300] "GET /favicon.ico HTTP/1.1" 302 -
0:0:0:0:0:0:0:1 - - [02/Dec/2022:23:29:15 +0300] "GET /login HTTP/1.1" 200 1158
0:0:0:0:0:0:0:1 - - [02/Dec/2022:23:29:17 +0300] "GET /signup HTTP/1.1" 200 1808
0:0:0:0:0:0:0:1 - - [02/Dec/2022:23:29:17 +0300] "GET /favicon.ico HTTP/1.1" 302 -
0:0:0:0:0:0:0:1 - - [02/Dec/2022:23:29:17 +0300] "GET /login HTTP/1.1" 200 1158
0:0:0:0:0:0:0:1 - - [02/Dec/2022:23:29:24 +0300] "POST /user/register HTTP/1.1" 200 1887
0:0:0:0:0:0:0:1 - - [02/Dec/2022:23:29:25 +0300] "GET /favicon.ico HTTP/1.1" 302 -
0:0:0:0:0:0:0:1 - - [02/Dec/2022:23:29:25 +0300] "GET /login HTTP/1.1" 200 1158
0:0:0:0:0:0:0:1 - - [02/Dec/2022:23:36:29 +0300] "POST /user/register HTTP/1.1" 302 -
0:0:0:0:0:0:0:1 - - [02/Dec/2022:23:36:29 +0300] "GET /login HTTP/1.1" 200 1158
0:0:0:0:0:0:0:1 - - [02/Dec/2022:23:36:29 +0300] "GET /favicon.ico HTTP/1.1" 302 -
0:0:0:0:0:0:0:1 - - [02/Dec/2022:23:36:29 +0300] "GET /login HTTP/1.1" 200 1158
0:0:0:0:0:0:0:1 - - [02/Dec/2022:23:36:30 +0300] "GET /signup HTTP/1.1" 200 1808
0:0:0:0:0:0:0:1 - - [02/Dec/2022:23:36:30 +0300] "GET /favicon.ico HTTP/1.1" 302 -
0:0:0:0:0:0:0:1 - - [02/Dec/2022:23:36:30 +0300] "GET /login HTTP/1.1" 200 1158
0:0:0:0:0:0:0:1 - - [02/Dec/2022:23:36:35 +0300] "POST /user/register HTTP/1.1" 302 -
0:0:0:0:0:0:0:1 - - [02/Dec/2022:23:36:35 +0300] "GET /login HTTP/1.1" 200 1158
0:0:0:0:0:0:0:1 - - [02/Dec/2022:23:36:35 +0300] "GET /favicon.ico HTTP/1.1" 302 -
0:0:0:0:0:0:0:1 - - [02/Dec/2022:23:36:35 +0300] "GET /login HTTP/1.1" 200 1158
0:0:0:0:0:0:0:1 - - [02/Dec/2022:23:36:43 +0300] "GET /signup HTTP/1.1" 200 1808
0:0:0:0:0:0:0:1 - - [02/Dec/2022:23:36:44 +0300] "GET /favicon.ico HTTP/1.1" 302 -
0:0:0:0:0:0:0:1 - - [02/Dec/2022:23:36:44 +0300] "GET /login HTTP/1.1" 200 1158
0:0:0:0:0:0:0:1 - - [02/Dec/2022:23:36:52 +0300] "POST /user/register HTTP/1.1" 302 -
0:0:0:0:0:0:0:1 - - [02/Dec/2022:23:36:52 +0300] "GET /login HTTP/1.1" 200 1158
0:0:0:0:0:0:0:1 - - [02/Dec/2022:23:36:52 +0300] "GET /favicon.ico HTTP/1.1" 302 -
0:0:0:0:0:0:0:1 - - [02/Dec/2022:23:36:52 +0300] "GET /login HTTP/1.1" 200 1158
0:0:0:0:0:0:0:1 - - [02/Dec/2022:23:36:58 +0300] "GET /signup HTTP/1.1" 200 1808
0:0:0:0:0:0:0:1 - - [02/Dec/2022:23:36:58 +0300] "GET /favicon.ico HTTP/1.1" 302 -
0:0:0:0:0:0:0:1 - - [02/Dec/2022:23:36:58 +0300] "GET /login HTTP/1.1" 200 1158
0:0:0:0:0:0:0:1 - - [02/Dec/2022:23:37:05 +0300] "POST /user/register HTTP/1.1" 302 -
0:0:0:0:0:0:0:1 - - [02/Dec/2022:23:37:05 +0300] "GET /login HTTP/1.1" 200 1158
0:0:0:0:0:0:0:1 - - [02/Dec/2022:23:37:05 +0300] "GET /favicon.ico HTTP/1.1" 302 -
0:0:0:0:0:0:0:1 - - [02/Dec/2022:23:37:05 +0300] "GET /login HTTP/1.1" 200 1158
0:0:0:0:0:0:0:1 - - [02/Dec/2022:23:39:26 +0300] "GET /login HTTP/1.1" 200 1158
0:0:0:0:0:0:0:1 - - [02/Dec/2022:23:39:26 +0300] "GET /favicon.ico HTTP/1.1" 302 -
0:0:0:0:0:0:0:1 - - [02/Dec/2022:23:39:26 +0300] "GET /login HTTP/1.1" 200 1158
0:0:0:0:0:0:0:1 - - [02/Dec/2022:23:39:28 +0300] "GET /signup HTTP/1.1" 200 1808
0:0:0:0:0:0:0:1 - - [02/Dec/2022:23:39:28 +0300] "GET /favicon.ico HTTP/1.1" 302 -
0:0:0:0:0:0:0:1 - - [02/Dec/2022:23:39:28 +0300] "GET /login HTTP/1.1" 200 1158
0:0:0:0:0:0:0:1 - - [02/Dec/2022:23:39:33 +0300] "POST /user/register HTTP/1.1" 200 1887
0:0:0:0:0:0:0:1 - - [02/Dec/2022:23:39:34 +0300] "GET /favicon.ico HTTP/1.1" 302 -
0:0:0:0:0:0:0:1 - - [02/Dec/2022:23:39:34 +0300] "GET /login HTTP/1.1" 200 1158
