0:0:0:0:0:0:0:1 - - [13/Feb/2023:09:03:54 +0300] "GET /logout HTTP/1.1" 302 -
0:0:0:0:0:0:0:1 - - [13/Feb/2023:09:05:03 +0300] "GET /logout HTTP/1.1" 302 -
0:0:0:0:0:0:0:1 - - [13/Feb/2023:09:05:03 +0300] "GET /logout HTTP/1.1" 302 -
0:0:0:0:0:0:0:1 - - [13/Feb/2023:09:07:29 +0300] "GET /login HTTP/1.1" 200 1525
0:0:0:0:0:0:0:1 - - [13/Feb/2023:09:07:29 +0300] "GET /login HTTP/1.1" 200 1525
0:0:0:0:0:0:0:1 - - [13/Feb/2023:09:07:29 +0300] "GET /login HTTP/1.1" 200 1525
0:0:0:0:0:0:0:1 - - [13/Feb/2023:09:07:47 +0300] "GET /favicon.ico HTTP/1.1" 302 -
0:0:0:0:0:0:0:1 - - [13/Feb/2023:09:46:38 +0300] "GET /login HTTP/1.1" 200 1525
0:0:0:0:0:0:0:1 - - [13/Feb/2023:09:46:38 +0300] "POST /doLogin HTTP/1.1" 302 -
0:0:0:0:0:0:0:1 - - [13/Feb/2023:09:46:45 +0300] "GET / HTTP/1.1" 302 -
0:0:0:0:0:0:0:1 - - [13/Feb/2023:09:46:45 +0300] "POST /doLogin HTTP/1.1" 302 -
0:0:0:0:0:0:0:1 - - [13/Feb/2023:09:46:47 +0300] "GET /login HTTP/1.1" 200 1525
0:0:0:0:0:0:0:1 - - [13/Feb/2023:09:46:48 +0300] "GET /favicon.ico HTTP/1.1" 302 -
0:0:0:0:0:0:0:1 - - [13/Feb/2023:09:46:48 +0300] "GET /login HTTP/1.1" 200 1525
0:0:0:0:0:0:0:1 - - [13/Feb/2023:09:47:21 +0300] "POST /doLogin HTTP/1.1" 302 -
0:0:0:0:0:0:0:1 - - [13/Feb/2023:09:47:22 +0300] "GET / HTTP/1.1" 302 -
0:0:0:0:0:0:0:1 - - [13/Feb/2023:09:47:24 +0300] "GET /user HTTP/1.1" 200 1432
0:0:0:0:0:0:0:1 - - [13/Feb/2023:09:47:26 +0300] "GET /favicon.ico HTTP/1.1" 200 1150
0:0:0:0:0:0:0:1 - - [13/Feb/2023:09:47:45 +0300] "GET /logout HTTP/1.1" 302 -
0:0:0:0:0:0:0:1 - - [13/Feb/2023:09:47:50 +0300] "GET /login?logout HTTP/1.1" 200 1589
0:0:0:0:0:0:0:1 - - [13/Feb/2023:10:25:47 +0300] "POST /doLogin HTTP/1.1" 302 -
0:0:0:0:0:0:0:1 - - [13/Feb/2023:10:25:49 +0300] "GET / HTTP/1.1" 302 -
0:0:0:0:0:0:0:1 - - [13/Feb/2023:10:25:50 +0300] "GET /user HTTP/1.1" 200 1432
0:0:0:0:0:0:0:1 - - [13/Feb/2023:10:26:07 +0300] "GET /logout HTTP/1.1" 302 -
0:0:0:0:0:0:0:1 - - [13/Feb/2023:10:26:11 +0300] "GET /login?logout HTTP/1.1" 200 1589
0:0:0:0:0:0:0:1 - - [13/Feb/2023:10:29:26 +0300] "POST /doLogin HTTP/1.1" 302 -
0:0:0:0:0:0:0:1 - - [13/Feb/2023:10:31:47 +0300] "GET / HTTP/1.1" 302 -
0:0:0:0:0:0:0:1 - - [13/Feb/2023:10:31:48 +0300] "GET /user HTTP/1.1" 200 1432
0:0:0:0:0:0:0:1 - - [13/Feb/2023:10:32:17 +0300] "GET /logout HTTP/1.1" 302 -
0:0:0:0:0:0:0:1 - - [13/Feb/2023:10:32:17 +0300] "GET /login?logout HTTP/1.1" 200 1589
