0:0:0:0:0:0:0:1 - - [08/Jan/2023:08:59:00 +0300] "GET /login HTTP/1.1" 200 1249
0:0:0:0:0:0:0:1 - - [08/Jan/2023:08:59:00 +0300] "GET /favicon.ico HTTP/1.1" 302 -
0:0:0:0:0:0:0:1 - - [08/Jan/2023:08:59:00 +0300] "GET /login HTTP/1.1" 200 1249
0:0:0:0:0:0:0:1 - - [08/Jan/2023:08:59:02 +0300] "GET /forgotPassword HTTP/1.1" 200 818
0:0:0:0:0:0:0:1 - - [08/Jan/2023:08:59:02 +0300] "GET /favicon.ico HTTP/1.1" 302 -
0:0:0:0:0:0:0:1 - - [08/Jan/2023:08:59:02 +0300] "GET /login HTTP/1.1" 200 1249
0:0:0:0:0:0:0:1 - - [08/Jan/2023:08:59:10 +0300] "POST /user/resetPassword HTTP/1.1" 302 -
0:0:0:0:0:0:0:1 - - [08/Jan/2023:08:59:10 +0300] "GET /login HTTP/1.1" 200 1338
0:0:0:0:0:0:0:1 - - [08/Jan/2023:08:59:10 +0300] "GET /favicon.ico HTTP/1.1" 302 -
0:0:0:0:0:0:0:1 - - [08/Jan/2023:08:59:10 +0300] "GET /login HTTP/1.1" 200 1249
0:0:0:0:0:0:0:1 - - [08/Jan/2023:08:59:23 +0300] "GET /user/ HTTP/1.1" 302 -
0:0:0:0:0:0:0:1 - - [08/Jan/2023:08:59:23 +0300] "GET /login HTTP/1.1" 200 1249
0:0:0:0:0:0:0:1 - - [08/Jan/2023:08:59:23 +0300] "GET /favicon.ico HTTP/1.1" 302 -
0:0:0:0:0:0:0:1 - - [08/Jan/2023:08:59:23 +0300] "GET /login HTTP/1.1" 200 1249
0:0:0:0:0:0:0:1 - - [08/Jan/2023:09:15:13 +0300] "GET /login HTTP/1.1" 200 1249
0:0:0:0:0:0:0:1 - - [08/Jan/2023:09:15:13 +0300] "GET /favicon.ico HTTP/1.1" 302 -
0:0:0:0:0:0:0:1 - - [08/Jan/2023:09:15:13 +0300] "GET /login HTTP/1.1" 200 1249
0:0:0:0:0:0:0:1 - - [08/Jan/2023:09:15:17 +0300] "GET /forgotPassword HTTP/1.1" 200 818
0:0:0:0:0:0:0:1 - - [08/Jan/2023:09:15:17 +0300] "GET /favicon.ico HTTP/1.1" 302 -
0:0:0:0:0:0:0:1 - - [08/Jan/2023:09:15:17 +0300] "GET /login HTTP/1.1" 200 1249
0:0:0:0:0:0:0:1 - - [08/Jan/2023:09:15:22 +0300] "POST /user/resetPassword HTTP/1.1" 302 -
0:0:0:0:0:0:0:1 - - [08/Jan/2023:09:15:22 +0300] "GET /login HTTP/1.1" 200 1338
0:0:0:0:0:0:0:1 - - [08/Jan/2023:09:15:22 +0300] "GET /favicon.ico HTTP/1.1" 302 -
0:0:0:0:0:0:0:1 - - [08/Jan/2023:09:15:22 +0300] "GET /login HTTP/1.1" 200 1249
0:0:0:0:0:0:0:1 - - [08/Jan/2023:21:35:30 +0300] "GET / HTTP/1.1" 302 -
0:0:0:0:0:0:0:1 - - [08/Jan/2023:21:35:30 +0300] "GET /login HTTP/1.1" 200 1249
0:0:0:0:0:0:0:1 - - [08/Jan/2023:21:35:30 +0300] "GET /favicon.ico HTTP/1.1" 302 -
0:0:0:0:0:0:0:1 - - [08/Jan/2023:21:35:30 +0300] "GET /login HTTP/1.1" 200 1249
0:0:0:0:0:0:0:1 - - [08/Jan/2023:21:35:38 +0300] "POST /doLogin HTTP/1.1" 302 -
0:0:0:0:0:0:0:1 - - [08/Jan/2023:21:35:38 +0300] "GET /login?error HTTP/1.1" 200 1302
0:0:0:0:0:0:0:1 - - [08/Jan/2023:21:35:38 +0300] "GET /favicon.ico HTTP/1.1" 302 -
0:0:0:0:0:0:0:1 - - [08/Jan/2023:21:35:38 +0300] "GET /login HTTP/1.1" 200 1249
0:0:0:0:0:0:0:1 - - [08/Jan/2023:21:35:45 +0300] "POST /doLogin HTTP/1.1" 302 -
0:0:0:0:0:0:0:1 - - [08/Jan/2023:21:35:45 +0300] "GET / HTTP/1.1" 302 -
0:0:0:0:0:0:0:1 - - [08/Jan/2023:21:35:46 +0300] "GET /user HTTP/1.1" 200 1228
0:0:0:0:0:0:0:1 - - [08/Jan/2023:21:35:46 +0300] "GET /favicon.ico HTTP/1.1" 200 1150
0:0:0:0:0:0:0:1 - - [08/Jan/2023:21:35:47 +0300] "GET /logout HTTP/1.1" 302 -
0:0:0:0:0:0:0:1 - - [08/Jan/2023:21:35:47 +0300] "GET /login?logout HTTP/1.1" 200 1313
0:0:0:0:0:0:0:1 - - [08/Jan/2023:21:35:49 +0300] "GET /forgotPassword HTTP/1.1" 200 818
0:0:0:0:0:0:0:1 - - [08/Jan/2023:21:35:54 +0300] "POST /user/resetPassword HTTP/1.1" 302 -
0:0:0:0:0:0:0:1 - - [08/Jan/2023:21:35:54 +0300] "GET /login HTTP/1.1" 200 1338
0:0:0:0:0:0:0:1 - - [08/Jan/2023:21:35:59 +0300] "GET /user/changePassword?id=3&token=d2a95a98-58ef-4077-979a-1f6ac0cea5e5 HTTP/1.1" 200 1498
0:0:0:0:0:0:0:1 - - [08/Jan/2023:21:36:06 +0300] "POST /user/savePassword HTTP/1.1" 200 1522
0:0:0:0:0:0:0:1 - - [08/Jan/2023:21:36:13 +0300] "POST /user/savePassword HTTP/1.1" 302 -
0:0:0:0:0:0:0:1 - - [08/Jan/2023:21:36:13 +0300] "GET /login HTTP/1.1" 200 1301
0:0:0:0:0:0:0:1 - - [08/Jan/2023:21:37:02 +0300] "POST /doLogin HTTP/1.1" 302 -
0:0:0:0:0:0:0:1 - - [08/Jan/2023:21:37:02 +0300] "GET /login?error HTTP/1.1" 200 1302
0:0:0:0:0:0:0:1 - - [08/Jan/2023:21:37:08 +0300] "POST /doLogin HTTP/1.1" 302 -
0:0:0:0:0:0:0:1 - - [08/Jan/2023:21:37:08 +0300] "GET / HTTP/1.1" 302 -
0:0:0:0:0:0:0:1 - - [08/Jan/2023:21:37:08 +0300] "GET /user HTTP/1.1" 200 1228
0:0:0:0:0:0:0:1 - - [08/Jan/2023:21:37:10 +0300] "GET /logout HTTP/1.1" 302 -
0:0:0:0:0:0:0:1 - - [08/Jan/2023:21:37:10 +0300] "GET /login?logout HTTP/1.1" 200 1313
0:0:0:0:0:0:0:1 - - [08/Jan/2023:21:37:12 +0300] "GET /user/changePassword?id=3&token=d2a95a98-58ef-4077-979a-1f6ac0cea5e5 HTTP/1.1" 200 1498
0:0:0:0:0:0:0:1 - - [08/Jan/2023:21:38:32 +0300] "POST /user/savePassword HTTP/1.1" 302 -
0:0:0:0:0:0:0:1 - - [08/Jan/2023:21:38:32 +0300] "GET /login HTTP/1.1" 200 1315
0:0:0:0:0:0:0:1 - - [08/Jan/2023:21:38:43 +0300] "POST /doLogin HTTP/1.1" 302 -
0:0:0:0:0:0:0:1 - - [08/Jan/2023:21:38:43 +0300] "GET / HTTP/1.1" 302 -
0:0:0:0:0:0:0:1 - - [08/Jan/2023:21:38:43 +0300] "GET /user HTTP/1.1" 200 1228
0:0:0:0:0:0:0:1 - - [08/Jan/2023:21:41:51 +0300] "POST /doLogin HTTP/1.1" 302 -
0:0:0:0:0:0:0:1 - - [08/Jan/2023:21:41:51 +0300] "GET / HTTP/1.1" 302 -
0:0:0:0:0:0:0:1 - - [08/Jan/2023:21:41:51 +0300] "GET /user HTTP/1.1" 200 1228
0:0:0:0:0:0:0:1 - - [08/Jan/2023:21:41:52 +0300] "GET /logout HTTP/1.1" 302 -
0:0:0:0:0:0:0:1 - - [08/Jan/2023:21:41:52 +0300] "GET /login?logout HTTP/1.1" 200 1313
0:0:0:0:0:0:0:1 - - [08/Jan/2023:21:41:59 +0300] "GET /login?logout HTTP/1.1" 200 1313
0:0:0:0:0:0:0:1 - - [08/Jan/2023:21:42:03 +0300] "GET /forgotPassword HTTP/1.1" 200 818
0:0:0:0:0:0:0:1 - - [08/Jan/2023:21:42:09 +0300] "POST /user/resetPassword HTTP/1.1" 302 -
0:0:0:0:0:0:0:1 - - [08/Jan/2023:21:42:09 +0300] "GET /login HTTP/1.1" 200 1338
0:0:0:0:0:0:0:1 - - [08/Jan/2023:21:42:35 +0300] "GET /user/changePassword?id=3&token=8d373cc5-5d46-49b7-8623-9b80b5e9eb7e HTTP/1.1" 200 1498
0:0:0:0:0:0:0:1 - - [08/Jan/2023:21:42:45 +0300] "POST /user/savePassword HTTP/1.1" 302 -
0:0:0:0:0:0:0:1 - - [08/Jan/2023:21:42:45 +0300] "GET /login HTTP/1.1" 200 1315
0:0:0:0:0:0:0:1 - - [08/Jan/2023:21:42:56 +0300] "POST /doLogin HTTP/1.1" 302 -
0:0:0:0:0:0:0:1 - - [08/Jan/2023:21:42:56 +0300] "GET / HTTP/1.1" 302 -
0:0:0:0:0:0:0:1 - - [08/Jan/2023:21:42:56 +0300] "GET /user HTTP/1.1" 200 1228
0:0:0:0:0:0:0:1 - - [08/Jan/2023:21:42:58 +0300] "GET /logout HTTP/1.1" 302 -
0:0:0:0:0:0:0:1 - - [08/Jan/2023:21:42:58 +0300] "GET /login?logout HTTP/1.1" 200 1313
0:0:0:0:0:0:0:1 - - [08/Jan/2023:21:54:06 +0300] "GET /login?logout HTTP/1.1" 200 1313
0:0:0:0:0:0:0:1 - - [08/Jan/2023:21:54:06 +0300] "GET /login HTTP/1.1" 200 1249
0:0:0:0:0:0:0:1 - - [08/Jan/2023:21:54:09 +0300] "GET /login HTTP/1.1" 200 1249
0:0:0:0:0:0:0:1 - - [08/Jan/2023:21:54:34 +0300] "GET / HTTP/1.1" 302 -
0:0:0:0:0:0:0:1 - - [08/Jan/2023:21:54:34 +0300] "GET /login HTTP/1.1" 200 1249
0:0:0:0:0:0:0:1 - - [08/Jan/2023:21:54:42 +0300] "POST /doLogin HTTP/1.1" 302 -
0:0:0:0:0:0:0:1 - - [08/Jan/2023:21:54:42 +0300] "GET /login?error HTTP/1.1" 200 1302
0:0:0:0:0:0:0:1 - - [08/Jan/2023:21:54:58 +0300] "POST /doLogin HTTP/1.1" 302 -
0:0:0:0:0:0:0:1 - - [08/Jan/2023:21:54:58 +0300] "GET / HTTP/1.1" 302 -
0:0:0:0:0:0:0:1 - - [08/Jan/2023:21:54:59 +0300] "GET /user HTTP/1.1" 200 1228
0:0:0:0:0:0:0:1 - - [08/Jan/2023:21:55:00 +0300] "GET /logout HTTP/1.1" 302 -
0:0:0:0:0:0:0:1 - - [08/Jan/2023:21:55:00 +0300] "GET /login?logout HTTP/1.1" 200 1313
0:0:0:0:0:0:0:1 - - [08/Jan/2023:21:55:32 +0300] "GET /signup HTTP/1.1" 200 1654
0:0:0:0:0:0:0:1 - - [08/Jan/2023:21:56:15 +0300] "POST /user/register HTTP/1.1" 200 1763
0:0:0:0:0:0:0:1 - - [08/Jan/2023:21:56:17 +0300] "POST /user/register HTTP/1.1" 302 -
0:0:0:0:0:0:0:1 - - [08/Jan/2023:21:59:27 +0300] "POST /user/register HTTP/1.1" 200 1763
0:0:0:0:0:0:0:1 - - [08/Jan/2023:22:01:20 +0300] "POST /user/register HTTP/1.1" 302 -
0:0:0:0:0:0:0:1 - - [08/Jan/2023:22:01:20 +0300] "GET /login HTTP/1.1" 200 1249
0:0:0:0:0:0:0:1 - - [08/Jan/2023:22:04:17 +0300] "GET /login HTTP/1.1" 200 1249
0:0:0:0:0:0:0:1 - - [08/Jan/2023:22:04:18 +0300] "GET /favicon.ico HTTP/1.1" 302 -
0:0:0:0:0:0:0:1 - - [08/Jan/2023:22:04:18 +0300] "GET /login HTTP/1.1" 200 1249
0:0:0:0:0:0:0:1 - - [08/Jan/2023:22:04:19 +0300] "GET /signup HTTP/1.1" 200 1654
0:0:0:0:0:0:0:1 - - [08/Jan/2023:22:04:19 +0300] "GET /favicon.ico HTTP/1.1" 302 -
0:0:0:0:0:0:0:1 - - [08/Jan/2023:22:04:19 +0300] "GET /login HTTP/1.1" 200 1249
0:0:0:0:0:0:0:1 - - [08/Jan/2023:22:04:29 +0300] "POST /user/register HTTP/1.1" 302 -
0:0:0:0:0:0:0:1 - - [08/Jan/2023:22:04:29 +0300] "GET /login HTTP/1.1" 200 1249
0:0:0:0:0:0:0:1 - - [08/Jan/2023:22:04:29 +0300] "GET /favicon.ico HTTP/1.1" 302 -
0:0:0:0:0:0:0:1 - - [08/Jan/2023:22:04:29 +0300] "GET /login HTTP/1.1" 200 1249
0:0:0:0:0:0:0:1 - - [08/Jan/2023:22:04:45 +0300] "GET /registrationConfirm?token=19247770-dfb2-4a24-af24-c5bd8131b3fa HTTP/1.1" 302 -
0:0:0:0:0:0:0:1 - - [08/Jan/2023:22:04:45 +0300] "GET /login HTTP/1.1" 200 1322
0:0:0:0:0:0:0:1 - - [08/Jan/2023:22:04:45 +0300] "GET /favicon.ico HTTP/1.1" 302 -
0:0:0:0:0:0:0:1 - - [08/Jan/2023:22:04:45 +0300] "GET /login HTTP/1.1" 200 1249
0:0:0:0:0:0:0:1 - - [08/Jan/2023:22:05:06 +0300] "POST /doLogin HTTP/1.1" 302 -
0:0:0:0:0:0:0:1 - - [08/Jan/2023:22:05:06 +0300] "GET / HTTP/1.1" 302 -
0:0:0:0:0:0:0:1 - - [08/Jan/2023:22:05:06 +0300] "GET /user HTTP/1.1" 200 1525
0:0:0:0:0:0:0:1 - - [08/Jan/2023:22:05:06 +0300] "GET /favicon.ico HTTP/1.1" 200 1150
0:0:0:0:0:0:0:1 - - [08/Jan/2023:22:05:17 +0300] "GET /logout HTTP/1.1" 302 -
0:0:0:0:0:0:0:1 - - [08/Jan/2023:22:05:17 +0300] "GET /login?logout HTTP/1.1" 200 1313
0:0:0:0:0:0:0:1 - - [08/Jan/2023:22:05:19 +0300] "GET /forgotPassword HTTP/1.1" 200 818
0:0:0:0:0:0:0:1 - - [08/Jan/2023:22:05:55 +0300] "POST /user/resetPassword HTTP/1.1" 302 -
0:0:0:0:0:0:0:1 - - [08/Jan/2023:22:05:55 +0300] "GET /login HTTP/1.1" 200 1338
0:0:0:0:0:0:0:1 - - [08/Jan/2023:22:06:09 +0300] "GET /user/changePassword?id=6&token=4cac75db-8fd6-4ebc-aec3-826cf05e9d97 HTTP/1.1" 200 1498
0:0:0:0:0:0:0:1 - - [08/Jan/2023:22:06:17 +0300] "POST /user/savePassword HTTP/1.1" 302 -
0:0:0:0:0:0:0:1 - - [08/Jan/2023:22:06:17 +0300] "GET /login HTTP/1.1" 200 1315
0:0:0:0:0:0:0:1 - - [08/Jan/2023:22:06:27 +0300] "POST /doLogin HTTP/1.1" 302 -
0:0:0:0:0:0:0:1 - - [08/Jan/2023:22:06:27 +0300] "GET /login?error HTTP/1.1" 200 1302
0:0:0:0:0:0:0:1 - - [08/Jan/2023:22:06:34 +0300] "POST /doLogin HTTP/1.1" 302 -
0:0:0:0:0:0:0:1 - - [08/Jan/2023:22:06:34 +0300] "GET / HTTP/1.1" 302 -
0:0:0:0:0:0:0:1 - - [08/Jan/2023:22:06:34 +0300] "GET /user HTTP/1.1" 200 1525
0:0:0:0:0:0:0:1 - - [08/Jan/2023:22:06:37 +0300] "GET /logout HTTP/1.1" 302 -
0:0:0:0:0:0:0:1 - - [08/Jan/2023:22:06:37 +0300] "GET /login?logout HTTP/1.1" 200 1313
