0:0:0:0:0:0:0:1 - - [05/Feb/2023:08:03:50 +0300] "GET /secured HTTP/1.1" 200 829
0:0:0:0:0:0:0:1 - - [05/Feb/2023:08:03:50 +0300] "GET /favicon.ico HTTP/1.1" 302 -
0:0:0:0:0:0:0:1 - - [05/Feb/2023:08:03:50 +0300] "GET /login HTTP/1.1" 200 1525
0:0:0:0:0:0:0:1 - - [05/Feb/2023:08:03:53 +0300] "GET /secured HTTP/1.1" 200 829
0:0:0:0:0:0:0:1 - - [05/Feb/2023:08:03:53 +0300] "GET /favicon.ico HTTP/1.1" 302 -
0:0:0:0:0:0:0:1 - - [05/Feb/2023:08:03:53 +0300] "GET /login HTTP/1.1" 200 1525
0:0:0:0:0:0:0:1 - - [05/Feb/2023:08:03:55 +0300] "GET /secured HTTP/1.1" 200 829
0:0:0:0:0:0:0:1 - - [05/Feb/2023:08:03:55 +0300] "GET /favicon.ico HTTP/1.1" 302 -
0:0:0:0:0:0:0:1 - - [05/Feb/2023:08:03:55 +0300] "GET /login HTTP/1.1" 200 1525
0:0:0:0:0:0:0:1 - - [05/Feb/2023:08:04:00 +0300] "GET /logout HTTP/1.1" 302 -
0:0:0:0:0:0:0:1 - - [05/Feb/2023:08:04:00 +0300] "GET /login?logout HTTP/1.1" 200 1589
0:0:0:0:0:0:0:1 - - [05/Feb/2023:08:04:00 +0300] "GET /favicon.ico HTTP/1.1" 302 -
0:0:0:0:0:0:0:1 - - [05/Feb/2023:08:04:00 +0300] "GET /login HTTP/1.1" 200 1525
0:0:0:0:0:0:0:1 - - [05/Feb/2023:08:04:07 +0300] "POST /doLogin HTTP/1.1" 302 -
0:0:0:0:0:0:0:1 - - [05/Feb/2023:08:04:07 +0300] "GET / HTTP/1.1" 302 -
0:0:0:0:0:0:0:1 - - [05/Feb/2023:08:04:07 +0300] "GET /user HTTP/1.1" 200 1291
0:0:0:0:0:0:0:1 - - [05/Feb/2023:08:04:07 +0300] "GET /favicon.ico HTTP/1.1" 200 1150
0:0:0:0:0:0:0:1 - - [05/Feb/2023:08:04:08 +0300] "GET /secured HTTP/1.1" 200 829
0:0:0:0:0:0:0:1 - - [05/Feb/2023:08:05:11 +0300] "GET /secured HTTP/1.1" 200 829
0:0:0:0:0:0:0:1 - - [05/Feb/2023:08:05:12 +0300] "GET /favicon.ico HTTP/1.1" 200 1150
0:0:0:0:0:0:0:1 - - [05/Feb/2023:08:05:34 +0300] "GET /secured HTTP/1.1" 200 829
0:0:0:0:0:0:0:1 - - [05/Feb/2023:08:05:34 +0300] "GET /favicon.ico HTTP/1.1" 200 1150
0:0:0:0:0:0:0:1 - - [05/Feb/2023:08:06:13 +0300] "GET /secured HTTP/1.1" 403 295
0:0:0:0:0:0:0:1 - - [05/Feb/2023:08:06:13 +0300] "GET /favicon.ico HTTP/1.1" 200 1150
0:0:0:0:0:0:0:1 - - [05/Feb/2023:08:08:11 +0300] "GET /secured HTTP/1.1" 403 295
0:0:0:0:0:0:0:1 - - [05/Feb/2023:08:08:11 +0300] "GET /favicon.ico HTTP/1.1" 200 1150
0:0:0:0:0:0:0:1 - - [05/Feb/2023:08:09:54 +0300] "GET /secured HTTP/1.1" 200 829
0:0:0:0:0:0:0:1 - - [05/Feb/2023:08:09:54 +0300] "GET /favicon.ico HTTP/1.1" 200 1150
0:0:0:0:0:0:0:1 - - [05/Feb/2023:08:09:55 +0300] "GET /secured HTTP/1.1" 200 829
0:0:0:0:0:0:0:1 - - [05/Feb/2023:08:09:57 +0300] "GET /user/ HTTP/1.1" 200 1291
0:0:0:0:0:0:0:1 - - [05/Feb/2023:08:09:57 +0300] "GET / HTTP/1.1" 302 -
0:0:0:0:0:0:0:1 - - [05/Feb/2023:08:09:57 +0300] "GET /user HTTP/1.1" 200 1291
0:0:0:0:0:0:0:1 - - [05/Feb/2023:08:09:58 +0300] "GET /user/ HTTP/1.1" 200 1291
0:0:0:0:0:0:0:1 - - [05/Feb/2023:08:10:02 +0300] "GET /user/?form HTTP/1.1" 200 1552
0:0:0:0:0:0:0:1 - - [05/Feb/2023:08:10:04 +0300] "GET /user/ HTTP/1.1" 200 1291
0:0:0:0:0:0:0:1 - - [05/Feb/2023:08:10:10 +0300] "GET /user/ HTTP/1.1" 200 1291
0:0:0:0:0:0:0:1 - - [05/Feb/2023:08:10:12 +0300] "GET /user/?form HTTP/1.1" 200 1552
0:0:0:0:0:0:0:1 - - [05/Feb/2023:08:11:07 +0300] "GET /user/?form HTTP/1.1" 200 1552
0:0:0:0:0:0:0:1 - - [05/Feb/2023:08:11:07 +0300] "GET /favicon.ico HTTP/1.1" 200 1150
0:0:0:0:0:0:0:1 - - [05/Feb/2023:08:11:09 +0300] "GET /user/?form HTTP/1.1" 200 1552
0:0:0:0:0:0:0:1 - - [05/Feb/2023:08:11:09 +0300] "GET /favicon.ico HTTP/1.1" 200 1150
0:0:0:0:0:0:0:1 - - [05/Feb/2023:08:11:13 +0300] "GET /user/ HTTP/1.1" 200 1291
0:0:0:0:0:0:0:1 - - [05/Feb/2023:08:11:15 +0300] "GET /user/?form HTTP/1.1" 200 1552
0:0:0:0:0:0:0:1 - - [05/Feb/2023:08:14:04 +0300] "GET /user/ HTTP/1.1" 200 1291
0:0:0:0:0:0:0:1 - - [05/Feb/2023:08:15:06 +0300] "GET /user/ HTTP/1.1" 200 1291
0:0:0:0:0:0:0:1 - - [05/Feb/2023:08:15:06 +0300] "GET /favicon.ico HTTP/1.1" 200 1150
0:0:0:0:0:0:0:1 - - [05/Feb/2023:08:15:07 +0300] "GET /user/?form HTTP/1.1" 200 1552
0:0:0:0:0:0:0:1 - - [05/Feb/2023:08:15:08 +0300] "GET /user/ HTTP/1.1" 200 1291
0:0:0:0:0:0:0:1 - - [05/Feb/2023:08:15:10 +0300] "GET /secured HTTP/1.1" 200 829
0:0:0:0:0:0:0:1 - - [05/Feb/2023:08:15:11 +0300] "GET /user/ HTTP/1.1" 200 1291
0:0:0:0:0:0:0:1 - - [05/Feb/2023:08:15:13 +0300] "GET /user/?form HTTP/1.1" 200 1552
0:0:0:0:0:0:0:1 - - [05/Feb/2023:08:15:46 +0300] "GET /user/?form HTTP/1.1" 200 1552
0:0:0:0:0:0:0:1 - - [05/Feb/2023:08:15:47 +0300] "GET /favicon.ico HTTP/1.1" 200 1150
0:0:0:0:0:0:0:1 - - [05/Feb/2023:08:15:48 +0300] "GET /user/ HTTP/1.1" 200 1291
0:0:0:0:0:0:0:1 - - [05/Feb/2023:08:15:49 +0300] "GET /user/?form HTTP/1.1" 200 1552
0:0:0:0:0:0:0:1 - - [05/Feb/2023:08:16:06 +0300] "GET /user/?form HTTP/1.1" 403 295
0:0:0:0:0:0:0:1 - - [05/Feb/2023:08:16:06 +0300] "GET /favicon.ico HTTP/1.1" 200 1150
0:0:0:0:0:0:0:1 - - [05/Feb/2023:08:16:08 +0300] "GET /user/ HTTP/1.1" 403 295
0:0:0:0:0:0:0:1 - - [05/Feb/2023:08:16:09 +0300] "GET /secured HTTP/1.1" 200 829
0:0:0:0:0:0:0:1 - - [05/Feb/2023:08:16:11 +0300] "GET /user/ HTTP/1.1" 403 295
0:0:0:0:0:0:0:1 - - [05/Feb/2023:08:18:42 +0300] "GET /user/ HTTP/1.1" 200 1291
0:0:0:0:0:0:0:1 - - [05/Feb/2023:08:18:42 +0300] "GET /favicon.ico HTTP/1.1" 200 1150
0:0:0:0:0:0:0:1 - - [05/Feb/2023:08:18:43 +0300] "GET /user/?form HTTP/1.1" 200 1552
0:0:0:0:0:0:0:1 - - [05/Feb/2023:08:19:18 +0300] "GET /user/ HTTP/1.1" 403 295
0:0:0:0:0:0:0:1 - - [05/Feb/2023:08:19:20 +0300] "GET /user/?form HTTP/1.1" 403 295
0:0:0:0:0:0:0:1 - - [05/Feb/2023:08:19:22 +0300] "GET /user/ HTTP/1.1" 403 295
0:0:0:0:0:0:0:1 - - [05/Feb/2023:08:19:23 +0300] "GET /user/?form HTTP/1.1" 403 295
0:0:0:0:0:0:0:1 - - [05/Feb/2023:08:19:23 +0300] "GET /user/ HTTP/1.1" 403 295
0:0:0:0:0:0:0:1 - - [05/Feb/2023:08:19:24 +0300] "GET /secured HTTP/1.1" 200 829
0:0:0:0:0:0:0:1 - - [05/Feb/2023:08:19:26 +0300] "GET /secured HTTP/1.1" 200 829
0:0:0:0:0:0:0:1 - - [05/Feb/2023:08:19:27 +0300] "GET /user/ HTTP/1.1" 403 295
0:0:0:0:0:0:0:1 - - [05/Feb/2023:08:19:28 +0300] "GET /secured HTTP/1.1" 200 829
0:0:0:0:0:0:0:1 - - [05/Feb/2023:08:19:29 +0300] "GET / HTTP/1.1" 302 -
0:0:0:0:0:0:0:1 - - [05/Feb/2023:08:19:29 +0300] "GET /user HTTP/1.1" 403 295
0:0:0:0:0:0:0:1 - - [05/Feb/2023:08:19:30 +0300] "GET /secured HTTP/1.1" 200 829
0:0:0:0:0:0:0:1 - - [05/Feb/2023:08:19:49 +0300] "GET /secured HTTP/1.1" 200 829
0:0:0:0:0:0:0:1 - - [05/Feb/2023:08:19:50 +0300] "GET /secured HTTP/1.1" 200 829
0:0:0:0:0:0:0:1 - - [05/Feb/2023:08:19:53 +0300] "GET /user/ HTTP/1.1" 200 1291
0:0:0:0:0:0:0:1 - - [05/Feb/2023:08:19:54 +0300] "GET /secured HTTP/1.1" 200 829
0:0:0:0:0:0:0:1 - - [05/Feb/2023:08:19:55 +0300] "GET /user/ HTTP/1.1" 200 1291
0:0:0:0:0:0:0:1 - - [05/Feb/2023:08:19:56 +0300] "GET /user/?form HTTP/1.1" 200 1552
0:0:0:0:0:0:0:1 - - [05/Feb/2023:08:20:02 +0300] "GET /user/ HTTP/1.1" 200 1291
0:0:0:0:0:0:0:1 - - [05/Feb/2023:08:20:20 +0300] "GET /user/ HTTP/1.1" 200 1291
0:0:0:0:0:0:0:1 - - [05/Feb/2023:08:20:20 +0300] "GET /favicon.ico HTTP/1.1" 200 1150
0:0:0:0:0:0:0:1 - - [05/Feb/2023:08:20:21 +0300] "GET /user/?form HTTP/1.1" 200 1552
0:0:0:0:0:0:0:1 - - [05/Feb/2023:08:20:23 +0300] "GET /user/ HTTP/1.1" 200 1291
0:0:0:0:0:0:0:1 - - [05/Feb/2023:08:20:25 +0300] "GET /user/?form HTTP/1.1" 200 1552
0:0:0:0:0:0:0:1 - - [05/Feb/2023:08:20:26 +0300] "GET /user/ HTTP/1.1" 200 1291
0:0:0:0:0:0:0:1 - - [05/Feb/2023:08:21:03 +0300] "GET /user/ HTTP/1.1" 200 1291
0:0:0:0:0:0:0:1 - - [05/Feb/2023:08:21:03 +0300] "GET /favicon.ico HTTP/1.1" 200 1150
0:0:0:0:0:0:0:1 - - [05/Feb/2023:08:21:04 +0300] "GET /secured HTTP/1.1" 200 829
0:0:0:0:0:0:0:1 - - [05/Feb/2023:08:21:05 +0300] "GET /secured HTTP/1.1" 200 829
0:0:0:0:0:0:0:1 - - [05/Feb/2023:08:21:05 +0300] "GET /favicon.ico HTTP/1.1" 200 1150
0:0:0:0:0:0:0:1 - - [05/Feb/2023:08:21:06 +0300] "GET /secured HTTP/1.1" 200 829
0:0:0:0:0:0:0:1 - - [05/Feb/2023:08:21:35 +0300] "GET /secured HTTP/1.1" 403 295
0:0:0:0:0:0:0:1 - - [05/Feb/2023:08:21:35 +0300] "GET /favicon.ico HTTP/1.1" 200 1150
0:0:0:0:0:0:0:1 - - [05/Feb/2023:08:21:36 +0300] "GET /user/ HTTP/1.1" 200 1291
0:0:0:0:0:0:0:1 - - [05/Feb/2023:08:21:39 +0300] "GET /user/?form HTTP/1.1" 200 1552
0:0:0:0:0:0:0:1 - - [05/Feb/2023:08:21:40 +0300] "GET /user/ HTTP/1.1" 200 1291
0:0:0:0:0:0:0:1 - - [05/Feb/2023:08:21:42 +0300] "GET /secured HTTP/1.1" 403 295
0:0:0:0:0:0:0:1 - - [05/Feb/2023:08:21:45 +0300] "GET / HTTP/1.1" 302 -
0:0:0:0:0:0:0:1 - - [05/Feb/2023:08:21:45 +0300] "GET /user HTTP/1.1" 200 1291
0:0:0:0:0:0:0:1 - - [05/Feb/2023:08:34:31 +0300] "GET /secured HTTP/1.1" 403 295
0:0:0:0:0:0:0:1 - - [05/Feb/2023:08:34:33 +0300] "GET /user HTTP/1.1" 200 1291
0:0:0:0:0:0:0:1 - - [05/Feb/2023:08:34:34 +0300] "GET /user/ HTTP/1.1" 200 1291
0:0:0:0:0:0:0:1 - - [05/Feb/2023:08:34:35 +0300] "GET /secured HTTP/1.1" 403 295
0:0:0:0:0:0:0:1 - - [05/Feb/2023:08:35:30 +0300] "GET /secured HTTP/1.1" 200 829
0:0:0:0:0:0:0:1 - - [05/Feb/2023:08:35:30 +0300] "GET /favicon.ico HTTP/1.1" 200 1150
0:0:0:0:0:0:0:1 - - [05/Feb/2023:08:36:09 +0300] "GET /user/ HTTP/1.1" 200 1291
0:0:0:0:0:0:0:1 - - [05/Feb/2023:08:36:11 +0300] "GET /user/5 HTTP/1.1" 200 1258
0:0:0:0:0:0:0:1 - - [05/Feb/2023:08:36:12 +0300] "GET /user/delete/5 HTTP/1.1" 403 295
0:0:0:0:0:0:0:1 - - [05/Feb/2023:08:36:13 +0300] "GET /user/5 HTTP/1.1" 200 1258
0:0:0:0:0:0:0:1 - - [05/Feb/2023:08:36:14 +0300] "GET /user/modify/5 HTTP/1.1" 200 1572
0:0:0:0:0:0:0:1 - - [05/Feb/2023:08:36:17 +0300] "GET /user/ HTTP/1.1" 200 1291
0:0:0:0:0:0:0:1 - - [05/Feb/2023:09:43:22 +0300] "GET /h2-console/login.do?jsessionid=a05e910e5d893beb11b970b03dd3f208 HTTP/1.1" 302 -
0:0:0:0:0:0:0:1 - - [05/Feb/2023:09:43:22 +0300] "GET /login HTTP/1.1" 200 1525
0:0:0:0:0:0:0:1 - - [05/Feb/2023:09:51:09 +0300] "GET /secured HTTP/1.1" 302 -
0:0:0:0:0:0:0:1 - - [05/Feb/2023:09:51:09 +0300] "GET /login HTTP/1.1" 200 1525
