0:0:0:0:0:0:0:1 - - [21/Dec/2022:09:01:08 +0300] "GET / HTTP/1.1" 302 -
0:0:0:0:0:0:0:1 - - [21/Dec/2022:09:01:09 +0300] "GET /login HTTP/1.1" 200 1158
0:0:0:0:0:0:0:1 - - [21/Dec/2022:09:01:09 +0300] "GET /favicon.ico HTTP/1.1" 302 -
0:0:0:0:0:0:0:1 - - [21/Dec/2022:09:01:09 +0300] "GET /login HTTP/1.1" 200 1158
0:0:0:0:0:0:0:1 - - [21/Dec/2022:09:01:12 +0300] "GET /signup HTTP/1.1" 200 1810
0:0:0:0:0:0:0:1 - - [21/Dec/2022:09:01:12 +0300] "GET /favicon.ico HTTP/1.1" 302 -
0:0:0:0:0:0:0:1 - - [21/Dec/2022:09:01:12 +0300] "GET /login HTTP/1.1" 200 1158
0:0:0:0:0:0:0:1 - - [21/Dec/2022:09:01:17 +0300] "POST /user/register HTTP/1.1" 200 1916
0:0:0:0:0:0:0:1 - - [21/Dec/2022:09:01:17 +0300] "GET /favicon.ico HTTP/1.1" 302 -
0:0:0:0:0:0:0:1 - - [21/Dec/2022:09:01:17 +0300] "GET /login HTTP/1.1" 200 1158
0:0:0:0:0:0:0:1 - - [21/Dec/2022:09:02:37 +0300] "POST /user/register HTTP/1.1" 500 17425
0:0:0:0:0:0:0:1 - - [21/Dec/2022:09:02:37 +0300] "GET /favicon.ico HTTP/1.1" 302 -
0:0:0:0:0:0:0:1 - - [21/Dec/2022:09:02:37 +0300] "GET /login HTTP/1.1" 200 1158
0:0:0:0:0:0:0:1 - - [21/Dec/2022:09:07:08 +0300] "POST /user/register HTTP/1.1" 500 17425
0:0:0:0:0:0:0:1 - - [21/Dec/2022:09:07:08 +0300] "GET /favicon.ico HTTP/1.1" 302 -
0:0:0:0:0:0:0:1 - - [21/Dec/2022:09:07:09 +0300] "GET /login HTTP/1.1" 200 1158
0:0:0:0:0:0:0:1 - - [21/Dec/2022:09:07:28 +0300] "GET / HTTP/1.1" 302 -
0:0:0:0:0:0:0:1 - - [21/Dec/2022:09:07:28 +0300] "GET /login HTTP/1.1" 200 1158
0:0:0:0:0:0:0:1 - - [21/Dec/2022:09:07:28 +0300] "GET /favicon.ico HTTP/1.1" 302 -
0:0:0:0:0:0:0:1 - - [21/Dec/2022:09:07:28 +0300] "GET /login HTTP/1.1" 200 1158
0:0:0:0:0:0:0:1 - - [21/Dec/2022:09:07:29 +0300] "GET /signup HTTP/1.1" 200 1810
0:0:0:0:0:0:0:1 - - [21/Dec/2022:09:07:29 +0300] "GET /favicon.ico HTTP/1.1" 302 -
0:0:0:0:0:0:0:1 - - [21/Dec/2022:09:07:29 +0300] "GET /login HTTP/1.1" 200 1158
0:0:0:0:0:0:0:1 - - [21/Dec/2022:09:07:34 +0300] "POST /user/register HTTP/1.1" 500 17425
0:0:0:0:0:0:0:1 - - [21/Dec/2022:09:07:34 +0300] "GET /favicon.ico HTTP/1.1" 302 -
0:0:0:0:0:0:0:1 - - [21/Dec/2022:09:07:34 +0300] "GET /login HTTP/1.1" 200 1158
0:0:0:0:0:0:0:1 - - [21/Dec/2022:09:08:50 +0300] "GET /signup HTTP/1.1" 200 1810
0:0:0:0:0:0:0:1 - - [21/Dec/2022:09:08:50 +0300] "GET /favicon.ico HTTP/1.1" 302 -
0:0:0:0:0:0:0:1 - - [21/Dec/2022:09:08:50 +0300] "GET /login HTTP/1.1" 200 1158
0:0:0:0:0:0:0:1 - - [21/Dec/2022:09:09:33 +0300] "POST /user/register HTTP/1.1" 500 17425
0:0:0:0:0:0:0:1 - - [21/Dec/2022:09:09:33 +0300] "GET /favicon.ico HTTP/1.1" 302 -
0:0:0:0:0:0:0:1 - - [21/Dec/2022:09:09:33 +0300] "GET /login HTTP/1.1" 200 1158
0:0:0:0:0:0:0:1 - - [21/Dec/2022:09:10:13 +0300] "GET /signup HTTP/1.1" 200 1810
0:0:0:0:0:0:0:1 - - [21/Dec/2022:09:10:14 +0300] "GET /favicon.ico HTTP/1.1" 302 -
0:0:0:0:0:0:0:1 - - [21/Dec/2022:09:10:14 +0300] "GET /login HTTP/1.1" 200 1158
0:0:0:0:0:0:0:1 - - [21/Dec/2022:09:13:18 +0300] "GET / HTTP/1.1" 302 -
0:0:0:0:0:0:0:1 - - [21/Dec/2022:09:13:19 +0300] "GET /login HTTP/1.1" 200 1158
0:0:0:0:0:0:0:1 - - [21/Dec/2022:09:13:19 +0300] "GET /favicon.ico HTTP/1.1" 302 -
0:0:0:0:0:0:0:1 - - [21/Dec/2022:09:13:19 +0300] "GET /login HTTP/1.1" 200 1158
0:0:0:0:0:0:0:1 - - [21/Dec/2022:09:13:22 +0300] "GET /signup HTTP/1.1" 200 1810
0:0:0:0:0:0:0:1 - - [21/Dec/2022:09:13:22 +0300] "GET /favicon.ico HTTP/1.1" 302 -
0:0:0:0:0:0:0:1 - - [21/Dec/2022:09:13:22 +0300] "GET /login HTTP/1.1" 200 1158
0:0:0:0:0:0:0:1 - - [21/Dec/2022:09:13:28 +0300] "POST /user/register HTTP/1.1" 500 17425
0:0:0:0:0:0:0:1 - - [21/Dec/2022:09:13:28 +0300] "GET /favicon.ico HTTP/1.1" 302 -
0:0:0:0:0:0:0:1 - - [21/Dec/2022:09:13:28 +0300] "GET /login HTTP/1.1" 200 1158
0:0:0:0:0:0:0:1 - - [21/Dec/2022:09:20:27 +0300] "GET / HTTP/1.1" 302 -
0:0:0:0:0:0:0:1 - - [21/Dec/2022:09:20:27 +0300] "GET /login HTTP/1.1" 200 1158
0:0:0:0:0:0:0:1 - - [21/Dec/2022:09:20:27 +0300] "GET /favicon.ico HTTP/1.1" 302 -
0:0:0:0:0:0:0:1 - - [21/Dec/2022:09:20:27 +0300] "GET /login HTTP/1.1" 200 1158
0:0:0:0:0:0:0:1 - - [21/Dec/2022:09:20:36 +0300] "GET /signup HTTP/1.1" 200 1810
0:0:0:0:0:0:0:1 - - [21/Dec/2022:09:20:36 +0300] "GET /favicon.ico HTTP/1.1" 302 -
0:0:0:0:0:0:0:1 - - [21/Dec/2022:09:20:36 +0300] "GET /login HTTP/1.1" 200 1158
0:0:0:0:0:0:0:1 - - [21/Dec/2022:09:26:20 +0300] "GET /signup HTTP/1.1" 200 1810
0:0:0:0:0:0:0:1 - - [21/Dec/2022:09:26:20 +0300] "GET /favicon.ico HTTP/1.1" 302 -
0:0:0:0:0:0:0:1 - - [21/Dec/2022:09:26:20 +0300] "GET /login HTTP/1.1" 200 1158
0:0:0:0:0:0:0:1 - - [21/Dec/2022:09:26:26 +0300] "POST /user/register HTTP/1.1" 302 -
0:0:0:0:0:0:0:1 - - [21/Dec/2022:09:26:26 +0300] "GET /login HTTP/1.1" 200 1158
0:0:0:0:0:0:0:1 - - [21/Dec/2022:09:26:26 +0300] "GET /favicon.ico HTTP/1.1" 302 -
0:0:0:0:0:0:0:1 - - [21/Dec/2022:09:26:26 +0300] "GET /login HTTP/1.1" 200 1158
0:0:0:0:0:0:0:1 - - [21/Dec/2022:09:27:33 +0300] "GET /signup HTTP/1.1" 200 1810
0:0:0:0:0:0:0:1 - - [21/Dec/2022:09:27:33 +0300] "GET /favicon.ico HTTP/1.1" 302 -
0:0:0:0:0:0:0:1 - - [21/Dec/2022:09:27:33 +0300] "GET /login HTTP/1.1" 200 1158
0:0:0:0:0:0:0:1 - - [21/Dec/2022:09:27:56 +0300] "GET /signup HTTP/1.1" 200 1810
0:0:0:0:0:0:0:1 - - [21/Dec/2022:09:27:56 +0300] "GET /favicon.ico HTTP/1.1" 302 -
0:0:0:0:0:0:0:1 - - [21/Dec/2022:09:27:56 +0300] "GET /login HTTP/1.1" 200 1158
0:0:0:0:0:0:0:1 - - [21/Dec/2022:09:28:03 +0300] "POST /user/register HTTP/1.1" 500 17425
0:0:0:0:0:0:0:1 - - [21/Dec/2022:09:28:03 +0300] "GET /favicon.ico HTTP/1.1" 302 -
0:0:0:0:0:0:0:1 - - [21/Dec/2022:09:28:03 +0300] "GET /login HTTP/1.1" 200 1158
0:0:0:0:0:0:0:1 - - [21/Dec/2022:10:04:15 +0300] "GET /signup HTTP/1.1" 200 1810
0:0:0:0:0:0:0:1 - - [21/Dec/2022:10:04:15 +0300] "GET /favicon.ico HTTP/1.1" 302 -
0:0:0:0:0:0:0:1 - - [21/Dec/2022:10:04:15 +0300] "GET /login HTTP/1.1" 200 1158
0:0:0:0:0:0:0:1 - - [21/Dec/2022:10:04:22 +0300] "POST /user/register HTTP/1.1" 302 -
0:0:0:0:0:0:0:1 - - [21/Dec/2022:10:04:22 +0300] "GET /login HTTP/1.1" 200 1158
0:0:0:0:0:0:0:1 - - [21/Dec/2022:10:04:22 +0300] "GET /favicon.ico HTTP/1.1" 302 -
0:0:0:0:0:0:0:1 - - [21/Dec/2022:10:04:22 +0300] "GET /login HTTP/1.1" 200 1158
