0:0:0:0:0:0:0:1 - - [07/Jan/2023:00:28:27 +0300] "GET / HTTP/1.1" 302 -
0:0:0:0:0:0:0:1 - - [07/Jan/2023:00:28:27 +0300] "GET /login HTTP/1.1" 200 1158
0:0:0:0:0:0:0:1 - - [07/Jan/2023:00:28:27 +0300] "GET /favicon.ico HTTP/1.1" 302 -
0:0:0:0:0:0:0:1 - - [07/Jan/2023:00:28:27 +0300] "GET /login HTTP/1.1" 200 1158
0:0:0:0:0:0:0:1 - - [07/Jan/2023:00:28:30 +0300] "GET /signup HTTP/1.1" 200 1810
0:0:0:0:0:0:0:1 - - [07/Jan/2023:00:28:30 +0300] "GET /favicon.ico HTTP/1.1" 302 -
0:0:0:0:0:0:0:1 - - [07/Jan/2023:00:28:30 +0300] "GET /login HTTP/1.1" 200 1158
0:0:0:0:0:0:0:1 - - [07/Jan/2023:00:28:37 +0300] "POST /user/register HTTP/1.1" 200 1916
0:0:0:0:0:0:0:1 - - [07/Jan/2023:00:28:37 +0300] "GET /favicon.ico HTTP/1.1" 302 -
0:0:0:0:0:0:0:1 - - [07/Jan/2023:00:28:37 +0300] "GET /login HTTP/1.1" 200 1158
0:0:0:0:0:0:0:1 - - [07/Jan/2023:00:30:18 +0300] "POST /user/register HTTP/1.1" 200 1916
0:0:0:0:0:0:0:1 - - [07/Jan/2023:00:30:18 +0300] "GET /favicon.ico HTTP/1.1" 302 -
0:0:0:0:0:0:0:1 - - [07/Jan/2023:00:30:18 +0300] "GET /login HTTP/1.1" 200 1158
0:0:0:0:0:0:0:1 - - [07/Jan/2023:00:30:26 +0300] "POST /user/register HTTP/1.1" 200 1916
0:0:0:0:0:0:0:1 - - [07/Jan/2023:00:30:26 +0300] "GET /favicon.ico HTTP/1.1" 302 -
0:0:0:0:0:0:0:1 - - [07/Jan/2023:00:30:26 +0300] "GET /login HTTP/1.1" 200 1158
0:0:0:0:0:0:0:1 - - [07/Jan/2023:00:31:20 +0300] "POST /user/register HTTP/1.1" 302 -
0:0:0:0:0:0:0:1 - - [07/Jan/2023:00:31:20 +0300] "GET /login HTTP/1.1" 200 1158
0:0:0:0:0:0:0:1 - - [07/Jan/2023:00:31:20 +0300] "GET /favicon.ico HTTP/1.1" 302 -
0:0:0:0:0:0:0:1 - - [07/Jan/2023:00:31:20 +0300] "GET /login HTTP/1.1" 200 1158
0:0:0:0:0:0:0:1 - - [07/Jan/2023:00:31:26 +0300] "GET /registrationConfirm?token=95de39b8-bad2-4a86-87c3-12103c81fb6d HTTP/1.1" 302 -
0:0:0:0:0:0:0:1 - - [07/Jan/2023:00:31:26 +0300] "GET /login HTTP/1.1" 200 1158
0:0:0:0:0:0:0:1 - - [07/Jan/2023:00:31:26 +0300] "GET /favicon.ico HTTP/1.1" 302 -
0:0:0:0:0:0:0:1 - - [07/Jan/2023:00:31:26 +0300] "GET /login HTTP/1.1" 200 1158
0:0:0:0:0:0:0:1 - - [07/Jan/2023:00:31:34 +0300] "POST /doLogin HTTP/1.1" 302 -
0:0:0:0:0:0:0:1 - - [07/Jan/2023:00:31:34 +0300] "GET /login?error HTTP/1.1" 200 1226
0:0:0:0:0:0:0:1 - - [07/Jan/2023:00:31:34 +0300] "GET /favicon.ico HTTP/1.1" 302 -
0:0:0:0:0:0:0:1 - - [07/Jan/2023:00:31:34 +0300] "GET /login HTTP/1.1" 200 1158
0:0:0:0:0:0:0:1 - - [07/Jan/2023:00:38:03 +0300] "POST /doLogin HTTP/1.1" 302 -
0:0:0:0:0:0:0:1 - - [07/Jan/2023:00:38:03 +0300] "GET /login?error HTTP/1.1" 200 1226
0:0:0:0:0:0:0:1 - - [07/Jan/2023:00:38:03 +0300] "GET /favicon.ico HTTP/1.1" 302 -
0:0:0:0:0:0:0:1 - - [07/Jan/2023:00:38:03 +0300] "GET /login HTTP/1.1" 200 1158
0:0:0:0:0:0:0:1 - - [07/Jan/2023:00:38:10 +0300] "POST /doLogin HTTP/1.1" 302 -
0:0:0:0:0:0:0:1 - - [07/Jan/2023:00:38:10 +0300] "GET /login?error HTTP/1.1" 200 1226
0:0:0:0:0:0:0:1 - - [07/Jan/2023:00:38:10 +0300] "GET /favicon.ico HTTP/1.1" 302 -
0:0:0:0:0:0:0:1 - - [07/Jan/2023:00:38:10 +0300] "GET /login HTTP/1.1" 200 1158
0:0:0:0:0:0:0:1 - - [07/Jan/2023:00:38:49 +0300] "GET /signup HTTP/1.1" 200 1810
0:0:0:0:0:0:0:1 - - [07/Jan/2023:00:38:49 +0300] "GET /favicon.ico HTTP/1.1" 302 -
0:0:0:0:0:0:0:1 - - [07/Jan/2023:00:38:49 +0300] "GET /login HTTP/1.1" 200 1158
0:0:0:0:0:0:0:1 - - [07/Jan/2023:00:38:55 +0300] "POST /user/register HTTP/1.1" 200 1889
0:0:0:0:0:0:0:1 - - [07/Jan/2023:00:38:55 +0300] "GET /favicon.ico HTTP/1.1" 302 -
0:0:0:0:0:0:0:1 - - [07/Jan/2023:00:38:55 +0300] "GET /login HTTP/1.1" 200 1158
0:0:0:0:0:0:0:1 - - [07/Jan/2023:00:39:03 +0300] "POST /user/register HTTP/1.1" 302 -
0:0:0:0:0:0:0:1 - - [07/Jan/2023:00:39:03 +0300] "GET /login HTTP/1.1" 200 1158
0:0:0:0:0:0:0:1 - - [07/Jan/2023:00:39:03 +0300] "GET /favicon.ico HTTP/1.1" 302 -
0:0:0:0:0:0:0:1 - - [07/Jan/2023:00:39:03 +0300] "GET /login HTTP/1.1" 200 1158
0:0:0:0:0:0:0:1 - - [07/Jan/2023:00:39:09 +0300] "GET /registrationConfirm?token=d04926de-eac8-43d2-bf26-3b01c1491112 HTTP/1.1" 302 -
0:0:0:0:0:0:0:1 - - [07/Jan/2023:00:39:09 +0300] "GET /login HTTP/1.1" 200 1158
0:0:0:0:0:0:0:1 - - [07/Jan/2023:00:39:09 +0300] "GET /favicon.ico HTTP/1.1" 302 -
0:0:0:0:0:0:0:1 - - [07/Jan/2023:00:39:09 +0300] "GET /login HTTP/1.1" 200 1158
0:0:0:0:0:0:0:1 - - [07/Jan/2023:00:39:17 +0300] "POST /doLogin HTTP/1.1" 302 -
0:0:0:0:0:0:0:1 - - [07/Jan/2023:00:39:17 +0300] "GET /login?error HTTP/1.1" 200 1226
0:0:0:0:0:0:0:1 - - [07/Jan/2023:00:39:17 +0300] "GET /favicon.ico HTTP/1.1" 302 -
0:0:0:0:0:0:0:1 - - [07/Jan/2023:00:39:17 +0300] "GET /login HTTP/1.1" 200 1158
0:0:0:0:0:0:0:1 - - [07/Jan/2023:00:47:29 +0300] "GET /registrationConfirm?token=d04926de-eac8-43d2-bf26-3b01c1491112 HTTP/1.1" 302 -
0:0:0:0:0:0:0:1 - - [07/Jan/2023:00:47:29 +0300] "GET /login HTTP/1.1" 200 1158
0:0:0:0:0:0:0:1 - - [07/Jan/2023:00:47:29 +0300] "GET /favicon.ico HTTP/1.1" 302 -
0:0:0:0:0:0:0:1 - - [07/Jan/2023:00:47:29 +0300] "GET /login HTTP/1.1" 200 1158
0:0:0:0:0:0:0:1 - - [07/Jan/2023:00:48:24 +0300] "GET /registrationConfirm?token=d04926de-eac8-43d2-bf26-3b01c1491112 HTTP/1.1" 302 -
0:0:0:0:0:0:0:1 - - [07/Jan/2023:00:48:24 +0300] "GET /login HTTP/1.1" 200 1158
0:0:0:0:0:0:0:1 - - [07/Jan/2023:00:48:24 +0300] "GET /favicon.ico HTTP/1.1" 302 -
0:0:0:0:0:0:0:1 - - [07/Jan/2023:00:48:24 +0300] "GET /login HTTP/1.1" 200 1158
0:0:0:0:0:0:0:1 - - [07/Jan/2023:00:48:34 +0300] "GET /registrationConfirm?token=d04926de-eac8-43d2-bf26-3b01c1491112 HTTP/1.1" 302 -
0:0:0:0:0:0:0:1 - - [07/Jan/2023:00:48:34 +0300] "GET /login HTTP/1.1" 200 1158
0:0:0:0:0:0:0:1 - - [07/Jan/2023:00:48:35 +0300] "GET /favicon.ico HTTP/1.1" 302 -
0:0:0:0:0:0:0:1 - - [07/Jan/2023:00:48:35 +0300] "GET /login HTTP/1.1" 200 1158
0:0:0:0:0:0:0:1 - - [07/Jan/2023:00:48:45 +0300] "GET /registrationConfirm?token=d04926de-eac8-43d2-bf26-3b01c1491112 HTTP/1.1" 302 -
0:0:0:0:0:0:0:1 - - [07/Jan/2023:00:48:45 +0300] "GET /login HTTP/1.1" 200 1158
0:0:0:0:0:0:0:1 - - [07/Jan/2023:00:48:45 +0300] "GET /favicon.ico HTTP/1.1" 302 -
0:0:0:0:0:0:0:1 - - [07/Jan/2023:00:48:45 +0300] "GET /login HTTP/1.1" 200 1158
0:0:0:0:0:0:0:1 - - [07/Jan/2023:00:51:05 +0300] "GET /registrationConfirm?token=d04926de-eac8-43d2-bf26-3b01c1491112 HTTP/1.1" 302 -
0:0:0:0:0:0:0:1 - - [07/Jan/2023:00:51:05 +0300] "GET /login HTTP/1.1" 200 1158
0:0:0:0:0:0:0:1 - - [07/Jan/2023:00:51:05 +0300] "GET /favicon.ico HTTP/1.1" 302 -
0:0:0:0:0:0:0:1 - - [07/Jan/2023:00:51:05 +0300] "GET /login HTTP/1.1" 200 1158
0:0:0:0:0:0:0:1 - - [07/Jan/2023:00:52:11 +0300] "GET /registrationConfirm?token=d04926de-eac8-43d2-bf26-3b01c1491112 HTTP/1.1" 302 -
0:0:0:0:0:0:0:1 - - [07/Jan/2023:00:52:11 +0300] "GET /login HTTP/1.1" 200 1158
0:0:0:0:0:0:0:1 - - [07/Jan/2023:00:52:11 +0300] "GET /favicon.ico HTTP/1.1" 302 -
0:0:0:0:0:0:0:1 - - [07/Jan/2023:00:52:11 +0300] "GET /login HTTP/1.1" 200 1158
0:0:0:0:0:0:0:1 - - [07/Jan/2023:00:53:14 +0300] "GET /registrationConfirm?token=d04926de-eac8-43d2-bf26-3b01c1491112 HTTP/1.1" 302 -
0:0:0:0:0:0:0:1 - - [07/Jan/2023:00:53:14 +0300] "GET /login HTTP/1.1" 200 1158
0:0:0:0:0:0:0:1 - - [07/Jan/2023:00:53:14 +0300] "GET /favicon.ico HTTP/1.1" 302 -
0:0:0:0:0:0:0:1 - - [07/Jan/2023:00:53:14 +0300] "GET /login HTTP/1.1" 200 1158
0:0:0:0:0:0:0:1 - - [07/Jan/2023:00:55:12 +0300] "GET /registrationConfirm?token=d04926de-eac8-43d2-bf26-3b01c1491112 HTTP/1.1" 302 -
0:0:0:0:0:0:0:1 - - [07/Jan/2023:00:55:12 +0300] "GET /login HTTP/1.1" 200 1158
0:0:0:0:0:0:0:1 - - [07/Jan/2023:00:57:15 +0300] "GET /registrationConfirm?token=d04926de-eac8-43d2-bf26-3b01c1491112 HTTP/1.1" 500 14751
0:0:0:0:0:0:0:1 - - [07/Jan/2023:00:58:42 +0300] "GET /registrationConfirm?token=d04926de-eac8-43d2-bf26-3b01c1491112 HTTP/1.1" 302 -
0:0:0:0:0:0:0:1 - - [07/Jan/2023:00:58:42 +0300] "GET /login HTTP/1.1" 200 1158
0:0:0:0:0:0:0:1 - - [07/Jan/2023:00:59:13 +0300] "GET /login HTTP/1.1" 200 1158
0:0:0:0:0:0:0:1 - - [07/Jan/2023:00:59:13 +0300] "GET /favicon.ico HTTP/1.1" 302 -
0:0:0:0:0:0:0:1 - - [07/Jan/2023:00:59:13 +0300] "GET /login HTTP/1.1" 200 1158
0:0:0:0:0:0:0:1 - - [07/Jan/2023:00:59:18 +0300] "POST /doLogin HTTP/1.1" 302 -
0:0:0:0:0:0:0:1 - - [07/Jan/2023:00:59:18 +0300] "GET /registrationConfirm?token=d04926de-eac8-43d2-bf26-3b01c1491112 HTTP/1.1" 302 -
0:0:0:0:0:0:0:1 - - [07/Jan/2023:00:59:18 +0300] "GET /login HTTP/1.1" 200 1158
0:0:0:0:0:0:0:1 - - [07/Jan/2023:00:59:18 +0300] "GET /favicon.ico HTTP/1.1" 200 1150
0:0:0:0:0:0:0:1 - - [07/Jan/2023:00:59:40 +0300] "POST /doLogin HTTP/1.1" 302 -
0:0:0:0:0:0:0:1 - - [07/Jan/2023:00:59:40 +0300] "GET / HTTP/1.1" 302 -
0:0:0:0:0:0:0:1 - - [07/Jan/2023:00:59:40 +0300] "GET /user HTTP/1.1" 200 1229
0:0:0:0:0:0:0:1 - - [07/Jan/2023:00:59:43 +0300] "GET /user HTTP/1.1" 200 1229
0:0:0:0:0:0:0:1 - - [07/Jan/2023:00:59:43 +0300] "GET /favicon.ico HTTP/1.1" 200 1150
0:0:0:0:0:0:0:1 - - [07/Jan/2023:00:59:45 +0300] "GET /logout HTTP/1.1" 302 -
0:0:0:0:0:0:0:1 - - [07/Jan/2023:00:59:45 +0300] "GET /login?logout HTTP/1.1" 200 1221
0:0:0:0:0:0:0:1 - - [07/Jan/2023:00:59:55 +0300] "POST /doLogin HTTP/1.1" 302 -
0:0:0:0:0:0:0:1 - - [07/Jan/2023:00:59:55 +0300] "GET / HTTP/1.1" 302 -
0:0:0:0:0:0:0:1 - - [07/Jan/2023:00:59:55 +0300] "GET /user HTTP/1.1" 200 1229
0:0:0:0:0:0:0:1 - - [07/Jan/2023:00:59:57 +0300] "GET /logout HTTP/1.1" 302 -
0:0:0:0:0:0:0:1 - - [07/Jan/2023:00:59:57 +0300] "GET /login?logout HTTP/1.1" 200 1221
0:0:0:0:0:0:0:1 - - [07/Jan/2023:01:00:22 +0300] "GET /login?logout HTTP/1.1" 200 1221
0:0:0:0:0:0:0:1 - - [07/Jan/2023:01:00:22 +0300] "GET /favicon.ico HTTP/1.1" 302 -
0:0:0:0:0:0:0:1 - - [07/Jan/2023:01:00:22 +0300] "GET /login HTTP/1.1" 200 1158
0:0:0:0:0:0:0:1 - - [07/Jan/2023:01:00:26 +0300] "POST /doLogin HTTP/1.1" 302 -
0:0:0:0:0:0:0:1 - - [07/Jan/2023:01:00:26 +0300] "GET /login?error HTTP/1.1" 200 1226
0:0:0:0:0:0:0:1 - - [07/Jan/2023:01:00:26 +0300] "GET /favicon.ico HTTP/1.1" 302 -
0:0:0:0:0:0:0:1 - - [07/Jan/2023:01:00:26 +0300] "GET /login HTTP/1.1" 200 1158
0:0:0:0:0:0:0:1 - - [07/Jan/2023:01:00:28 +0300] "GET /signup HTTP/1.1" 200 1810
0:0:0:0:0:0:0:1 - - [07/Jan/2023:01:00:28 +0300] "GET /favicon.ico HTTP/1.1" 302 -
0:0:0:0:0:0:0:1 - - [07/Jan/2023:01:00:28 +0300] "GET /login HTTP/1.1" 200 1158
0:0:0:0:0:0:0:1 - - [07/Jan/2023:01:00:37 +0300] "POST /user/register HTTP/1.1" 302 -
0:0:0:0:0:0:0:1 - - [07/Jan/2023:01:00:37 +0300] "GET /login HTTP/1.1" 200 1158
0:0:0:0:0:0:0:1 - - [07/Jan/2023:01:00:37 +0300] "GET /favicon.ico HTTP/1.1" 302 -
0:0:0:0:0:0:0:1 - - [07/Jan/2023:01:00:37 +0300] "GET /login HTTP/1.1" 200 1158
0:0:0:0:0:0:0:1 - - [07/Jan/2023:01:00:58 +0300] "GET /registrationConfirm?token=27659944-9b5a-4d0d-87d7-cbfe21ecac83 HTTP/1.1" 302 -
0:0:0:0:0:0:0:1 - - [07/Jan/2023:01:00:58 +0300] "GET /login HTTP/1.1" 200 1158
0:0:0:0:0:0:0:1 - - [07/Jan/2023:01:00:58 +0300] "GET /favicon.ico HTTP/1.1" 302 -
0:0:0:0:0:0:0:1 - - [07/Jan/2023:01:00:58 +0300] "GET /login HTTP/1.1" 200 1158
0:0:0:0:0:0:0:1 - - [07/Jan/2023:01:01:09 +0300] "POST /doLogin HTTP/1.1" 302 -
0:0:0:0:0:0:0:1 - - [07/Jan/2023:01:01:09 +0300] "GET / HTTP/1.1" 302 -
0:0:0:0:0:0:0:1 - - [07/Jan/2023:01:01:09 +0300] "GET /user HTTP/1.1" 200 1228
0:0:0:0:0:0:0:1 - - [07/Jan/2023:01:01:09 +0300] "GET /favicon.ico HTTP/1.1" 200 1150
0:0:0:0:0:0:0:1 - - [07/Jan/2023:01:01:11 +0300] "GET /user/4 HTTP/1.1" 200 1195
0:0:0:0:0:0:0:1 - - [07/Jan/2023:01:01:14 +0300] "GET /user/ HTTP/1.1" 200 1228
0:0:0:0:0:0:0:1 - - [07/Jan/2023:01:01:31 +0300] "GET /logout HTTP/1.1" 302 -
0:0:0:0:0:0:0:1 - - [07/Jan/2023:01:01:31 +0300] "GET /login?logout HTTP/1.1" 200 1221
0:0:0:0:0:0:0:1 - - [07/Jan/2023:01:01:35 +0300] "GET /loginn HTTP/1.1" 302 -
0:0:0:0:0:0:0:1 - - [07/Jan/2023:01:01:35 +0300] "GET /login HTTP/1.1" 200 1158
0:0:0:0:0:0:0:1 - - [07/Jan/2023:01:01:39 +0300] "GET /loginye HTTP/1.1" 302 -
0:0:0:0:0:0:0:1 - - [07/Jan/2023:01:01:39 +0300] "GET /login HTTP/1.1" 200 1158
0:0:0:0:0:0:0:1 - - [07/Jan/2023:01:04:26 +0300] "GET /signup HTTP/1.1" 200 1810
0:0:0:0:0:0:0:1 - - [07/Jan/2023:01:04:35 +0300] "POST /user/register HTTP/1.1" 302 -
0:0:0:0:0:0:0:1 - - [07/Jan/2023:01:04:35 +0300] "GET /login HTTP/1.1" 200 1168
0:0:0:0:0:0:0:1 - - [07/Jan/2023:01:04:43 +0300] "GET /registrationConfirm?token=eed8e6cc-a9c8-4e6d-9939-4ada0e99a46c HTTP/1.1" 302 -
0:0:0:0:0:0:0:1 - - [07/Jan/2023:01:04:44 +0300] "GET /login HTTP/1.1" 200 1241
0:0:0:0:0:0:0:1 - - [07/Jan/2023:01:06:43 +0300] "GET /login HTTP/1.1" 200 1168
0:0:0:0:0:0:0:1 - - [07/Jan/2023:01:06:44 +0300] "GET /favicon.ico HTTP/1.1" 302 -
0:0:0:0:0:0:0:1 - - [07/Jan/2023:01:06:44 +0300] "GET /login HTTP/1.1" 200 1168
0:0:0:0:0:0:0:1 - - [07/Jan/2023:01:06:49 +0300] "POST /doLogin HTTP/1.1" 302 -
0:0:0:0:0:0:0:1 - - [07/Jan/2023:01:06:49 +0300] "GET /login?error HTTP/1.1" 200 1221
0:0:0:0:0:0:0:1 - - [07/Jan/2023:01:06:49 +0300] "GET /favicon.ico HTTP/1.1" 302 -
0:0:0:0:0:0:0:1 - - [07/Jan/2023:01:06:49 +0300] "GET /login HTTP/1.1" 200 1168
0:0:0:0:0:0:0:1 - - [07/Jan/2023:01:06:50 +0300] "GET /signup HTTP/1.1" 200 1654
0:0:0:0:0:0:0:1 - - [07/Jan/2023:01:06:50 +0300] "GET /favicon.ico HTTP/1.1" 302 -
0:0:0:0:0:0:0:1 - - [07/Jan/2023:01:06:50 +0300] "GET /login HTTP/1.1" 200 1168
0:0:0:0:0:0:0:1 - - [07/Jan/2023:01:06:59 +0300] "POST /user/register HTTP/1.1" 302 -
0:0:0:0:0:0:0:1 - - [07/Jan/2023:01:06:59 +0300] "GET /login HTTP/1.1" 200 1168
0:0:0:0:0:0:0:1 - - [07/Jan/2023:01:06:59 +0300] "GET /favicon.ico HTTP/1.1" 302 -
0:0:0:0:0:0:0:1 - - [07/Jan/2023:01:06:59 +0300] "GET /login HTTP/1.1" 200 1168
0:0:0:0:0:0:0:1 - - [07/Jan/2023:01:07:05 +0300] "GET /registrationConfirm?token=3e14069f-0198-4dd9-ac0d-cb62caba1213 HTTP/1.1" 302 -
0:0:0:0:0:0:0:1 - - [07/Jan/2023:01:07:05 +0300] "GET /login HTTP/1.1" 200 1241
0:0:0:0:0:0:0:1 - - [07/Jan/2023:01:07:05 +0300] "GET /favicon.ico HTTP/1.1" 302 -
0:0:0:0:0:0:0:1 - - [07/Jan/2023:01:07:05 +0300] "GET /login HTTP/1.1" 200 1168
0:0:0:0:0:0:0:1 - - [07/Jan/2023:01:07:11 +0300] "POST /doLogin HTTP/1.1" 302 -
0:0:0:0:0:0:0:1 - - [07/Jan/2023:01:07:11 +0300] "GET /loginye HTTP/1.1" 404 306
0:0:0:0:0:0:0:1 - - [07/Jan/2023:01:07:11 +0300] "GET /favicon.ico HTTP/1.1" 200 1150
0:0:0:0:0:0:0:1 - - [07/Jan/2023:01:07:27 +0300] "GET /login HTTP/1.1" 200 1168
0:0:0:0:0:0:0:1 - - [07/Jan/2023:01:07:51 +0300] "GET /registrationConfirm?token=3e14069f-0198-4dd9-ac0d-cb62caba1213 HTTP/1.1" 302 -
0:0:0:0:0:0:0:1 - - [07/Jan/2023:01:07:51 +0300] "GET /login HTTP/1.1" 200 1241
0:0:0:0:0:0:0:1 - - [07/Jan/2023:01:07:57 +0300] "POST /doLogin HTTP/1.1" 302 -
0:0:0:0:0:0:0:1 - - [07/Jan/2023:01:07:57 +0300] "GET / HTTP/1.1" 302 -
0:0:0:0:0:0:0:1 - - [07/Jan/2023:01:07:57 +0300] "GET /user HTTP/1.1" 200 1228
0:0:0:0:0:0:0:1 - - [07/Jan/2023:01:08:05 +0300] "GET /loginye HTTP/1.1" 404 306
0:0:0:0:0:0:0:1 - - [07/Jan/2023:01:08:13 +0300] "GET /login HTTP/1.1" 200 1168
0:0:0:0:0:0:0:1 - - [07/Jan/2023:01:08:19 +0300] "POST /doLogin HTTP/1.1" 302 -
0:0:0:0:0:0:0:1 - - [07/Jan/2023:01:08:19 +0300] "GET / HTTP/1.1" 302 -
0:0:0:0:0:0:0:1 - - [07/Jan/2023:01:08:19 +0300] "GET /user HTTP/1.1" 200 1228
0:0:0:0:0:0:0:1 - - [07/Jan/2023:01:21:07 +0300] "GET /login HTTP/1.1" 200 1168
0:0:0:0:0:0:0:1 - - [07/Jan/2023:01:21:07 +0300] "GET /favicon.ico HTTP/1.1" 200 1150
0:0:0:0:0:0:0:1 - - [07/Jan/2023:01:21:14 +0300] "POST /doLogin HTTP/1.1" 302 -
0:0:0:0:0:0:0:1 - - [07/Jan/2023:01:21:14 +0300] "GET /login?error HTTP/1.1" 200 1221
0:0:0:0:0:0:0:1 - - [07/Jan/2023:01:21:15 +0300] "GET /signup HTTP/1.1" 200 1654
0:0:0:0:0:0:0:1 - - [07/Jan/2023:01:21:25 +0300] "POST /user/register HTTP/1.1" 302 -
0:0:0:0:0:0:0:1 - - [07/Jan/2023:01:21:25 +0300] "GET /login HTTP/1.1" 200 1168
0:0:0:0:0:0:0:1 - - [07/Jan/2023:01:21:57 +0300] "GET /registrationConfirm?token=8fa8bbbc-cc10-474d-aee0-500e070a3bfb HTTP/1.1" 302 -
0:0:0:0:0:0:0:1 - - [07/Jan/2023:01:21:57 +0300] "GET /login HTTP/1.1" 200 1241
0:0:0:0:0:0:0:1 - - [07/Jan/2023:01:22:05 +0300] "POST /doLogin HTTP/1.1" 302 -
0:0:0:0:0:0:0:1 - - [07/Jan/2023:01:22:05 +0300] "GET / HTTP/1.1" 302 -
0:0:0:0:0:0:0:1 - - [07/Jan/2023:01:22:05 +0300] "GET /user HTTP/1.1" 200 1228
127.0.0.1 - - [07/Jan/2023:01:24:44 +0300] "GET /logout HTTP/1.1" 302 -
127.0.0.1 - - [07/Jan/2023:01:24:45 +0300] "GET /login?logout HTTP/1.1" 200 1232
127.0.0.1 - - [07/Jan/2023:01:24:45 +0300] "GET /favicon.ico HTTP/1.1" 302 -
127.0.0.1 - - [07/Jan/2023:01:24:45 +0300] "GET /login HTTP/1.1" 200 1168
127.0.0.1 - - [07/Jan/2023:01:24:48 +0300] "GET /login HTTP/1.1" 200 1168
127.0.0.1 - - [07/Jan/2023:01:24:49 +0300] "GET /favicon.ico HTTP/1.1" 302 -
127.0.0.1 - - [07/Jan/2023:01:24:49 +0300] "GET /login HTTP/1.1" 200 1168
127.0.0.1 - - [07/Jan/2023:01:24:53 +0300] "POST /doLogin HTTP/1.1" 302 -
127.0.0.1 - - [07/Jan/2023:01:24:53 +0300] "GET / HTTP/1.1" 302 -
127.0.0.1 - - [07/Jan/2023:01:24:54 +0300] "GET /user HTTP/1.1" 200 1228
127.0.0.1 - - [07/Jan/2023:01:24:54 +0300] "GET /favicon.ico HTTP/1.1" 200 1150
127.0.0.1 - - [07/Jan/2023:01:24:55 +0300] "GET /user/7 HTTP/1.1" 200 1195
127.0.0.1 - - [07/Jan/2023:01:24:57 +0300] "GET /user/modify/7 HTTP/1.1" 200 1510
127.0.0.1 - - [07/Jan/2023:01:25:09 +0300] "POST /user/?form HTTP/1.1" 200 1692
127.0.0.1 - - [07/Jan/2023:01:25:21 +0300] "POST /user/?form HTTP/1.1" 302 -
127.0.0.1 - - [07/Jan/2023:01:25:21 +0300] "GET /user/7 HTTP/1.1" 200 1264
127.0.0.1 - - [07/Jan/2023:01:25:41 +0300] "GET /user/modify/7 HTTP/1.1" 200 1511
127.0.0.1 - - [07/Jan/2023:01:25:47 +0300] "POST /user/?form HTTP/1.1" 302 -
127.0.0.1 - - [07/Jan/2023:01:25:47 +0300] "GET /user/7 HTTP/1.1" 200 1263
127.0.0.1 - - [07/Jan/2023:01:26:02 +0300] "GET /registrationConfirm?token=3e14069f-0198-4dd9-ac0d-cb62caba1213 HTTP/1.1" 302 -
127.0.0.1 - - [07/Jan/2023:01:26:02 +0300] "GET /login HTTP/1.1" 200 1241
127.0.0.1 - - [07/Jan/2023:01:26:30 +0300] "GET /registrationConfirm?token=3e14069f-0198-4dd9-ac0d-cb62caba1213 HTTP/1.1" 302 -
127.0.0.1 - - [07/Jan/2023:01:26:30 +0300] "GET /login HTTP/1.1" 200 1241
127.0.0.1 - - [07/Jan/2023:01:26:35 +0300] "GET /registrationConfirm?token=3e14069f-0198-4dd9-ac0d-cb62caba1213 HTTP/1.1" 302 -
127.0.0.1 - - [07/Jan/2023:01:26:35 +0300] "GET /login HTTP/1.1" 200 1241
127.0.0.1 - - [07/Jan/2023:01:27:02 +0300] "GET /registrationConfirm?token=3e14069f-0198-4dd9-ac0d-cb62caba1213 HTTP/1.1" 302 -
127.0.0.1 - - [07/Jan/2023:01:27:02 +0300] "GET /login HTTP/1.1" 200 1241
0:0:0:0:0:0:0:1 - - [07/Jan/2023:01:27:45 +0300] "GET /registrationConfirm?token=8fa8bbbc-cc10-474d-aee0-500e070a3bfb HTTP/1.1" 302 -
0:0:0:0:0:0:0:1 - - [07/Jan/2023:01:27:45 +0300] "GET /login HTTP/1.1" 200 1241
127.0.0.1 - - [07/Jan/2023:01:28:00 +0300] "GET / HTTP/1.1" 302 -
127.0.0.1 - - [07/Jan/2023:01:28:00 +0300] "GET /user HTTP/1.1" 200 1228
127.0.0.1 - - [07/Jan/2023:01:28:03 +0300] "GET /logout HTTP/1.1" 302 -
127.0.0.1 - - [07/Jan/2023:01:28:03 +0300] "GET /login?logout HTTP/1.1" 200 1232
127.0.0.1 - - [07/Jan/2023:01:28:08 +0300] "POST /doLogin HTTP/1.1" 302 -
127.0.0.1 - - [07/Jan/2023:01:28:08 +0300] "GET / HTTP/1.1" 302 -
127.0.0.1 - - [07/Jan/2023:01:28:08 +0300] "GET /user HTTP/1.1" 200 1228
127.0.0.1 - - [07/Jan/2023:01:28:10 +0300] "GET /logout HTTP/1.1" 302 -
127.0.0.1 - - [07/Jan/2023:01:28:10 +0300] "GET /login?logout HTTP/1.1" 200 1232
0:0:0:0:0:0:0:1 - - [07/Jan/2023:19:47:38 +0300] "GET / HTTP/1.1" 302 -
0:0:0:0:0:0:0:1 - - [07/Jan/2023:19:47:38 +0300] "GET /login HTTP/1.1" 200 1168
0:0:0:0:0:0:0:1 - - [07/Jan/2023:19:47:40 +0300] "GET /signup HTTP/1.1" 200 1654
0:0:0:0:0:0:0:1 - - [07/Jan/2023:19:47:44 +0300] "POST /user/register HTTP/1.1" 200 1760
0:0:0:0:0:0:0:1 - - [07/Jan/2023:19:50:22 +0300] "POST /user/register HTTP/1.1" 302 -
0:0:0:0:0:0:0:1 - - [07/Jan/2023:19:50:22 +0300] "GET /login HTTP/1.1" 200 1168
0:0:0:0:0:0:0:1 - - [07/Jan/2023:19:50:38 +0300] "GET /signup HTTP/1.1" 200 1654
0:0:0:0:0:0:0:1 - - [07/Jan/2023:19:50:46 +0300] "POST /user/register HTTP/1.1" 200 1734
0:0:0:0:0:0:0:1 - - [07/Jan/2023:19:51:05 +0300] "GET /registrationConfirm?token=6a3868c9-635c-4c26-bc4a-8de564ae769f HTTP/1.1" 302 -
0:0:0:0:0:0:0:1 - - [07/Jan/2023:19:51:05 +0300] "GET /login HTTP/1.1" 200 1241
0:0:0:0:0:0:0:1 - - [07/Jan/2023:19:51:12 +0300] "POST /doLogin HTTP/1.1" 302 -
0:0:0:0:0:0:0:1 - - [07/Jan/2023:19:51:12 +0300] "GET / HTTP/1.1" 302 -
0:0:0:0:0:0:0:1 - - [07/Jan/2023:19:51:12 +0300] "GET /user HTTP/1.1" 200 1375
0:0:0:0:0:0:0:1 - - [07/Jan/2023:19:52:45 +0300] "GET /user/8 HTTP/1.1" 200 1197
0:0:0:0:0:0:0:1 - - [07/Jan/2023:19:52:46 +0300] "GET /user/modify/8 HTTP/1.1" 200 1512
0:0:0:0:0:0:0:1 - - [07/Jan/2023:19:53:51 +0300] "POST /user/?form HTTP/1.1" 302 -
0:0:0:0:0:0:0:1 - - [07/Jan/2023:19:53:51 +0300] "GET /user/8 HTTP/1.1" 200 1265
0:0:0:0:0:0:0:1 - - [07/Jan/2023:19:58:30 +0300] "GET /user/modify/8 HTTP/1.1" 200 1512
0:0:0:0:0:0:0:1 - - [07/Jan/2023:20:00:43 +0300] "POST /user/?form HTTP/1.1" 302 -
0:0:0:0:0:0:0:1 - - [07/Jan/2023:20:00:43 +0300] "GET /user/8 HTTP/1.1" 200 1265
127.0.0.1 - - [07/Jan/2023:20:01:20 +0300] "GET /user/ HTTP/1.1" 200 1375
127.0.0.1 - - [07/Jan/2023:20:01:21 +0300] "GET /favicon.ico HTTP/1.1" 200 1150
127.0.0.1 - - [07/Jan/2023:20:01:27 +0300] "GET /user/8 HTTP/1.1" 200 1197
127.0.0.1 - - [07/Jan/2023:20:01:42 +0300] "GET /user/modify/8 HTTP/1.1" 200 1512
0:0:0:0:0:0:0:1 - - [07/Jan/2023:20:14:47 +0300] "POST /user/?form HTTP/1.1" 302 -
0:0:0:0:0:0:0:1 - - [07/Jan/2023:20:14:47 +0300] "GET /user/8 HTTP/1.1" 200 1265
0:0:0:0:0:0:0:1 - - [07/Jan/2023:20:18:16 +0300] "GET /user/modify/8 HTTP/1.1" 200 1512
0:0:0:0:0:0:0:1 - - [07/Jan/2023:20:18:27 +0300] "POST /user/?form HTTP/1.1" 200 1597
0:0:0:0:0:0:0:1 - - [07/Jan/2023:20:18:43 +0300] "POST /user/?form HTTP/1.1" 200 1597
0:0:0:0:0:0:0:1 - - [07/Jan/2023:20:19:32 +0300] "GET /user/ HTTP/1.1" 200 1375
0:0:0:0:0:0:0:1 - - [07/Jan/2023:20:19:33 +0300] "GET /user/8 HTTP/1.1" 200 1197
0:0:0:0:0:0:0:1 - - [07/Jan/2023:20:19:36 +0300] "GET /user/modify/8 HTTP/1.1" 200 1512
0:0:0:0:0:0:0:1 - - [07/Jan/2023:20:19:46 +0300] "POST /user/?form HTTP/1.1" 200 1597
0:0:0:0:0:0:0:1 - - [07/Jan/2023:20:20:59 +0300] "GET /user/ HTTP/1.1" 200 1375
0:0:0:0:0:0:0:1 - - [07/Jan/2023:20:21:01 +0300] "GET /user/8 HTTP/1.1" 200 1197
0:0:0:0:0:0:0:1 - - [07/Jan/2023:20:21:07 +0300] "GET /user/modify/8 HTTP/1.1" 200 1512
0:0:0:0:0:0:0:1 - - [07/Jan/2023:20:21:25 +0300] "POST /user/?form HTTP/1.1" 200 1597
0:0:0:0:0:0:0:1 - - [07/Jan/2023:20:21:31 +0300] "GET /user/modify/8 HTTP/1.1" 200 1512
0:0:0:0:0:0:0:1 - - [07/Jan/2023:20:22:27 +0300] "POST /user/?form HTTP/1.1" 200 1597
0:0:0:0:0:0:0:1 - - [07/Jan/2023:20:22:44 +0300] "POST /user/?form HTTP/1.1" 302 -
0:0:0:0:0:0:0:1 - - [07/Jan/2023:20:22:44 +0300] "GET /user/8 HTTP/1.1" 200 1265
0:0:0:0:0:0:0:1 - - [07/Jan/2023:20:22:46 +0300] "GET /user/modify/8 HTTP/1.1" 200 1512
0:0:0:0:0:0:0:1 - - [07/Jan/2023:20:29:11 +0300] "GET /user/ HTTP/1.1" 200 1375
0:0:0:0:0:0:0:1 - - [07/Jan/2023:20:29:13 +0300] "GET /user/ HTTP/1.1" 200 1375
0:0:0:0:0:0:0:1 - - [07/Jan/2023:20:29:13 +0300] "GET /favicon.ico HTTP/1.1" 200 1150
0:0:0:0:0:0:0:1 - - [07/Jan/2023:20:29:14 +0300] "GET /user/8 HTTP/1.1" 200 1197
0:0:0:0:0:0:0:1 - - [07/Jan/2023:20:29:15 +0300] "GET /user/modify/8 HTTP/1.1" 200 1512
0:0:0:0:0:0:0:1 - - [07/Jan/2023:20:29:23 +0300] "POST /user/?form HTTP/1.1" 302 -
0:0:0:0:0:0:0:1 - - [07/Jan/2023:20:29:23 +0300] "GET /user/8 HTTP/1.1" 200 1265
0:0:0:0:0:0:0:1 - - [07/Jan/2023:20:30:32 +0300] "GET /user/8 HTTP/1.1" 200 1197
0:0:0:0:0:0:0:1 - - [07/Jan/2023:20:30:33 +0300] "GET /favicon.ico HTTP/1.1" 200 1150
0:0:0:0:0:0:0:1 - - [07/Jan/2023:20:30:34 +0300] "GET /user/modify/8 HTTP/1.1" 200 1512
0:0:0:0:0:0:0:1 - - [07/Jan/2023:20:30:39 +0300] "POST /user/?form HTTP/1.1" 302 -
0:0:0:0:0:0:0:1 - - [07/Jan/2023:20:30:39 +0300] "GET /user/8 HTTP/1.1" 200 1265
0:0:0:0:0:0:0:1 - - [07/Jan/2023:20:31:02 +0300] "GET /user/modify/8 HTTP/1.1" 200 1512
0:0:0:0:0:0:0:1 - - [07/Jan/2023:20:31:10 +0300] "POST /user/?form HTTP/1.1" 302 -
0:0:0:0:0:0:0:1 - - [07/Jan/2023:20:31:10 +0300] "GET /user/8 HTTP/1.1" 200 1265
127.0.0.1 - - [07/Jan/2023:20:32:38 +0300] "GET /user/8 HTTP/1.1" 200 1197
127.0.0.1 - - [07/Jan/2023:20:32:38 +0300] "GET /favicon.ico HTTP/1.1" 200 1150
127.0.0.1 - - [07/Jan/2023:20:32:41 +0300] "GET /user/8 HTTP/1.1" 200 1197
127.0.0.1 - - [07/Jan/2023:20:32:41 +0300] "GET /favicon.ico HTTP/1.1" 200 1150
127.0.0.1 - - [07/Jan/2023:20:32:55 +0300] "GET /user/modify/8 HTTP/1.1" 200 1512
127.0.0.1 - - [07/Jan/2023:20:33:01 +0300] "POST /user/?form HTTP/1.1" 200 1600
127.0.0.1 - - [07/Jan/2023:20:33:06 +0300] "POST /user/?form HTTP/1.1" 302 -
127.0.0.1 - - [07/Jan/2023:20:33:06 +0300] "GET /user/8 HTTP/1.1" 200 1265
127.0.0.1 - - [07/Jan/2023:20:33:45 +0300] "GET /user/ HTTP/1.1" 200 1375
0:0:0:0:0:0:0:1 - - [07/Jan/2023:20:55:12 +0300] "POST /user/register HTTP/1.1" 302 -
0:0:0:0:0:0:0:1 - - [07/Jan/2023:20:55:12 +0300] "GET /login HTTP/1.1" 200 1168
0:0:0:0:0:0:0:1 - - [07/Jan/2023:20:56:07 +0300] "GET /signup HTTP/1.1" 200 1654
0:0:0:0:0:0:0:1 - - [07/Jan/2023:20:56:14 +0300] "POST /user/register HTTP/1.1" 302 -
0:0:0:0:0:0:0:1 - - [07/Jan/2023:20:56:14 +0300] "GET /login HTTP/1.1" 200 1168
0:0:0:0:0:0:0:1 - - [07/Jan/2023:20:56:55 +0300] "GET /registrationConfirm?token=71e473b4-2a63-45b2-b958-47fda9ad52fc HTTP/1.1" 302 -
0:0:0:0:0:0:0:1 - - [07/Jan/2023:20:56:55 +0300] "GET /login HTTP/1.1" 200 1241
0:0:0:0:0:0:0:1 - - [07/Jan/2023:20:57:04 +0300] "POST /doLogin HTTP/1.1" 302 -
0:0:0:0:0:0:0:1 - - [07/Jan/2023:20:57:04 +0300] "GET / HTTP/1.1" 302 -
0:0:0:0:0:0:0:1 - - [07/Jan/2023:20:57:04 +0300] "GET /user HTTP/1.1" 200 1228
0:0:0:0:0:0:0:1 - - [07/Jan/2023:20:57:05 +0300] "GET /user/1 HTTP/1.1" 200 1195
0:0:0:0:0:0:0:1 - - [07/Jan/2023:20:57:07 +0300] "GET /user HTTP/1.1" 200 1228
0:0:0:0:0:0:0:1 - - [07/Jan/2023:20:57:08 +0300] "GET /logout HTTP/1.1" 302 -
0:0:0:0:0:0:0:1 - - [07/Jan/2023:20:57:08 +0300] "GET /login?logout HTTP/1.1" 200 1232
0:0:0:0:0:0:0:1 - - [07/Jan/2023:20:57:17 +0300] "GET /user/ HTTP/1.1" 302 -
0:0:0:0:0:0:0:1 - - [07/Jan/2023:20:57:17 +0300] "GET /login HTTP/1.1" 200 1168
0:0:0:0:0:0:0:1 - - [07/Jan/2023:20:57:17 +0300] "GET /favicon.ico HTTP/1.1" 302 -
0:0:0:0:0:0:0:1 - - [07/Jan/2023:20:57:17 +0300] "GET /login HTTP/1.1" 200 1168
0:0:0:0:0:0:0:1 - - [07/Jan/2023:20:57:18 +0300] "GET /login HTTP/1.1" 200 1168
0:0:0:0:0:0:0:1 - - [07/Jan/2023:20:57:18 +0300] "GET /favicon.ico HTTP/1.1" 302 -
0:0:0:0:0:0:0:1 - - [07/Jan/2023:20:57:18 +0300] "GET /login HTTP/1.1" 200 1168
0:0:0:0:0:0:0:1 - - [07/Jan/2023:20:57:27 +0300] "POST /doLogin HTTP/1.1" 302 -
0:0:0:0:0:0:0:1 - - [07/Jan/2023:20:57:27 +0300] "GET /user/ HTTP/1.1" 200 1228
0:0:0:0:0:0:0:1 - - [07/Jan/2023:20:57:27 +0300] "GET /favicon.ico HTTP/1.1" 200 1150
0:0:0:0:0:0:0:1 - - [07/Jan/2023:20:57:29 +0300] "GET /user/1 HTTP/1.1" 200 1195
0:0:0:0:0:0:0:1 - - [07/Jan/2023:20:57:30 +0300] "GET /user/ HTTP/1.1" 200 1228
0:0:0:0:0:0:0:1 - - [07/Jan/2023:20:57:32 +0300] "GET /user/1 HTTP/1.1" 200 1195
0:0:0:0:0:0:0:1 - - [07/Jan/2023:20:57:34 +0300] "GET /user/modify/1 HTTP/1.1" 200 1510
0:0:0:0:0:0:0:1 - - [07/Jan/2023:20:57:35 +0300] "GET /user/1 HTTP/1.1" 200 1195
0:0:0:0:0:0:0:1 - - [07/Jan/2023:20:57:37 +0300] "GET /user/delete/1 HTTP/1.1" 500 16290
0:0:0:0:0:0:0:1 - - [07/Jan/2023:21:00:06 +0300] "GET /user/1 HTTP/1.1" 200 1195
0:0:0:0:0:0:0:1 - - [07/Jan/2023:21:00:08 +0300] "GET /user/1 HTTP/1.1" 200 1195
0:0:0:0:0:0:0:1 - - [07/Jan/2023:21:00:09 +0300] "GET /favicon.ico HTTP/1.1" 200 1150
0:0:0:0:0:0:0:1 - - [07/Jan/2023:21:00:10 +0300] "GET /user/ HTTP/1.1" 200 1228
0:0:0:0:0:0:0:1 - - [07/Jan/2023:21:00:11 +0300] "GET /user/1 HTTP/1.1" 200 1195
0:0:0:0:0:0:0:1 - - [07/Jan/2023:21:00:12 +0300] "GET /user/modify/1 HTTP/1.1" 200 1510
0:0:0:0:0:0:0:1 - - [07/Jan/2023:21:00:13 +0300] "GET /user/1 HTTP/1.1" 200 1195
0:0:0:0:0:0:0:1 - - [07/Jan/2023:21:00:14 +0300] "GET /user/delete/1 HTTP/1.1" 302 -
0:0:0:0:0:0:0:1 - - [07/Jan/2023:21:00:14 +0300] "GET / HTTP/1.1" 302 -
0:0:0:0:0:0:0:1 - - [07/Jan/2023:21:00:14 +0300] "GET /user HTTP/1.1" 200 1152
0:0:0:0:0:0:0:1 - - [07/Jan/2023:21:01:28 +0300] "GET /user/?form HTTP/1.1" 200 1490
0:0:0:0:0:0:0:1 - - [07/Jan/2023:21:01:35 +0300] "POST /user/?form HTTP/1.1" 302 -
0:0:0:0:0:0:0:1 - - [07/Jan/2023:21:01:35 +0300] "GET /user/2 HTTP/1.1" 200 1265
0:0:0:0:0:0:0:1 - - [07/Jan/2023:21:03:38 +0300] "GET /user/delete/2 HTTP/1.1" 302 -
0:0:0:0:0:0:0:1 - - [07/Jan/2023:21:03:38 +0300] "GET / HTTP/1.1" 302 -
0:0:0:0:0:0:0:1 - - [07/Jan/2023:21:03:39 +0300] "GET /user HTTP/1.1" 200 1152
0:0:0:0:0:0:0:1 - - [07/Jan/2023:21:03:40 +0300] "GET /user/?form HTTP/1.1" 200 1490
0:0:0:0:0:0:0:1 - - [07/Jan/2023:21:04:20 +0300] "POST /user/?form HTTP/1.1" 302 -
0:0:0:0:0:0:0:1 - - [07/Jan/2023:21:04:20 +0300] "GET /user/3 HTTP/1.1" 200 1265
0:0:0:0:0:0:0:1 - - [07/Jan/2023:21:04:29 +0300] "GET /user/modify/3 HTTP/1.1" 200 1510
0:0:0:0:0:0:0:1 - - [07/Jan/2023:21:04:33 +0300] "POST /user/?form HTTP/1.1" 302 -
0:0:0:0:0:0:0:1 - - [07/Jan/2023:21:04:33 +0300] "GET /user/3 HTTP/1.1" 200 1263
0:0:0:0:0:0:0:1 - - [07/Jan/2023:21:06:30 +0300] "GET /user/ HTTP/1.1" 200 1228
0:0:0:0:0:0:0:1 - - [07/Jan/2023:21:38:37 +0300] "GET / HTTP/1.1" 302 -
0:0:0:0:0:0:0:1 - - [07/Jan/2023:21:38:37 +0300] "GET /login HTTP/1.1" 200 1249
0:0:0:0:0:0:0:1 - - [07/Jan/2023:21:38:39 +0300] "GET /forgotPassword HTTP/1.1" 500 9749
0:0:0:0:0:0:0:1 - - [07/Jan/2023:21:38:43 +0300] "GET /login HTTP/1.1" 200 1249
0:0:0:0:0:0:0:1 - - [07/Jan/2023:21:39:42 +0300] "GET /login HTTP/1.1" 200 1249
0:0:0:0:0:0:0:1 - - [07/Jan/2023:21:39:43 +0300] "GET /favicon.ico HTTP/1.1" 302 -
0:0:0:0:0:0:0:1 - - [07/Jan/2023:21:39:43 +0300] "GET /login HTTP/1.1" 200 1249
0:0:0:0:0:0:0:1 - - [07/Jan/2023:21:39:44 +0300] "GET /forgotPassword HTTP/1.1" 500 9749
0:0:0:0:0:0:0:1 - - [07/Jan/2023:21:39:44 +0300] "GET /favicon.ico HTTP/1.1" 302 -
0:0:0:0:0:0:0:1 - - [07/Jan/2023:21:39:44 +0300] "GET /login HTTP/1.1" 200 1249
0:0:0:0:0:0:0:1 - - [07/Jan/2023:21:39:53 +0300] "GET /login HTTP/1.1" 200 1249
0:0:0:0:0:0:0:1 - - [07/Jan/2023:21:39:53 +0300] "GET /favicon.ico HTTP/1.1" 302 -
0:0:0:0:0:0:0:1 - - [07/Jan/2023:21:39:53 +0300] "GET /login HTTP/1.1" 200 1249
0:0:0:0:0:0:0:1 - - [07/Jan/2023:21:39:55 +0300] "GET /login HTTP/1.1" 200 1249
0:0:0:0:0:0:0:1 - - [07/Jan/2023:21:39:55 +0300] "GET /favicon.ico HTTP/1.1" 302 -
0:0:0:0:0:0:0:1 - - [07/Jan/2023:21:39:55 +0300] "GET /login HTTP/1.1" 200 1249
0:0:0:0:0:0:0:1 - - [07/Jan/2023:21:39:57 +0300] "GET /forgotPassword HTTP/1.1" 200 818
0:0:0:0:0:0:0:1 - - [07/Jan/2023:21:39:57 +0300] "GET /favicon.ico HTTP/1.1" 302 -
0:0:0:0:0:0:0:1 - - [07/Jan/2023:21:39:57 +0300] "GET /login HTTP/1.1" 200 1249
0:0:0:0:0:0:0:1 - - [07/Jan/2023:21:40:00 +0300] "GET /signup HTTP/1.1" 200 1654
0:0:0:0:0:0:0:1 - - [07/Jan/2023:21:40:00 +0300] "GET /favicon.ico HTTP/1.1" 302 -
0:0:0:0:0:0:0:1 - - [07/Jan/2023:21:40:00 +0300] "GET /login HTTP/1.1" 200 1249
0:0:0:0:0:0:0:1 - - [07/Jan/2023:21:40:03 +0300] "GET /forgotPassword HTTP/1.1" 200 818
0:0:0:0:0:0:0:1 - - [07/Jan/2023:21:40:03 +0300] "GET /favicon.ico HTTP/1.1" 302 -
0:0:0:0:0:0:0:1 - - [07/Jan/2023:21:40:03 +0300] "GET /login HTTP/1.1" 200 1249
0:0:0:0:0:0:0:1 - - [07/Jan/2023:21:40:04 +0300] "GET /login HTTP/1.1" 200 1249
0:0:0:0:0:0:0:1 - - [07/Jan/2023:21:40:04 +0300] "GET /favicon.ico HTTP/1.1" 302 -
0:0:0:0:0:0:0:1 - - [07/Jan/2023:21:40:04 +0300] "GET /login HTTP/1.1" 200 1249
0:0:0:0:0:0:0:1 - - [07/Jan/2023:21:40:04 +0300] "GET /forgotPassword HTTP/1.1" 200 818
0:0:0:0:0:0:0:1 - - [07/Jan/2023:21:40:05 +0300] "GET /favicon.ico HTTP/1.1" 302 -
0:0:0:0:0:0:0:1 - - [07/Jan/2023:21:40:05 +0300] "GET /login HTTP/1.1" 200 1249
0:0:0:0:0:0:0:1 - - [07/Jan/2023:21:40:06 +0300] "GET /login HTTP/1.1" 200 1249
0:0:0:0:0:0:0:1 - - [07/Jan/2023:21:40:06 +0300] "GET /favicon.ico HTTP/1.1" 302 -
0:0:0:0:0:0:0:1 - - [07/Jan/2023:21:40:06 +0300] "GET /login HTTP/1.1" 200 1249
0:0:0:0:0:0:0:1 - - [07/Jan/2023:21:42:59 +0300] "GET /forgotPassword HTTP/1.1" 200 818
0:0:0:0:0:0:0:1 - - [07/Jan/2023:21:43:00 +0300] "GET /favicon.ico HTTP/1.1" 302 -
0:0:0:0:0:0:0:1 - - [07/Jan/2023:21:43:00 +0300] "GET /login HTTP/1.1" 200 1249
0:0:0:0:0:0:0:1 - - [07/Jan/2023:21:43:26 +0300] "POST /user/resetPassword HTTP/1.1" 302 -
0:0:0:0:0:0:0:1 - - [07/Jan/2023:21:43:26 +0300] "GET /login HTTP/1.1" 200 1249
0:0:0:0:0:0:0:1 - - [07/Jan/2023:21:43:26 +0300] "GET /favicon.ico HTTP/1.1" 302 -
0:0:0:0:0:0:0:1 - - [07/Jan/2023:21:43:26 +0300] "GET /login HTTP/1.1" 200 1249
0:0:0:0:0:0:0:1 - - [07/Jan/2023:21:43:33 +0300] "GET /forgotPassword HTTP/1.1" 200 818
0:0:0:0:0:0:0:1 - - [07/Jan/2023:21:43:33 +0300] "GET /favicon.ico HTTP/1.1" 302 -
0:0:0:0:0:0:0:1 - - [07/Jan/2023:21:43:33 +0300] "GET /login HTTP/1.1" 200 1249
0:0:0:0:0:0:0:1 - - [07/Jan/2023:21:45:08 +0300] "GET /login HTTP/1.1" 200 1249
0:0:0:0:0:0:0:1 - - [07/Jan/2023:21:45:08 +0300] "GET /favicon.ico HTTP/1.1" 302 -
0:0:0:0:0:0:0:1 - - [07/Jan/2023:21:45:08 +0300] "GET /login HTTP/1.1" 200 1249
0:0:0:0:0:0:0:1 - - [07/Jan/2023:21:45:11 +0300] "GET /forgotPassword HTTP/1.1" 302 -
0:0:0:0:0:0:0:1 - - [07/Jan/2023:21:45:11 +0300] "GET /login HTTP/1.1" 200 1249
0:0:0:0:0:0:0:1 - - [07/Jan/2023:21:45:11 +0300] "GET /favicon.ico HTTP/1.1" 302 -
0:0:0:0:0:0:0:1 - - [07/Jan/2023:21:45:11 +0300] "GET /login HTTP/1.1" 200 1249
0:0:0:0:0:0:0:1 - - [07/Jan/2023:21:45:12 +0300] "GET /forgotPassword HTTP/1.1" 302 -
0:0:0:0:0:0:0:1 - - [07/Jan/2023:21:45:12 +0300] "GET /login HTTP/1.1" 200 1249
0:0:0:0:0:0:0:1 - - [07/Jan/2023:21:45:12 +0300] "GET /favicon.ico HTTP/1.1" 302 -
0:0:0:0:0:0:0:1 - - [07/Jan/2023:21:45:12 +0300] "GET /login HTTP/1.1" 200 1249
0:0:0:0:0:0:0:1 - - [07/Jan/2023:21:45:13 +0300] "GET /forgotPassword HTTP/1.1" 302 -
0:0:0:0:0:0:0:1 - - [07/Jan/2023:21:45:13 +0300] "GET /login HTTP/1.1" 200 1249
0:0:0:0:0:0:0:1 - - [07/Jan/2023:21:45:13 +0300] "GET /favicon.ico HTTP/1.1" 302 -
0:0:0:0:0:0:0:1 - - [07/Jan/2023:21:45:13 +0300] "GET /login HTTP/1.1" 200 1249
0:0:0:0:0:0:0:1 - - [07/Jan/2023:21:45:37 +0300] "GET /login HTTP/1.1" 200 1249
0:0:0:0:0:0:0:1 - - [07/Jan/2023:21:45:37 +0300] "GET /favicon.ico HTTP/1.1" 302 -
0:0:0:0:0:0:0:1 - - [07/Jan/2023:21:45:37 +0300] "GET /login HTTP/1.1" 200 1249
0:0:0:0:0:0:0:1 - - [07/Jan/2023:21:45:38 +0300] "GET /forgotPassword HTTP/1.1" 200 818
0:0:0:0:0:0:0:1 - - [07/Jan/2023:21:45:38 +0300] "GET /favicon.ico HTTP/1.1" 302 -
0:0:0:0:0:0:0:1 - - [07/Jan/2023:21:45:38 +0300] "GET /login HTTP/1.1" 200 1249
0:0:0:0:0:0:0:1 - - [07/Jan/2023:22:10:35 +0300] "GET /login HTTP/1.1" 200 1249
0:0:0:0:0:0:0:1 - - [07/Jan/2023:22:10:35 +0300] "GET /favicon.ico HTTP/1.1" 302 -
0:0:0:0:0:0:0:1 - - [07/Jan/2023:22:10:35 +0300] "GET /login HTTP/1.1" 200 1249
0:0:0:0:0:0:0:1 - - [07/Jan/2023:22:10:37 +0300] "GET /login HTTP/1.1" 200 1249
0:0:0:0:0:0:0:1 - - [07/Jan/2023:22:10:37 +0300] "GET /favicon.ico HTTP/1.1" 302 -
0:0:0:0:0:0:0:1 - - [07/Jan/2023:22:10:37 +0300] "GET /login HTTP/1.1" 200 1249
0:0:0:0:0:0:0:1 - - [07/Jan/2023:22:10:38 +0300] "GET /forgotPassword HTTP/1.1" 200 818
0:0:0:0:0:0:0:1 - - [07/Jan/2023:22:10:38 +0300] "GET /favicon.ico HTTP/1.1" 302 -
0:0:0:0:0:0:0:1 - - [07/Jan/2023:22:10:38 +0300] "GET /login HTTP/1.1" 200 1249
0:0:0:0:0:0:0:1 - - [07/Jan/2023:22:10:40 +0300] "POST /user/resetPassword HTTP/1.1" 302 -
0:0:0:0:0:0:0:1 - - [07/Jan/2023:22:10:40 +0300] "GET /login HTTP/1.1" 200 1249
0:0:0:0:0:0:0:1 - - [07/Jan/2023:22:10:40 +0300] "GET /favicon.ico HTTP/1.1" 302 -
0:0:0:0:0:0:0:1 - - [07/Jan/2023:22:10:40 +0300] "GET /login HTTP/1.1" 200 1249
0:0:0:0:0:0:0:1 - - [07/Jan/2023:22:11:58 +0300] "GET /login HTTP/1.1" 200 1249
0:0:0:0:0:0:0:1 - - [07/Jan/2023:22:11:58 +0300] "GET /favicon.ico HTTP/1.1" 302 -
0:0:0:0:0:0:0:1 - - [07/Jan/2023:22:11:58 +0300] "GET /login HTTP/1.1" 200 1249
0:0:0:0:0:0:0:1 - - [07/Jan/2023:22:11:59 +0300] "GET /forgotPassword HTTP/1.1" 200 818
0:0:0:0:0:0:0:1 - - [07/Jan/2023:22:11:59 +0300] "GET /favicon.ico HTTP/1.1" 302 -
0:0:0:0:0:0:0:1 - - [07/Jan/2023:22:11:59 +0300] "GET /login HTTP/1.1" 200 1249
0:0:0:0:0:0:0:1 - - [07/Jan/2023:22:12:01 +0300] "POST /user/resetPassword HTTP/1.1" 302 -
0:0:0:0:0:0:0:1 - - [07/Jan/2023:22:12:01 +0300] "GET /login HTTP/1.1" 200 1249
0:0:0:0:0:0:0:1 - - [07/Jan/2023:22:12:01 +0300] "GET /favicon.ico HTTP/1.1" 302 -
0:0:0:0:0:0:0:1 - - [07/Jan/2023:22:12:01 +0300] "GET /login HTTP/1.1" 200 1249
0:0:0:0:0:0:0:1 - - [07/Jan/2023:22:12:07 +0300] "GET /forgotPassword HTTP/1.1" 200 818
0:0:0:0:0:0:0:1 - - [07/Jan/2023:22:12:07 +0300] "GET /favicon.ico HTTP/1.1" 302 -
0:0:0:0:0:0:0:1 - - [07/Jan/2023:22:12:07 +0300] "GET /login HTTP/1.1" 200 1249
0:0:0:0:0:0:0:1 - - [07/Jan/2023:22:16:45 +0300] "GET / HTTP/1.1" 302 -
0:0:0:0:0:0:0:1 - - [07/Jan/2023:22:16:45 +0300] "GET /login HTTP/1.1" 200 1249
0:0:0:0:0:0:0:1 - - [07/Jan/2023:22:16:45 +0300] "GET /favicon.ico HTTP/1.1" 302 -
0:0:0:0:0:0:0:1 - - [07/Jan/2023:22:16:45 +0300] "GET /login HTTP/1.1" 200 1249
0:0:0:0:0:0:0:1 - - [07/Jan/2023:22:16:46 +0300] "GET /forgotPassword HTTP/1.1" 200 823
0:0:0:0:0:0:0:1 - - [07/Jan/2023:22:16:46 +0300] "GET /favicon.ico HTTP/1.1" 302 -
0:0:0:0:0:0:0:1 - - [07/Jan/2023:22:16:46 +0300] "GET /login HTTP/1.1" 200 1249
0:0:0:0:0:0:0:1 - - [07/Jan/2023:22:16:48 +0300] "POST /user/resetPassword/null HTTP/1.1" 302 -
0:0:0:0:0:0:0:1 - - [07/Jan/2023:22:16:48 +0300] "GET /login HTTP/1.1" 200 1249
0:0:0:0:0:0:0:1 - - [07/Jan/2023:22:16:48 +0300] "GET /favicon.ico HTTP/1.1" 302 -
0:0:0:0:0:0:0:1 - - [07/Jan/2023:22:16:48 +0300] "GET /login HTTP/1.1" 200 1249
0:0:0:0:0:0:0:1 - - [07/Jan/2023:22:19:53 +0300] "GET /forgotPassword HTTP/1.1" 200 823
0:0:0:0:0:0:0:1 - - [07/Jan/2023:22:19:53 +0300] "GET /favicon.ico HTTP/1.1" 302 -
0:0:0:0:0:0:0:1 - - [07/Jan/2023:22:19:53 +0300] "GET /login HTTP/1.1" 200 1249
0:0:0:0:0:0:0:1 - - [07/Jan/2023:22:19:56 +0300] "POST /user/resetPassword/null HTTP/1.1" 302 -
0:0:0:0:0:0:0:1 - - [07/Jan/2023:22:19:56 +0300] "GET /login HTTP/1.1" 200 1338
0:0:0:0:0:0:0:1 - - [07/Jan/2023:22:19:56 +0300] "GET /favicon.ico HTTP/1.1" 302 -
0:0:0:0:0:0:0:1 - - [07/Jan/2023:22:19:56 +0300] "GET /login HTTP/1.1" 200 1249
127.0.0.1 - - [07/Jan/2023:22:20:54 +0300] "GET /forgotPassword HTTP/1.1" 200 823
127.0.0.1 - - [07/Jan/2023:22:20:55 +0300] "GET /favicon.ico HTTP/1.1" 302 -
127.0.0.1 - - [07/Jan/2023:22:20:55 +0300] "GET /login HTTP/1.1" 200 1249
127.0.0.1 - - [07/Jan/2023:22:20:56 +0300] "GET /forgotPassword HTTP/1.1" 200 823
127.0.0.1 - - [07/Jan/2023:22:20:56 +0300] "GET /favicon.ico HTTP/1.1" 302 -
127.0.0.1 - - [07/Jan/2023:22:20:56 +0300] "GET /login HTTP/1.1" 200 1249
127.0.0.1 - - [07/Jan/2023:22:21:01 +0300] "POST /user/resetPassword/null HTTP/1.1" 302 -
127.0.0.1 - - [07/Jan/2023:22:21:01 +0300] "GET /login HTTP/1.1" 200 1338
127.0.0.1 - - [07/Jan/2023:22:21:01 +0300] "GET /favicon.ico HTTP/1.1" 302 -
127.0.0.1 - - [07/Jan/2023:22:21:01 +0300] "GET /login HTTP/1.1" 200 1249
0:0:0:0:0:0:0:1 - - [07/Jan/2023:22:25:22 +0300] "GET /forgotPassword HTTP/1.1" 200 818
0:0:0:0:0:0:0:1 - - [07/Jan/2023:22:25:23 +0300] "GET /favicon.ico HTTP/1.1" 302 -
0:0:0:0:0:0:0:1 - - [07/Jan/2023:22:25:23 +0300] "GET /login HTTP/1.1" 200 1249
0:0:0:0:0:0:0:1 - - [07/Jan/2023:22:25:28 +0300] "POST /user/resetPassword HTTP/1.1" 302 -
0:0:0:0:0:0:0:1 - - [07/Jan/2023:22:25:28 +0300] "GET /login HTTP/1.1" 200 1338
0:0:0:0:0:0:0:1 - - [07/Jan/2023:22:25:28 +0300] "GET /favicon.ico HTTP/1.1" 302 -
0:0:0:0:0:0:0:1 - - [07/Jan/2023:22:25:28 +0300] "GET /login HTTP/1.1" 200 1249
