0:0:0:0:0:0:0:1 - - [12/Feb/2023:21:23:21 +0300] "GET /user/ HTTP/1.1" 302 -
0:0:0:0:0:0:0:1 - - [12/Feb/2023:21:23:21 +0300] "GET /login HTTP/1.1" 200 1525
0:0:0:0:0:0:0:1 - - [12/Feb/2023:21:23:21 +0300] "GET /favicon.ico HTTP/1.1" 302 -
0:0:0:0:0:0:0:1 - - [12/Feb/2023:21:23:22 +0300] "GET /login HTTP/1.1" 200 1525
0:0:0:0:0:0:0:1 - - [12/Feb/2023:21:23:28 +0300] "POST /doLogin HTTP/1.1" 302 -
0:0:0:0:0:0:0:1 - - [12/Feb/2023:21:23:28 +0300] "GET /login?error HTTP/1.1" 200 1578
0:0:0:0:0:0:0:1 - - [12/Feb/2023:21:23:28 +0300] "GET /favicon.ico HTTP/1.1" 302 -
0:0:0:0:0:0:0:1 - - [12/Feb/2023:21:23:28 +0300] "GET /login HTTP/1.1" 200 1525
0:0:0:0:0:0:0:1 - - [12/Feb/2023:21:23:32 +0300] "POST /doLogin HTTP/1.1" 302 -
0:0:0:0:0:0:0:1 - - [12/Feb/2023:21:23:32 +0300] "GET /login?error HTTP/1.1" 200 1578
0:0:0:0:0:0:0:1 - - [12/Feb/2023:21:23:32 +0300] "GET /favicon.ico HTTP/1.1" 302 -
0:0:0:0:0:0:0:1 - - [12/Feb/2023:21:23:32 +0300] "GET /login HTTP/1.1" 200 1525
0:0:0:0:0:0:0:1 - - [12/Feb/2023:21:23:36 +0300] "POST /doLogin HTTP/1.1" 302 -
0:0:0:0:0:0:0:1 - - [12/Feb/2023:21:23:36 +0300] "GET /user/ HTTP/1.1" 200 1432
0:0:0:0:0:0:0:1 - - [12/Feb/2023:21:23:36 +0300] "GET /favicon.ico HTTP/1.1" 200 1150
0:0:0:0:0:0:0:1 - - [12/Feb/2023:21:41:00 +0300] "GET /user/ HTTP/1.1" 302 -
0:0:0:0:0:0:0:1 - - [12/Feb/2023:21:41:00 +0300] "GET /login HTTP/1.1" 200 1525
0:0:0:0:0:0:0:1 - - [12/Feb/2023:21:41:00 +0300] "GET /favicon.ico HTTP/1.1" 302 -
0:0:0:0:0:0:0:1 - - [12/Feb/2023:21:41:00 +0300] "GET /login HTTP/1.1" 200 1525
0:0:0:0:0:0:0:1 - - [12/Feb/2023:21:41:05 +0300] "POST /doLogin HTTP/1.1" 302 -
0:0:0:0:0:0:0:1 - - [12/Feb/2023:21:41:05 +0300] "GET /user/ HTTP/1.1" 200 1432
0:0:0:0:0:0:0:1 - - [12/Feb/2023:21:41:05 +0300] "GET /favicon.ico HTTP/1.1" 200 1150
0:0:0:0:0:0:0:1 - - [12/Feb/2023:21:41:07 +0300] "GET /logout HTTP/1.1" 302 -
0:0:0:0:0:0:0:1 - - [12/Feb/2023:21:41:07 +0300] "GET /login?logout HTTP/1.1" 200 1589
0:0:0:0:0:0:0:1 - - [12/Feb/2023:21:41:10 +0300] "POST /doLogin HTTP/1.1" 302 -
0:0:0:0:0:0:0:1 - - [12/Feb/2023:21:41:10 +0300] "GET / HTTP/1.1" 302 -
0:0:0:0:0:0:0:1 - - [12/Feb/2023:21:41:10 +0300] "GET /user HTTP/1.1" 200 1432
0:0:0:0:0:0:0:1 - - [12/Feb/2023:21:41:11 +0300] "GET /secured HTTP/1.1" 200 829
0:0:0:0:0:0:0:1 - - [12/Feb/2023:21:41:13 +0300] "GET /user/ HTTP/1.1" 200 1432
0:0:0:0:0:0:0:1 - - [12/Feb/2023:21:41:13 +0300] "GET / HTTP/1.1" 302 -
0:0:0:0:0:0:0:1 - - [12/Feb/2023:21:41:13 +0300] "GET /user HTTP/1.1" 200 1432
0:0:0:0:0:0:0:1 - - [12/Feb/2023:21:41:15 +0300] "GET /user/5 HTTP/1.1" 200 1258
0:0:0:0:0:0:0:1 - - [12/Feb/2023:21:41:16 +0300] "GET /user/modify/5 HTTP/1.1" 200 1572
0:0:0:0:0:0:0:1 - - [12/Feb/2023:21:41:18 +0300] "GET /user/5 HTTP/1.1" 200 1258
0:0:0:0:0:0:0:1 - - [12/Feb/2023:21:41:23 +0300] "GET /user/ HTTP/1.1" 200 1432
0:0:0:0:0:0:0:1 - - [12/Feb/2023:21:41:25 +0300] "GET /user/6 HTTP/1.1" 200 1253
0:0:0:0:0:0:0:1 - - [12/Feb/2023:21:41:27 +0300] "GET /user/delete/6 HTTP/1.1" 302 -
0:0:0:0:0:0:0:1 - - [12/Feb/2023:21:41:27 +0300] "GET / HTTP/1.1" 302 -
0:0:0:0:0:0:0:1 - - [12/Feb/2023:21:41:27 +0300] "GET /user HTTP/1.1" 200 1291
0:0:0:0:0:0:0:1 - - [12/Feb/2023:21:41:29 +0300] "GET /user/ HTTP/1.1" 200 1291
0:0:0:0:0:0:0:1 - - [12/Feb/2023:21:42:03 +0300] "GET /user/ HTTP/1.1" 200 1432
0:0:0:0:0:0:0:1 - - [12/Feb/2023:21:42:03 +0300] "GET /favicon.ico HTTP/1.1" 200 1150
0:0:0:0:0:0:0:1 - - [12/Feb/2023:21:42:14 +0300] "GET /logout HTTP/1.1" 302 -
0:0:0:0:0:0:0:1 - - [12/Feb/2023:21:42:14 +0300] "GET /login?logout HTTP/1.1" 200 1589
0:0:0:0:0:0:0:1 - - [12/Feb/2023:21:42:16 +0300] "POST /doLogin HTTP/1.1" 302 -
0:0:0:0:0:0:0:1 - - [12/Feb/2023:21:42:16 +0300] "GET / HTTP/1.1" 302 -
0:0:0:0:0:0:0:1 - - [12/Feb/2023:21:42:16 +0300] "GET /user HTTP/1.1" 200 1432
0:0:0:0:0:0:0:1 - - [12/Feb/2023:21:42:23 +0300] "GET /logout HTTP/1.1" 302 -
0:0:0:0:0:0:0:1 - - [12/Feb/2023:21:42:23 +0300] "GET /login?logout HTTP/1.1" 200 1589
0:0:0:0:0:0:0:1 - - [12/Feb/2023:21:42:28 +0300] "POST /doLogin HTTP/1.1" 302 -
0:0:0:0:0:0:0:1 - - [12/Feb/2023:21:42:28 +0300] "GET / HTTP/1.1" 302 -
0:0:0:0:0:0:0:1 - - [12/Feb/2023:21:42:28 +0300] "GET /user HTTP/1.1" 200 1432
0:0:0:0:0:0:0:1 - - [12/Feb/2023:21:44:09 +0300] "GET /user/5 HTTP/1.1" 200 1258
0:0:0:0:0:0:0:1 - - [12/Feb/2023:21:44:12 +0300] "GET /secured HTTP/1.1" 200 829
0:0:0:0:0:0:0:1 - - [12/Feb/2023:21:44:13 +0300] "GET /user/ HTTP/1.1" 200 1432
0:0:0:0:0:0:0:1 - - [12/Feb/2023:21:44:15 +0300] "GET /user/6 HTTP/1.1" 200 1253
0:0:0:0:0:0:0:1 - - [12/Feb/2023:21:46:35 +0300] "GET /user/6 HTTP/1.1" 200 1253
0:0:0:0:0:0:0:1 - - [12/Feb/2023:21:46:36 +0300] "GET /favicon.ico HTTP/1.1" 200 1150
