0:0:0:0:0:0:0:1 - - [05/Dec/2022:09:12:06 +0300] "GET / HTTP/1.1" 302 -
0:0:0:0:0:0:0:1 - - [05/Dec/2022:09:12:07 +0300] "GET /login HTTP/1.1" 200 1158
0:0:0:0:0:0:0:1 - - [05/Dec/2022:09:12:07 +0300] "GET /favicon.ico HTTP/1.1" 302 -
0:0:0:0:0:0:0:1 - - [05/Dec/2022:09:12:07 +0300] "GET /login HTTP/1.1" 200 1158
0:0:0:0:0:0:0:1 - - [05/Dec/2022:09:12:44 +0300] "GET /signup HTTP/1.1" 200 1810
0:0:0:0:0:0:0:1 - - [05/Dec/2022:09:12:44 +0300] "GET /favicon.ico HTTP/1.1" 302 -
0:0:0:0:0:0:0:1 - - [05/Dec/2022:09:12:44 +0300] "GET /login HTTP/1.1" 200 1158
0:0:0:0:0:0:0:1 - - [05/Dec/2022:09:13:34 +0300] "GET / HTTP/1.1" 302 -
0:0:0:0:0:0:0:1 - - [05/Dec/2022:09:13:35 +0300] "GET /login HTTP/1.1" 200 1158
0:0:0:0:0:0:0:1 - - [05/Dec/2022:09:13:35 +0300] "GET /favicon.ico HTTP/1.1" 302 -
0:0:0:0:0:0:0:1 - - [05/Dec/2022:09:13:35 +0300] "GET /login HTTP/1.1" 200 1158
0:0:0:0:0:0:0:1 - - [05/Dec/2022:09:13:40 +0300] "GET /signup HTTP/1.1" 200 1810
0:0:0:0:0:0:0:1 - - [05/Dec/2022:09:13:40 +0300] "GET /favicon.ico HTTP/1.1" 302 -
0:0:0:0:0:0:0:1 - - [05/Dec/2022:09:13:40 +0300] "GET /login HTTP/1.1" 200 1158
0:0:0:0:0:0:0:1 - - [05/Dec/2022:09:13:59 +0300] "GET / HTTP/1.1" 302 -
0:0:0:0:0:0:0:1 - - [05/Dec/2022:09:13:59 +0300] "GET /login HTTP/1.1" 200 1158
0:0:0:0:0:0:0:1 - - [05/Dec/2022:09:13:59 +0300] "GET /favicon.ico HTTP/1.1" 302 -
0:0:0:0:0:0:0:1 - - [05/Dec/2022:09:14:00 +0300] "GET /login HTTP/1.1" 200 1158
0:0:0:0:0:0:0:1 - - [05/Dec/2022:09:15:41 +0300] "GET /signup HTTP/1.1" 200 1810
0:0:0:0:0:0:0:1 - - [05/Dec/2022:09:15:41 +0300] "GET /favicon.ico HTTP/1.1" 302 -
0:0:0:0:0:0:0:1 - - [05/Dec/2022:09:15:41 +0300] "GET /login HTTP/1.1" 200 1158
0:0:0:0:0:0:0:1 - - [05/Dec/2022:09:16:45 +0300] "POST /user/register HTTP/1.1" 200 1880
0:0:0:0:0:0:0:1 - - [05/Dec/2022:09:16:45 +0300] "GET /favicon.ico HTTP/1.1" 302 -
0:0:0:0:0:0:0:1 - - [05/Dec/2022:09:16:45 +0300] "GET /login HTTP/1.1" 200 1158
0:0:0:0:0:0:0:1 - - [05/Dec/2022:09:17:28 +0300] "POST /user/register HTTP/1.1" 200 1880
0:0:0:0:0:0:0:1 - - [05/Dec/2022:09:17:28 +0300] "GET /favicon.ico HTTP/1.1" 302 -
0:0:0:0:0:0:0:1 - - [05/Dec/2022:09:17:28 +0300] "GET /login HTTP/1.1" 200 1158
0:0:0:0:0:0:0:1 - - [05/Dec/2022:09:18:03 +0300] "POST /user/register HTTP/1.1" 302 -
0:0:0:0:0:0:0:1 - - [05/Dec/2022:09:18:03 +0300] "GET /login HTTP/1.1" 200 1158
0:0:0:0:0:0:0:1 - - [05/Dec/2022:09:18:03 +0300] "GET /favicon.ico HTTP/1.1" 302 -
0:0:0:0:0:0:0:1 - - [05/Dec/2022:09:18:03 +0300] "GET /login HTTP/1.1" 200 1158
0:0:0:0:0:0:0:1 - - [05/Dec/2022:09:18:13 +0300] "GET /signup HTTP/1.1" 200 1810
0:0:0:0:0:0:0:1 - - [05/Dec/2022:09:18:13 +0300] "GET /favicon.ico HTTP/1.1" 302 -
0:0:0:0:0:0:0:1 - - [05/Dec/2022:09:18:13 +0300] "GET /login HTTP/1.1" 200 1158
0:0:0:0:0:0:0:1 - - [05/Dec/2022:09:18:50 +0300] "POST /user/register HTTP/1.1" 200 1880
0:0:0:0:0:0:0:1 - - [05/Dec/2022:09:18:50 +0300] "GET /favicon.ico HTTP/1.1" 302 -
0:0:0:0:0:0:0:1 - - [05/Dec/2022:09:18:50 +0300] "GET /login HTTP/1.1" 200 1158
0:0:0:0:0:0:0:1 - - [05/Dec/2022:09:19:27 +0300] "POST /user/register HTTP/1.1" 302 -
0:0:0:0:0:0:0:1 - - [05/Dec/2022:09:19:27 +0300] "GET /login HTTP/1.1" 200 1158
0:0:0:0:0:0:0:1 - - [05/Dec/2022:09:19:27 +0300] "GET /favicon.ico HTTP/1.1" 302 -
0:0:0:0:0:0:0:1 - - [05/Dec/2022:09:19:27 +0300] "GET /login HTTP/1.1" 200 1158
0:0:0:0:0:0:0:1 - - [05/Dec/2022:09:20:11 +0300] "GET /signup HTTP/1.1" 200 1810
0:0:0:0:0:0:0:1 - - [05/Dec/2022:09:20:11 +0300] "GET /favicon.ico HTTP/1.1" 302 -
0:0:0:0:0:0:0:1 - - [05/Dec/2022:09:20:11 +0300] "GET /login HTTP/1.1" 200 1158
0:0:0:0:0:0:0:1 - - [05/Dec/2022:09:20:27 +0300] "POST /user/register HTTP/1.1" 302 -
0:0:0:0:0:0:0:1 - - [05/Dec/2022:09:20:27 +0300] "GET /login HTTP/1.1" 200 1158
0:0:0:0:0:0:0:1 - - [05/Dec/2022:09:20:27 +0300] "GET /favicon.ico HTTP/1.1" 302 -
0:0:0:0:0:0:0:1 - - [05/Dec/2022:09:20:27 +0300] "GET /login HTTP/1.1" 200 1158
0:0:0:0:0:0:0:1 - - [05/Dec/2022:09:26:36 +0300] "GET / HTTP/1.1" 302 -
0:0:0:0:0:0:0:1 - - [05/Dec/2022:09:26:36 +0300] "GET /login HTTP/1.1" 200 1158
0:0:0:0:0:0:0:1 - - [05/Dec/2022:09:26:36 +0300] "GET /favicon.ico HTTP/1.1" 302 -
0:0:0:0:0:0:0:1 - - [05/Dec/2022:09:26:36 +0300] "GET /login HTTP/1.1" 200 1158
0:0:0:0:0:0:0:1 - - [05/Dec/2022:09:26:40 +0300] "GET /signup HTTP/1.1" 200 1810
0:0:0:0:0:0:0:1 - - [05/Dec/2022:09:26:40 +0300] "GET /favicon.ico HTTP/1.1" 302 -
0:0:0:0:0:0:0:1 - - [05/Dec/2022:09:26:40 +0300] "GET /login HTTP/1.1" 200 1158
0:0:0:0:0:0:0:1 - - [05/Dec/2022:09:27:11 +0300] "POST /user/register HTTP/1.1" 302 -
0:0:0:0:0:0:0:1 - - [05/Dec/2022:09:27:11 +0300] "GET /login HTTP/1.1" 200 1158
0:0:0:0:0:0:0:1 - - [05/Dec/2022:09:27:11 +0300] "GET /favicon.ico HTTP/1.1" 302 -
0:0:0:0:0:0:0:1 - - [05/Dec/2022:09:27:11 +0300] "GET /login HTTP/1.1" 200 1158
0:0:0:0:0:0:0:1 - - [05/Dec/2022:09:27:16 +0300] "POST /doLogin HTTP/1.1" 302 -
0:0:0:0:0:0:0:1 - - [05/Dec/2022:09:27:16 +0300] "GET /login?error HTTP/1.1" 200 1226
0:0:0:0:0:0:0:1 - - [05/Dec/2022:09:27:16 +0300] "GET /favicon.ico HTTP/1.1" 302 -
0:0:0:0:0:0:0:1 - - [05/Dec/2022:09:27:16 +0300] "GET /login HTTP/1.1" 200 1158
0:0:0:0:0:0:0:1 - - [05/Dec/2022:09:52:10 +0300] "GET / HTTP/1.1" 302 -
0:0:0:0:0:0:0:1 - - [05/Dec/2022:09:52:11 +0300] "GET /login HTTP/1.1" 200 1158
0:0:0:0:0:0:0:1 - - [05/Dec/2022:09:52:11 +0300] "GET /favicon.ico HTTP/1.1" 302 -
0:0:0:0:0:0:0:1 - - [05/Dec/2022:09:52:11 +0300] "GET /login HTTP/1.1" 200 1158
0:0:0:0:0:0:0:1 - - [05/Dec/2022:09:52:13 +0300] "POST /doLogin HTTP/1.1" 302 -
0:0:0:0:0:0:0:1 - - [05/Dec/2022:09:52:13 +0300] "GET /login?error HTTP/1.1" 200 1226
0:0:0:0:0:0:0:1 - - [05/Dec/2022:09:52:13 +0300] "GET /favicon.ico HTTP/1.1" 302 -
0:0:0:0:0:0:0:1 - - [05/Dec/2022:09:52:13 +0300] "GET /login HTTP/1.1" 200 1158
0:0:0:0:0:0:0:1 - - [05/Dec/2022:09:52:14 +0300] "GET /signup HTTP/1.1" 200 1810
0:0:0:0:0:0:0:1 - - [05/Dec/2022:09:52:14 +0300] "GET /favicon.ico HTTP/1.1" 302 -
0:0:0:0:0:0:0:1 - - [05/Dec/2022:09:52:14 +0300] "GET /login HTTP/1.1" 200 1158
0:0:0:0:0:0:0:1 - - [05/Dec/2022:09:52:20 +0300] "POST /user/register HTTP/1.1" 302 -
0:0:0:0:0:0:0:1 - - [05/Dec/2022:09:52:20 +0300] "GET /login HTTP/1.1" 200 1158
0:0:0:0:0:0:0:1 - - [05/Dec/2022:09:52:20 +0300] "GET /favicon.ico HTTP/1.1" 302 -
0:0:0:0:0:0:0:1 - - [05/Dec/2022:09:52:20 +0300] "GET /login HTTP/1.1" 200 1158
0:0:0:0:0:0:0:1 - - [05/Dec/2022:09:52:33 +0300] "POST /doLogin HTTP/1.1" 302 -
0:0:0:0:0:0:0:1 - - [05/Dec/2022:09:52:33 +0300] "GET /login?error HTTP/1.1" 200 1226
0:0:0:0:0:0:0:1 - - [05/Dec/2022:09:52:33 +0300] "GET /favicon.ico HTTP/1.1" 302 -
0:0:0:0:0:0:0:1 - - [05/Dec/2022:09:52:33 +0300] "GET /login HTTP/1.1" 200 1158
0:0:0:0:0:0:0:1 - - [05/Dec/2022:09:55:47 +0300] "GET / HTTP/1.1" 302 -
0:0:0:0:0:0:0:1 - - [05/Dec/2022:09:55:47 +0300] "GET /login HTTP/1.1" 200 1158
0:0:0:0:0:0:0:1 - - [05/Dec/2022:09:55:47 +0300] "GET /favicon.ico HTTP/1.1" 302 -
0:0:0:0:0:0:0:1 - - [05/Dec/2022:09:55:47 +0300] "GET /login HTTP/1.1" 200 1158
0:0:0:0:0:0:0:1 - - [05/Dec/2022:09:55:48 +0300] "GET /signup HTTP/1.1" 200 1810
0:0:0:0:0:0:0:1 - - [05/Dec/2022:09:55:49 +0300] "GET /favicon.ico HTTP/1.1" 302 -
0:0:0:0:0:0:0:1 - - [05/Dec/2022:09:55:49 +0300] "GET /login HTTP/1.1" 200 1158
0:0:0:0:0:0:0:1 - - [05/Dec/2022:09:55:54 +0300] "POST /user/register HTTP/1.1" 302 -
0:0:0:0:0:0:0:1 - - [05/Dec/2022:09:55:54 +0300] "GET /login HTTP/1.1" 200 1158
0:0:0:0:0:0:0:1 - - [05/Dec/2022:09:55:55 +0300] "GET /favicon.ico HTTP/1.1" 302 -
0:0:0:0:0:0:0:1 - - [05/Dec/2022:09:55:55 +0300] "GET /login HTTP/1.1" 200 1158
0:0:0:0:0:0:0:1 - - [05/Dec/2022:09:56:01 +0300] "POST /doLogin HTTP/1.1" 302 -
0:0:0:0:0:0:0:1 - - [05/Dec/2022:09:56:01 +0300] "GET /login?error HTTP/1.1" 200 1226
0:0:0:0:0:0:0:1 - - [05/Dec/2022:09:56:01 +0300] "GET /favicon.ico HTTP/1.1" 302 -
0:0:0:0:0:0:0:1 - - [05/Dec/2022:09:56:01 +0300] "GET /login HTTP/1.1" 200 1158
0:0:0:0:0:0:0:1 - - [05/Dec/2022:09:56:25 +0300] "POST /doLogin HTTP/1.1" 302 -
0:0:0:0:0:0:0:1 - - [05/Dec/2022:09:56:25 +0300] "GET /login?error HTTP/1.1" 200 1226
0:0:0:0:0:0:0:1 - - [05/Dec/2022:09:56:25 +0300] "GET /favicon.ico HTTP/1.1" 302 -
0:0:0:0:0:0:0:1 - - [05/Dec/2022:09:56:25 +0300] "GET /login HTTP/1.1" 200 1158
0:0:0:0:0:0:0:1 - - [05/Dec/2022:10:00:27 +0300] "GET / HTTP/1.1" 302 -
0:0:0:0:0:0:0:1 - - [05/Dec/2022:10:00:28 +0300] "GET /login HTTP/1.1" 200 1158
0:0:0:0:0:0:0:1 - - [05/Dec/2022:10:00:28 +0300] "GET /favicon.ico HTTP/1.1" 302 -
0:0:0:0:0:0:0:1 - - [05/Dec/2022:10:00:28 +0300] "GET /login HTTP/1.1" 200 1158
0:0:0:0:0:0:0:1 - - [05/Dec/2022:10:00:38 +0300] "GET /signup HTTP/1.1" 200 1810
0:0:0:0:0:0:0:1 - - [05/Dec/2022:10:00:38 +0300] "GET /favicon.ico HTTP/1.1" 302 -
0:0:0:0:0:0:0:1 - - [05/Dec/2022:10:00:38 +0300] "GET /login HTTP/1.1" 200 1158
0:0:0:0:0:0:0:1 - - [05/Dec/2022:10:00:44 +0300] "POST /user/register HTTP/1.1" 302 -
0:0:0:0:0:0:0:1 - - [05/Dec/2022:10:00:44 +0300] "GET /login HTTP/1.1" 200 1158
0:0:0:0:0:0:0:1 - - [05/Dec/2022:10:00:44 +0300] "GET /favicon.ico HTTP/1.1" 302 -
0:0:0:0:0:0:0:1 - - [05/Dec/2022:10:00:44 +0300] "GET /login HTTP/1.1" 200 1158
0:0:0:0:0:0:0:1 - - [05/Dec/2022:10:00:54 +0300] "POST /doLogin HTTP/1.1" 302 -
0:0:0:0:0:0:0:1 - - [05/Dec/2022:10:00:54 +0300] "GET /login?error HTTP/1.1" 200 1226
0:0:0:0:0:0:0:1 - - [05/Dec/2022:10:00:54 +0300] "GET /favicon.ico HTTP/1.1" 302 -
0:0:0:0:0:0:0:1 - - [05/Dec/2022:10:00:54 +0300] "GET /login HTTP/1.1" 200 1158
0:0:0:0:0:0:0:1 - - [05/Dec/2022:10:00:56 +0300] "GET /signup HTTP/1.1" 200 1810
0:0:0:0:0:0:0:1 - - [05/Dec/2022:10:00:57 +0300] "GET /favicon.ico HTTP/1.1" 302 -
0:0:0:0:0:0:0:1 - - [05/Dec/2022:10:00:57 +0300] "GET /login HTTP/1.1" 200 1158
0:0:0:0:0:0:0:1 - - [05/Dec/2022:10:01:14 +0300] "POST /user/register HTTP/1.1" 302 -
0:0:0:0:0:0:0:1 - - [05/Dec/2022:10:01:14 +0300] "GET /login HTTP/1.1" 200 1158
0:0:0:0:0:0:0:1 - - [05/Dec/2022:10:01:14 +0300] "GET /favicon.ico HTTP/1.1" 302 -
0:0:0:0:0:0:0:1 - - [05/Dec/2022:10:01:14 +0300] "GET /login HTTP/1.1" 200 1158
0:0:0:0:0:0:0:1 - - [05/Dec/2022:10:08:06 +0300] "GET /user/1 HTTP/1.1" 302 -
0:0:0:0:0:0:0:1 - - [05/Dec/2022:10:08:06 +0300] "GET /login HTTP/1.1" 200 1158
0:0:0:0:0:0:0:1 - - [05/Dec/2022:10:08:06 +0300] "GET /favicon.ico HTTP/1.1" 302 -
0:0:0:0:0:0:0:1 - - [05/Dec/2022:10:08:06 +0300] "GET /login HTTP/1.1" 200 1158
0:0:0:0:0:0:0:1 - - [05/Dec/2022:10:08:09 +0300] "GET /signup HTTP/1.1" 200 1810
0:0:0:0:0:0:0:1 - - [05/Dec/2022:10:08:09 +0300] "GET /favicon.ico HTTP/1.1" 302 -
0:0:0:0:0:0:0:1 - - [05/Dec/2022:10:08:09 +0300] "GET /login HTTP/1.1" 200 1158
0:0:0:0:0:0:0:1 - - [05/Dec/2022:10:08:13 +0300] "POST /user/register HTTP/1.1" 302 -
0:0:0:0:0:0:0:1 - - [05/Dec/2022:10:08:13 +0300] "GET /login HTTP/1.1" 200 1158
0:0:0:0:0:0:0:1 - - [05/Dec/2022:10:08:13 +0300] "GET /favicon.ico HTTP/1.1" 302 -
0:0:0:0:0:0:0:1 - - [05/Dec/2022:10:08:13 +0300] "GET /login HTTP/1.1" 200 1158
0:0:0:0:0:0:0:1 - - [05/Dec/2022:10:08:19 +0300] "POST /doLogin HTTP/1.1" 302 -
0:0:0:0:0:0:0:1 - - [05/Dec/2022:10:08:19 +0300] "GET /login?error HTTP/1.1" 200 1226
0:0:0:0:0:0:0:1 - - [05/Dec/2022:10:08:19 +0300] "GET /favicon.ico HTTP/1.1" 302 -
0:0:0:0:0:0:0:1 - - [05/Dec/2022:10:08:19 +0300] "GET /login HTTP/1.1" 200 1158
