0:0:0:0:0:0:0:1 - - [03/Dec/2022:12:20:48 +0300] "POST /user/register HTTP/1.1" 500 12240
0:0:0:0:0:0:0:1 - - [03/Dec/2022:12:20:48 +0300] "GET /favicon.ico HTTP/1.1" 302 -
0:0:0:0:0:0:0:1 - - [03/Dec/2022:12:20:48 +0300] "GET /login HTTP/1.1" 200 1158
0:0:0:0:0:0:0:1 - - [03/Dec/2022:12:20:52 +0300] "POST /user/register HTTP/1.1" 500 12240
0:0:0:0:0:0:0:1 - - [03/Dec/2022:12:20:52 +0300] "GET /favicon.ico HTTP/1.1" 302 -
0:0:0:0:0:0:0:1 - - [03/Dec/2022:12:20:52 +0300] "GET /login HTTP/1.1" 200 1158
0:0:0:0:0:0:0:1 - - [03/Dec/2022:12:20:56 +0300] "GET /user HTTP/1.1" 302 -
0:0:0:0:0:0:0:1 - - [03/Dec/2022:12:20:56 +0300] "GET /login HTTP/1.1" 200 1158
0:0:0:0:0:0:0:1 - - [03/Dec/2022:12:20:56 +0300] "GET /favicon.ico HTTP/1.1" 302 -
0:0:0:0:0:0:0:1 - - [03/Dec/2022:12:20:56 +0300] "GET /login HTTP/1.1" 200 1158
0:0:0:0:0:0:0:1 - - [03/Dec/2022:12:21:00 +0300] "GET /signup HTTP/1.1" 200 1808
0:0:0:0:0:0:0:1 - - [03/Dec/2022:12:21:00 +0300] "GET /favicon.ico HTTP/1.1" 302 -
0:0:0:0:0:0:0:1 - - [03/Dec/2022:12:21:00 +0300] "GET /login HTTP/1.1" 200 1158
0:0:0:0:0:0:0:1 - - [03/Dec/2022:12:21:10 +0300] "POST /user/register HTTP/1.1" 500 12240
0:0:0:0:0:0:0:1 - - [03/Dec/2022:12:21:10 +0300] "GET /favicon.ico HTTP/1.1" 302 -
0:0:0:0:0:0:0:1 - - [03/Dec/2022:12:21:10 +0300] "GET /login HTTP/1.1" 200 1158
0:0:0:0:0:0:0:1 - - [03/Dec/2022:12:22:21 +0300] "GET /signup HTTP/1.1" 200 1808
0:0:0:0:0:0:0:1 - - [03/Dec/2022:12:22:22 +0300] "GET /favicon.ico HTTP/1.1" 302 -
0:0:0:0:0:0:0:1 - - [03/Dec/2022:12:22:22 +0300] "GET /login HTTP/1.1" 200 1158
0:0:0:0:0:0:0:1 - - [03/Dec/2022:12:22:24 +0300] "POST /user/register HTTP/1.1" 200 1962
0:0:0:0:0:0:0:1 - - [03/Dec/2022:12:22:25 +0300] "GET /favicon.ico HTTP/1.1" 302 -
0:0:0:0:0:0:0:1 - - [03/Dec/2022:12:22:25 +0300] "GET /login HTTP/1.1" 200 1158
0:0:0:0:0:0:0:1 - - [03/Dec/2022:12:23:28 +0300] "POST /user/register HTTP/1.1" 200 1949
0:0:0:0:0:0:0:1 - - [03/Dec/2022:12:23:28 +0300] "GET /favicon.ico HTTP/1.1" 302 -
0:0:0:0:0:0:0:1 - - [03/Dec/2022:12:23:28 +0300] "GET /login HTTP/1.1" 200 1158
0:0:0:0:0:0:0:1 - - [03/Dec/2022:12:23:43 +0300] "POST /user/register HTTP/1.1" 200 2007
0:0:0:0:0:0:0:1 - - [03/Dec/2022:12:23:43 +0300] "GET /favicon.ico HTTP/1.1" 302 -
0:0:0:0:0:0:0:1 - - [03/Dec/2022:12:23:43 +0300] "GET /login HTTP/1.1" 200 1158
0:0:0:0:0:0:0:1 - - [03/Dec/2022:12:23:49 +0300] "POST /user/register HTTP/1.1" 200 2007
0:0:0:0:0:0:0:1 - - [03/Dec/2022:12:23:49 +0300] "GET /favicon.ico HTTP/1.1" 302 -
0:0:0:0:0:0:0:1 - - [03/Dec/2022:12:23:49 +0300] "GET /login HTTP/1.1" 200 1158
0:0:0:0:0:0:0:1 - - [03/Dec/2022:12:25:24 +0300] "POST /user/register HTTP/1.1" 200 1965
0:0:0:0:0:0:0:1 - - [03/Dec/2022:12:25:24 +0300] "GET /favicon.ico HTTP/1.1" 302 -
0:0:0:0:0:0:0:1 - - [03/Dec/2022:12:25:24 +0300] "GET /login HTTP/1.1" 200 1158
0:0:0:0:0:0:0:1 - - [03/Dec/2022:12:25:29 +0300] "POST /user/register HTTP/1.1" 200 1965
0:0:0:0:0:0:0:1 - - [03/Dec/2022:12:25:29 +0300] "GET /favicon.ico HTTP/1.1" 302 -
0:0:0:0:0:0:0:1 - - [03/Dec/2022:12:25:29 +0300] "GET /login HTTP/1.1" 200 1158
