0:0:0:0:0:0:0:1 - - [08/Dec/2022:08:38:51 +0300] "GET /login?error HTTP/1.1" 200 1226
0:0:0:0:0:0:0:1 - - [08/Dec/2022:08:38:51 +0300] "GET /favicon.ico HTTP/1.1" 302 -
0:0:0:0:0:0:0:1 - - [08/Dec/2022:08:38:51 +0300] "GET /login HTTP/1.1" 200 1158
0:0:0:0:0:0:0:1 - - [08/Dec/2022:08:38:56 +0300] "GET / HTTP/1.1" 302 -
0:0:0:0:0:0:0:1 - - [08/Dec/2022:08:38:56 +0300] "GET /login HTTP/1.1" 200 1158
0:0:0:0:0:0:0:1 - - [08/Dec/2022:08:38:56 +0300] "GET /favicon.ico HTTP/1.1" 302 -
0:0:0:0:0:0:0:1 - - [08/Dec/2022:08:38:56 +0300] "GET /login HTTP/1.1" 200 1158
0:0:0:0:0:0:0:1 - - [08/Dec/2022:08:38:58 +0300] "POST /doLogin HTTP/1.1" 302 -
0:0:0:0:0:0:0:1 - - [08/Dec/2022:08:38:58 +0300] "GET /login?error HTTP/1.1" 200 1226
0:0:0:0:0:0:0:1 - - [08/Dec/2022:08:38:59 +0300] "GET /favicon.ico HTTP/1.1" 302 -
0:0:0:0:0:0:0:1 - - [08/Dec/2022:08:38:59 +0300] "GET /login HTTP/1.1" 200 1158
0:0:0:0:0:0:0:1 - - [08/Dec/2022:08:39:00 +0300] "GET /signup HTTP/1.1" 200 1810
0:0:0:0:0:0:0:1 - - [08/Dec/2022:08:39:00 +0300] "GET /favicon.ico HTTP/1.1" 302 -
0:0:0:0:0:0:0:1 - - [08/Dec/2022:08:39:00 +0300] "GET /login HTTP/1.1" 200 1158
0:0:0:0:0:0:0:1 - - [08/Dec/2022:08:39:08 +0300] "POST /user/register HTTP/1.1" 302 -
0:0:0:0:0:0:0:1 - - [08/Dec/2022:08:39:08 +0300] "GET /login HTTP/1.1" 200 1158
0:0:0:0:0:0:0:1 - - [08/Dec/2022:08:39:08 +0300] "GET /favicon.ico HTTP/1.1" 302 -
0:0:0:0:0:0:0:1 - - [08/Dec/2022:08:39:08 +0300] "GET /login HTTP/1.1" 200 1158
0:0:0:0:0:0:0:1 - - [08/Dec/2022:08:39:17 +0300] "POST /doLogin HTTP/1.1" 302 -
0:0:0:0:0:0:0:1 - - [08/Dec/2022:08:39:17 +0300] "GET /login?error HTTP/1.1" 200 1226
0:0:0:0:0:0:0:1 - - [08/Dec/2022:08:39:17 +0300] "GET /favicon.ico HTTP/1.1" 302 -
0:0:0:0:0:0:0:1 - - [08/Dec/2022:08:39:17 +0300] "GET /login HTTP/1.1" 200 1158
0:0:0:0:0:0:0:1 - - [08/Dec/2022:08:40:14 +0300] "GET /login?error HTTP/1.1" 200 1226
0:0:0:0:0:0:0:1 - - [08/Dec/2022:08:40:14 +0300] "GET /favicon.ico HTTP/1.1" 302 -
0:0:0:0:0:0:0:1 - - [08/Dec/2022:08:40:14 +0300] "GET /login HTTP/1.1" 200 1158
0:0:0:0:0:0:0:1 - - [08/Dec/2022:08:40:16 +0300] "GET / HTTP/1.1" 302 -
0:0:0:0:0:0:0:1 - - [08/Dec/2022:08:40:16 +0300] "GET /login HTTP/1.1" 200 1158
0:0:0:0:0:0:0:1 - - [08/Dec/2022:08:40:16 +0300] "GET /favicon.ico HTTP/1.1" 302 -
0:0:0:0:0:0:0:1 - - [08/Dec/2022:08:40:16 +0300] "GET /login HTTP/1.1" 200 1158
0:0:0:0:0:0:0:1 - - [08/Dec/2022:08:40:17 +0300] "GET /signup HTTP/1.1" 200 1810
0:0:0:0:0:0:0:1 - - [08/Dec/2022:08:40:18 +0300] "GET /favicon.ico HTTP/1.1" 302 -
0:0:0:0:0:0:0:1 - - [08/Dec/2022:08:40:18 +0300] "GET /login HTTP/1.1" 200 1158
0:0:0:0:0:0:0:1 - - [08/Dec/2022:09:00:01 +0300] "GET / HTTP/1.1" 302 -
0:0:0:0:0:0:0:1 - - [08/Dec/2022:09:00:02 +0300] "GET /login HTTP/1.1" 200 1158
0:0:0:0:0:0:0:1 - - [08/Dec/2022:09:00:03 +0300] "GET /signup HTTP/1.1" 200 1810
0:0:0:0:0:0:0:1 - - [08/Dec/2022:09:00:09 +0300] "POST /user/register HTTP/1.1" 302 -
0:0:0:0:0:0:0:1 - - [08/Dec/2022:09:00:09 +0300] "GET /login HTTP/1.1" 200 1158
0:0:0:0:0:0:0:1 - - [08/Dec/2022:09:00:17 +0300] "POST /doLogin HTTP/1.1" 302 -
0:0:0:0:0:0:0:1 - - [08/Dec/2022:09:00:17 +0300] "GET / HTTP/1.1" 302 -
0:0:0:0:0:0:0:1 - - [08/Dec/2022:09:00:17 +0300] "GET /user HTTP/1.1" 200 1369
0:0:0:0:0:0:0:1 - - [08/Dec/2022:09:03:24 +0300] "GET /user HTTP/1.1" 200 1369
0:0:0:0:0:0:0:1 - - [08/Dec/2022:09:03:24 +0300] "GET /favicon.ico HTTP/1.1" 200 1150
0:0:0:0:0:0:0:1 - - [08/Dec/2022:09:04:32 +0300] "GET /logout HTTP/1.1" 302 -
0:0:0:0:0:0:0:1 - - [08/Dec/2022:09:04:32 +0300] "GET /login?logout HTTP/1.1" 200 1221
0:0:0:0:0:0:0:1 - - [08/Dec/2022:09:04:35 +0300] "GET /signup HTTP/1.1" 200 1810
0:0:0:0:0:0:0:1 - - [08/Dec/2022:09:05:22 +0300] "POST /user/register HTTP/1.1" 200 1916
0:0:0:0:0:0:0:1 - - [08/Dec/2022:09:05:34 +0300] "POST /user/register HTTP/1.1" 302 -
0:0:0:0:0:0:0:1 - - [08/Dec/2022:09:05:34 +0300] "GET /login HTTP/1.1" 200 1158
0:0:0:0:0:0:0:1 - - [08/Dec/2022:09:13:00 +0300] "GET /login HTTP/1.1" 200 1158
0:0:0:0:0:0:0:1 - - [08/Dec/2022:09:13:00 +0300] "GET /favicon.ico HTTP/1.1" 302 -
0:0:0:0:0:0:0:1 - - [08/Dec/2022:09:13:00 +0300] "GET /login HTTP/1.1" 200 1158
0:0:0:0:0:0:0:1 - - [08/Dec/2022:09:13:09 +0300] "GET /signup HTTP/1.1" 200 1810
0:0:0:0:0:0:0:1 - - [08/Dec/2022:09:13:09 +0300] "GET /favicon.ico HTTP/1.1" 302 -
0:0:0:0:0:0:0:1 - - [08/Dec/2022:09:13:09 +0300] "GET /login HTTP/1.1" 200 1158
0:0:0:0:0:0:0:1 - - [08/Dec/2022:09:13:13 +0300] "POST /user/register HTTP/1.1" 302 -
0:0:0:0:0:0:0:1 - - [08/Dec/2022:09:13:13 +0300] "GET /login HTTP/1.1" 200 1158
0:0:0:0:0:0:0:1 - - [08/Dec/2022:09:13:13 +0300] "GET /favicon.ico HTTP/1.1" 302 -
0:0:0:0:0:0:0:1 - - [08/Dec/2022:09:13:14 +0300] "GET /login HTTP/1.1" 200 1158
0:0:0:0:0:0:0:1 - - [08/Dec/2022:09:13:20 +0300] "POST /doLogin HTTP/1.1" 302 -
0:0:0:0:0:0:0:1 - - [08/Dec/2022:09:13:20 +0300] "GET / HTTP/1.1" 302 -
0:0:0:0:0:0:0:1 - - [08/Dec/2022:09:13:20 +0300] "GET /user HTTP/1.1" 200 1369
0:0:0:0:0:0:0:1 - - [08/Dec/2022:09:13:20 +0300] "GET /favicon.ico HTTP/1.1" 200 1150
0:0:0:0:0:0:0:1 - - [08/Dec/2022:09:13:26 +0300] "GET /user/1 HTTP/1.1" 200 1190
0:0:0:0:0:0:0:1 - - [08/Dec/2022:09:13:29 +0300] "GET /user/modify/1 HTTP/1.1" 200 1505
0:0:0:0:0:0:0:1 - - [08/Dec/2022:09:13:44 +0300] "POST /user/?form HTTP/1.1" 200 1593
0:0:0:0:0:0:0:1 - - [08/Dec/2022:09:18:04 +0300] "GET / HTTP/1.1" 302 -
0:0:0:0:0:0:0:1 - - [08/Dec/2022:09:18:05 +0300] "GET /user HTTP/1.1" 200 1223
0:0:0:0:0:0:0:1 - - [08/Dec/2022:09:18:05 +0300] "GET /user/ HTTP/1.1" 200 1223
0:0:0:0:0:0:0:1 - - [08/Dec/2022:09:18:07 +0300] "GET /logout HTTP/1.1" 302 -
0:0:0:0:0:0:0:1 - - [08/Dec/2022:09:18:07 +0300] "GET /login?logout HTTP/1.1" 200 1221
0:0:0:0:0:0:0:1 - - [08/Dec/2022:09:18:10 +0300] "GET /login?logout HTTP/1.1" 200 1221
0:0:0:0:0:0:0:1 - - [08/Dec/2022:09:18:10 +0300] "GET /favicon.ico HTTP/1.1" 302 -
0:0:0:0:0:0:0:1 - - [08/Dec/2022:09:18:10 +0300] "GET /login HTTP/1.1" 200 1158
0:0:0:0:0:0:0:1 - - [08/Dec/2022:09:18:15 +0300] "GET / HTTP/1.1" 302 -
0:0:0:0:0:0:0:1 - - [08/Dec/2022:09:18:15 +0300] "GET /login HTTP/1.1" 200 1158
0:0:0:0:0:0:0:1 - - [08/Dec/2022:09:18:15 +0300] "GET /favicon.ico HTTP/1.1" 302 -
0:0:0:0:0:0:0:1 - - [08/Dec/2022:09:18:15 +0300] "GET /login HTTP/1.1" 200 1158
0:0:0:0:0:0:0:1 - - [08/Dec/2022:09:18:23 +0300] "POST /doLogin HTTP/1.1" 302 -
0:0:0:0:0:0:0:1 - - [08/Dec/2022:09:18:23 +0300] "GET /login?error HTTP/1.1" 200 1226
0:0:0:0:0:0:0:1 - - [08/Dec/2022:09:18:23 +0300] "GET /favicon.ico HTTP/1.1" 302 -
0:0:0:0:0:0:0:1 - - [08/Dec/2022:09:18:23 +0300] "GET /login HTTP/1.1" 200 1158
0:0:0:0:0:0:0:1 - - [08/Dec/2022:09:18:25 +0300] "GET /signup HTTP/1.1" 200 1810
0:0:0:0:0:0:0:1 - - [08/Dec/2022:09:18:25 +0300] "GET /favicon.ico HTTP/1.1" 302 -
0:0:0:0:0:0:0:1 - - [08/Dec/2022:09:18:25 +0300] "GET /login HTTP/1.1" 200 1158
0:0:0:0:0:0:0:1 - - [08/Dec/2022:09:18:32 +0300] "POST /user/register HTTP/1.1" 302 -
0:0:0:0:0:0:0:1 - - [08/Dec/2022:09:18:32 +0300] "GET /login HTTP/1.1" 200 1158
0:0:0:0:0:0:0:1 - - [08/Dec/2022:09:18:32 +0300] "GET /favicon.ico HTTP/1.1" 302 -
0:0:0:0:0:0:0:1 - - [08/Dec/2022:09:18:32 +0300] "GET /login HTTP/1.1" 200 1158
0:0:0:0:0:0:0:1 - - [08/Dec/2022:09:18:38 +0300] "POST /doLogin HTTP/1.1" 302 -
0:0:0:0:0:0:0:1 - - [08/Dec/2022:09:18:38 +0300] "GET / HTTP/1.1" 302 -
0:0:0:0:0:0:0:1 - - [08/Dec/2022:09:18:38 +0300] "GET /user HTTP/1.1" 200 1369
0:0:0:0:0:0:0:1 - - [08/Dec/2022:09:18:38 +0300] "GET /favicon.ico HTTP/1.1" 200 1150
0:0:0:0:0:0:0:1 - - [08/Dec/2022:09:19:47 +0300] "GET /user HTTP/1.1" 200 1223
0:0:0:0:0:0:0:1 - - [08/Dec/2022:09:19:47 +0300] "GET /favicon.ico HTTP/1.1" 200 1150
0:0:0:0:0:0:0:1 - - [08/Dec/2022:09:19:55 +0300] "GET /logout HTTP/1.1" 302 -
0:0:0:0:0:0:0:1 - - [08/Dec/2022:09:19:55 +0300] "GET /login?logout HTTP/1.1" 200 1221
0:0:0:0:0:0:0:1 - - [08/Dec/2022:09:20:01 +0300] "GET /signup HTTP/1.1" 200 1810
0:0:0:0:0:0:0:1 - - [08/Dec/2022:09:20:06 +0300] "POST /user/register HTTP/1.1" 302 -
0:0:0:0:0:0:0:1 - - [08/Dec/2022:09:20:06 +0300] "GET /login HTTP/1.1" 200 1158
0:0:0:0:0:0:0:1 - - [08/Dec/2022:09:20:11 +0300] "POST /doLogin HTTP/1.1" 302 -
0:0:0:0:0:0:0:1 - - [08/Dec/2022:09:20:11 +0300] "GET / HTTP/1.1" 302 -
0:0:0:0:0:0:0:1 - - [08/Dec/2022:09:20:11 +0300] "GET /user HTTP/1.1" 200 1369
0:0:0:0:0:0:0:1 - - [08/Dec/2022:09:20:14 +0300] "GET /user/ HTTP/1.1" 200 1369
0:0:0:0:0:0:0:1 - - [08/Dec/2022:09:20:15 +0300] "GET /user/?form HTTP/1.1" 200 1490
0:0:0:0:0:0:0:1 - - [08/Dec/2022:09:20:18 +0300] "GET /user/ HTTP/1.1" 200 1369
0:0:0:0:0:0:0:1 - - [08/Dec/2022:09:20:20 +0300] "GET / HTTP/1.1" 302 -
0:0:0:0:0:0:0:1 - - [08/Dec/2022:09:20:20 +0300] "GET /user HTTP/1.1" 200 1369
0:0:0:0:0:0:0:1 - - [08/Dec/2022:09:20:22 +0300] "GET /logout HTTP/1.1" 302 -
0:0:0:0:0:0:0:1 - - [08/Dec/2022:09:20:22 +0300] "GET /login?logout HTTP/1.1" 200 1221
0:0:0:0:0:0:0:1 - - [08/Dec/2022:09:20:27 +0300] "GET /login HTTP/1.1" 200 1158
0:0:0:0:0:0:0:1 - - [08/Dec/2022:09:24:44 +0300] "GET /login HTTP/1.1" 200 1158
0:0:0:0:0:0:0:1 - - [08/Dec/2022:09:24:44 +0300] "GET /favicon.ico HTTP/1.1" 302 -
0:0:0:0:0:0:0:1 - - [08/Dec/2022:09:24:44 +0300] "GET /login HTTP/1.1" 200 1158
0:0:0:0:0:0:0:1 - - [08/Dec/2022:09:24:46 +0300] "GET /signup HTTP/1.1" 200 1810
0:0:0:0:0:0:0:1 - - [08/Dec/2022:09:24:46 +0300] "GET /favicon.ico HTTP/1.1" 302 -
0:0:0:0:0:0:0:1 - - [08/Dec/2022:09:24:46 +0300] "GET /login HTTP/1.1" 200 1158
0:0:0:0:0:0:0:1 - - [08/Dec/2022:09:24:52 +0300] "POST /user/register HTTP/1.1" 302 -
0:0:0:0:0:0:0:1 - - [08/Dec/2022:09:24:52 +0300] "GET /login HTTP/1.1" 200 1158
0:0:0:0:0:0:0:1 - - [08/Dec/2022:09:24:52 +0300] "GET /favicon.ico HTTP/1.1" 302 -
0:0:0:0:0:0:0:1 - - [08/Dec/2022:09:24:52 +0300] "GET /login HTTP/1.1" 200 1158
0:0:0:0:0:0:0:1 - - [08/Dec/2022:09:24:57 +0300] "POST /doLogin HTTP/1.1" 302 -
0:0:0:0:0:0:0:1 - - [08/Dec/2022:09:24:57 +0300] "GET / HTTP/1.1" 302 -
0:0:0:0:0:0:0:1 - - [08/Dec/2022:09:24:58 +0300] "GET /user HTTP/1.1" 200 1369
0:0:0:0:0:0:0:1 - - [08/Dec/2022:09:24:58 +0300] "GET /favicon.ico HTTP/1.1" 200 1150
