0:0:0:0:0:0:0:1 - - [07/Dec/2022:10:20:06 +0300] "GET / HTTP/1.1" 302 -
0:0:0:0:0:0:0:1 - - [07/Dec/2022:10:20:07 +0300] "GET /login HTTP/1.1" 200 1158
0:0:0:0:0:0:0:1 - - [07/Dec/2022:10:20:07 +0300] "GET /favicon.ico HTTP/1.1" 302 -
0:0:0:0:0:0:0:1 - - [07/Dec/2022:10:20:07 +0300] "GET /login HTTP/1.1" 200 1158
0:0:0:0:0:0:0:1 - - [07/Dec/2022:10:20:09 +0300] "POST /doLogin HTTP/1.1" 302 -
0:0:0:0:0:0:0:1 - - [07/Dec/2022:10:20:09 +0300] "GET /login?error HTTP/1.1" 200 1226
0:0:0:0:0:0:0:1 - - [07/Dec/2022:10:20:09 +0300] "GET /favicon.ico HTTP/1.1" 302 -
0:0:0:0:0:0:0:1 - - [07/Dec/2022:10:20:09 +0300] "GET /login HTTP/1.1" 200 1158
0:0:0:0:0:0:0:1 - - [07/Dec/2022:10:20:11 +0300] "GET /signup HTTP/1.1" 200 1810
0:0:0:0:0:0:0:1 - - [07/Dec/2022:10:20:11 +0300] "GET /favicon.ico HTTP/1.1" 302 -
0:0:0:0:0:0:0:1 - - [07/Dec/2022:10:20:11 +0300] "GET /login HTTP/1.1" 200 1158
0:0:0:0:0:0:0:1 - - [07/Dec/2022:10:20:16 +0300] "POST /user/register HTTP/1.1" 302 -
0:0:0:0:0:0:0:1 - - [07/Dec/2022:10:20:16 +0300] "GET /login HTTP/1.1" 200 1158
0:0:0:0:0:0:0:1 - - [07/Dec/2022:10:20:16 +0300] "GET /favicon.ico HTTP/1.1" 302 -
0:0:0:0:0:0:0:1 - - [07/Dec/2022:10:20:16 +0300] "GET /login HTTP/1.1" 200 1158
0:0:0:0:0:0:0:1 - - [07/Dec/2022:10:20:24 +0300] "POST /doLogin HTTP/1.1" 302 -
0:0:0:0:0:0:0:1 - - [07/Dec/2022:10:20:24 +0300] "GET /login?error HTTP/1.1" 200 1226
0:0:0:0:0:0:0:1 - - [07/Dec/2022:10:20:24 +0300] "GET /favicon.ico HTTP/1.1" 302 -
0:0:0:0:0:0:0:1 - - [07/Dec/2022:10:20:24 +0300] "GET /login HTTP/1.1" 200 1158
0:0:0:0:0:0:0:1 - - [07/Dec/2022:10:20:36 +0300] "POST /doLogin HTTP/1.1" 302 -
0:0:0:0:0:0:0:1 - - [07/Dec/2022:10:20:36 +0300] "GET /login?error HTTP/1.1" 200 1226
0:0:0:0:0:0:0:1 - - [07/Dec/2022:10:20:36 +0300] "GET /favicon.ico HTTP/1.1" 302 -
0:0:0:0:0:0:0:1 - - [07/Dec/2022:10:20:36 +0300] "GET /login HTTP/1.1" 200 1158
0:0:0:0:0:0:0:1 - - [07/Dec/2022:10:21:00 +0300] "GET /login?error HTTP/1.1" 200 1226
0:0:0:0:0:0:0:1 - - [07/Dec/2022:10:21:01 +0300] "GET /favicon.ico HTTP/1.1" 302 -
0:0:0:0:0:0:0:1 - - [07/Dec/2022:10:21:01 +0300] "GET /login HTTP/1.1" 200 1158
0:0:0:0:0:0:0:1 - - [07/Dec/2022:10:21:04 +0300] "POST /doLogin HTTP/1.1" 302 -
0:0:0:0:0:0:0:1 - - [07/Dec/2022:10:21:04 +0300] "GET /login?error HTTP/1.1" 200 1226
0:0:0:0:0:0:0:1 - - [07/Dec/2022:10:21:05 +0300] "GET /favicon.ico HTTP/1.1" 302 -
0:0:0:0:0:0:0:1 - - [07/Dec/2022:10:21:05 +0300] "GET /login HTTP/1.1" 200 1158
0:0:0:0:0:0:0:1 - - [07/Dec/2022:10:21:05 +0300] "GET /signup HTTP/1.1" 200 1810
0:0:0:0:0:0:0:1 - - [07/Dec/2022:10:21:05 +0300] "GET /favicon.ico HTTP/1.1" 302 -
0:0:0:0:0:0:0:1 - - [07/Dec/2022:10:21:05 +0300] "GET /login HTTP/1.1" 200 1158
0:0:0:0:0:0:0:1 - - [07/Dec/2022:10:21:12 +0300] "POST /user/register HTTP/1.1" 302 -
0:0:0:0:0:0:0:1 - - [07/Dec/2022:10:21:12 +0300] "GET /login HTTP/1.1" 200 1158
0:0:0:0:0:0:0:1 - - [07/Dec/2022:10:21:12 +0300] "GET /favicon.ico HTTP/1.1" 302 -
0:0:0:0:0:0:0:1 - - [07/Dec/2022:10:21:12 +0300] "GET /login HTTP/1.1" 200 1158
0:0:0:0:0:0:0:1 - - [07/Dec/2022:10:21:24 +0300] "POST /doLogin HTTP/1.1" 302 -
0:0:0:0:0:0:0:1 - - [07/Dec/2022:10:21:24 +0300] "GET /login?error HTTP/1.1" 200 1226
0:0:0:0:0:0:0:1 - - [07/Dec/2022:10:21:24 +0300] "GET /favicon.ico HTTP/1.1" 302 -
0:0:0:0:0:0:0:1 - - [07/Dec/2022:10:21:24 +0300] "GET /login HTTP/1.1" 200 1158
0:0:0:0:0:0:0:1 - - [07/Dec/2022:10:22:21 +0300] "GET / HTTP/1.1" 302 -
0:0:0:0:0:0:0:1 - - [07/Dec/2022:10:22:22 +0300] "GET /login HTTP/1.1" 200 1158
0:0:0:0:0:0:0:1 - - [07/Dec/2022:10:22:22 +0300] "GET /favicon.ico HTTP/1.1" 302 -
0:0:0:0:0:0:0:1 - - [07/Dec/2022:10:22:22 +0300] "GET /login HTTP/1.1" 200 1158
0:0:0:0:0:0:0:1 - - [07/Dec/2022:10:22:24 +0300] "GET /signup HTTP/1.1" 200 1810
0:0:0:0:0:0:0:1 - - [07/Dec/2022:10:22:24 +0300] "GET /favicon.ico HTTP/1.1" 302 -
0:0:0:0:0:0:0:1 - - [07/Dec/2022:10:22:24 +0300] "GET /login HTTP/1.1" 200 1158
0:0:0:0:0:0:0:1 - - [07/Dec/2022:10:22:33 +0300] "POST /user/register HTTP/1.1" 302 -
0:0:0:0:0:0:0:1 - - [07/Dec/2022:10:22:33 +0300] "GET /login HTTP/1.1" 200 1158
0:0:0:0:0:0:0:1 - - [07/Dec/2022:10:22:33 +0300] "GET /favicon.ico HTTP/1.1" 302 -
0:0:0:0:0:0:0:1 - - [07/Dec/2022:10:22:33 +0300] "GET /login HTTP/1.1" 200 1158
0:0:0:0:0:0:0:1 - - [07/Dec/2022:10:22:39 +0300] "POST /doLogin HTTP/1.1" 302 -
0:0:0:0:0:0:0:1 - - [07/Dec/2022:10:22:39 +0300] "GET /login?error HTTP/1.1" 200 1226
0:0:0:0:0:0:0:1 - - [07/Dec/2022:10:22:39 +0300] "GET /favicon.ico HTTP/1.1" 302 -
0:0:0:0:0:0:0:1 - - [07/Dec/2022:10:22:39 +0300] "GET /login HTTP/1.1" 200 1158
0:0:0:0:0:0:0:1 - - [07/Dec/2022:10:25:53 +0300] "GET / HTTP/1.1" 302 -
0:0:0:0:0:0:0:1 - - [07/Dec/2022:10:25:54 +0300] "GET /login HTTP/1.1" 200 1158
0:0:0:0:0:0:0:1 - - [07/Dec/2022:10:25:54 +0300] "GET /favicon.ico HTTP/1.1" 302 -
0:0:0:0:0:0:0:1 - - [07/Dec/2022:10:25:54 +0300] "GET /login HTTP/1.1" 200 1158
0:0:0:0:0:0:0:1 - - [07/Dec/2022:10:25:55 +0300] "GET /signup HTTP/1.1" 200 1810
0:0:0:0:0:0:0:1 - - [07/Dec/2022:10:25:55 +0300] "GET /favicon.ico HTTP/1.1" 302 -
0:0:0:0:0:0:0:1 - - [07/Dec/2022:10:25:55 +0300] "GET /login HTTP/1.1" 200 1158
0:0:0:0:0:0:0:1 - - [07/Dec/2022:10:26:00 +0300] "POST /user/register HTTP/1.1" 302 -
0:0:0:0:0:0:0:1 - - [07/Dec/2022:10:26:00 +0300] "GET /login HTTP/1.1" 200 1158
0:0:0:0:0:0:0:1 - - [07/Dec/2022:10:26:00 +0300] "GET /favicon.ico HTTP/1.1" 302 -
0:0:0:0:0:0:0:1 - - [07/Dec/2022:10:26:00 +0300] "GET /login HTTP/1.1" 200 1158
0:0:0:0:0:0:0:1 - - [07/Dec/2022:10:26:08 +0300] "POST /doLogin HTTP/1.1" 302 -
0:0:0:0:0:0:0:1 - - [07/Dec/2022:10:26:08 +0300] "GET /login?error HTTP/1.1" 200 1226
0:0:0:0:0:0:0:1 - - [07/Dec/2022:10:26:08 +0300] "GET /favicon.ico HTTP/1.1" 302 -
0:0:0:0:0:0:0:1 - - [07/Dec/2022:10:26:08 +0300] "GET /login HTTP/1.1" 200 1158
