0:0:0:0:0:0:0:1 - - [31/Jan/2023:09:28:33 +0300] "GET / HTTP/1.1" 302 -
0:0:0:0:0:0:0:1 - - [31/Jan/2023:09:28:34 +0300] "GET /login HTTP/1.1" 200 1249
0:0:0:0:0:0:0:1 - - [31/Jan/2023:09:35:51 +0300] "GET /login HTTP/1.1" 200 1528
0:0:0:0:0:0:0:1 - - [31/Jan/2023:09:35:51 +0300] "GET /favicon.ico HTTP/1.1" 302 -
0:0:0:0:0:0:0:1 - - [31/Jan/2023:09:35:51 +0300] "GET /login HTTP/1.1" 200 1528
0:0:0:0:0:0:0:1 - - [31/Jan/2023:09:54:27 +0300] "GET /signup HTTP/1.1" 200 1654
0:0:0:0:0:0:0:1 - - [31/Jan/2023:09:54:27 +0300] "GET /favicon.ico HTTP/1.1" 302 -
0:0:0:0:0:0:0:1 - - [31/Jan/2023:09:54:27 +0300] "GET /login HTTP/1.1" 200 1528
0:0:0:0:0:0:0:1 - - [31/Jan/2023:09:55:25 +0300] "POST /user/register HTTP/1.1" 302 -
0:0:0:0:0:0:0:1 - - [31/Jan/2023:09:55:25 +0300] "GET /login HTTP/1.1" 200 1528
0:0:0:0:0:0:0:1 - - [31/Jan/2023:09:55:25 +0300] "GET /favicon.ico HTTP/1.1" 302 -
0:0:0:0:0:0:0:1 - - [31/Jan/2023:09:55:25 +0300] "GET /login HTTP/1.1" 200 1528
0:0:0:0:0:0:0:1 - - [31/Jan/2023:09:57:13 +0300] "POST /doLogin HTTP/1.1" 302 -
0:0:0:0:0:0:0:1 - - [31/Jan/2023:09:57:13 +0300] "GET /login?error HTTP/1.1" 200 1582
0:0:0:0:0:0:0:1 - - [31/Jan/2023:09:57:13 +0300] "GET /favicon.ico HTTP/1.1" 302 -
0:0:0:0:0:0:0:1 - - [31/Jan/2023:09:57:13 +0300] "GET /login HTTP/1.1" 200 1528
0:0:0:0:0:0:0:1 - - [31/Jan/2023:09:57:24 +0300] "GET /registrationConfirm?token=db199c6b-2eb8-4e53-baff-7d725f12ada0 HTTP/1.1" 302 -
0:0:0:0:0:0:0:1 - - [31/Jan/2023:09:57:24 +0300] "GET /login HTTP/1.1" 200 1601
0:0:0:0:0:0:0:1 - - [31/Jan/2023:09:57:25 +0300] "GET /favicon.ico HTTP/1.1" 302 -
0:0:0:0:0:0:0:1 - - [31/Jan/2023:09:57:25 +0300] "GET /login HTTP/1.1" 200 1528
0:0:0:0:0:0:0:1 - - [31/Jan/2023:09:57:41 +0300] "POST /doLogin HTTP/1.1" 302 -
0:0:0:0:0:0:0:1 - - [31/Jan/2023:09:57:41 +0300] "GET / HTTP/1.1" 302 -
0:0:0:0:0:0:0:1 - - [31/Jan/2023:09:57:42 +0300] "GET /user HTTP/1.1" 200 1531
0:0:0:0:0:0:0:1 - - [31/Jan/2023:09:57:42 +0300] "GET /favicon.ico HTTP/1.1" 200 1150
0:0:0:0:0:0:0:1 - - [31/Jan/2023:09:58:20 +0300] "GET /logout HTTP/1.1" 302 -
0:0:0:0:0:0:0:1 - - [31/Jan/2023:09:58:20 +0300] "GET /login?logout HTTP/1.1" 200 1592
0:0:0:0:0:0:0:1 - - [31/Jan/2023:14:25:04 +0300] "GET /login HTTP/1.1" 200 1528
