0:0:0:0:0:0:0:1 - - [03/Feb/2023:18:49:01 +0300] "GET / HTTP/1.1" 302 -
0:0:0:0:0:0:0:1 - - [03/Feb/2023:18:49:01 +0300] "GET /login HTTP/1.1" 200 1528
0:0:0:0:0:0:0:1 - - [03/Feb/2023:18:49:02 +0300] "GET /favicon.ico HTTP/1.1" 302 -
0:0:0:0:0:0:0:1 - - [03/Feb/2023:18:49:02 +0300] "GET /login HTTP/1.1" 200 1528
0:0:0:0:0:0:0:1 - - [03/Feb/2023:18:49:13 +0300] "GET /login HTTP/1.1" 200 1528
0:0:0:0:0:0:0:1 - - [03/Feb/2023:18:49:13 +0300] "GET /favicon.ico HTTP/1.1" 302 -
0:0:0:0:0:0:0:1 - - [03/Feb/2023:18:49:13 +0300] "GET /login HTTP/1.1" 200 1528
0:0:0:0:0:0:0:1 - - [03/Feb/2023:18:49:27 +0300] "GET / HTTP/1.1" 302 -
0:0:0:0:0:0:0:1 - - [03/Feb/2023:18:49:27 +0300] "GET /login HTTP/1.1" 200 1528
0:0:0:0:0:0:0:1 - - [03/Feb/2023:18:49:27 +0300] "GET /favicon.ico HTTP/1.1" 302 -
0:0:0:0:0:0:0:1 - - [03/Feb/2023:18:49:27 +0300] "GET /login HTTP/1.1" 200 1528
0:0:0:0:0:0:0:1 - - [03/Feb/2023:18:49:49 +0300] "GET /login HTTP/1.1" 200 1528
0:0:0:0:0:0:0:1 - - [03/Feb/2023:18:49:49 +0300] "GET /favicon.ico HTTP/1.1" 302 -
0:0:0:0:0:0:0:1 - - [03/Feb/2023:18:49:49 +0300] "GET /login HTTP/1.1" 200 1528
0:0:0:0:0:0:0:1 - - [03/Feb/2023:18:50:03 +0300] "POST /doLogin HTTP/1.1" 302 -
0:0:0:0:0:0:0:1 - - [03/Feb/2023:18:50:03 +0300] "GET /login?error HTTP/1.1" 200 1581
0:0:0:0:0:0:0:1 - - [03/Feb/2023:18:50:03 +0300] "GET /favicon.ico HTTP/1.1" 302 -
0:0:0:0:0:0:0:1 - - [03/Feb/2023:18:50:03 +0300] "GET /login HTTP/1.1" 200 1528
0:0:0:0:0:0:0:1 - - [03/Feb/2023:18:50:11 +0300] "POST /doLogin HTTP/1.1" 302 -
0:0:0:0:0:0:0:1 - - [03/Feb/2023:18:50:11 +0300] "GET /login?error HTTP/1.1" 200 1581
0:0:0:0:0:0:0:1 - - [03/Feb/2023:18:50:11 +0300] "GET /favicon.ico HTTP/1.1" 302 -
0:0:0:0:0:0:0:1 - - [03/Feb/2023:18:50:11 +0300] "GET /login HTTP/1.1" 200 1528
0:0:0:0:0:0:0:1 - - [03/Feb/2023:18:51:08 +0300] "POST /doLogin HTTP/1.1" 302 -
0:0:0:0:0:0:0:1 - - [03/Feb/2023:18:51:08 +0300] "GET /login?error HTTP/1.1" 200 1581
0:0:0:0:0:0:0:1 - - [03/Feb/2023:18:51:08 +0300] "GET /favicon.ico HTTP/1.1" 302 -
0:0:0:0:0:0:0:1 - - [03/Feb/2023:18:51:08 +0300] "GET /login HTTP/1.1" 200 1528
0:0:0:0:0:0:0:1 - - [03/Feb/2023:18:51:13 +0300] "POST /doLogin HTTP/1.1" 302 -
0:0:0:0:0:0:0:1 - - [03/Feb/2023:18:51:13 +0300] "GET /login?error HTTP/1.1" 200 1581
0:0:0:0:0:0:0:1 - - [03/Feb/2023:18:51:13 +0300] "GET /favicon.ico HTTP/1.1" 302 -
0:0:0:0:0:0:0:1 - - [03/Feb/2023:18:51:13 +0300] "GET /login HTTP/1.1" 200 1528
0:0:0:0:0:0:0:1 - - [03/Feb/2023:18:51:19 +0300] "GET /forgotPassword HTTP/1.1" 200 818
0:0:0:0:0:0:0:1 - - [03/Feb/2023:18:51:19 +0300] "GET /favicon.ico HTTP/1.1" 302 -
0:0:0:0:0:0:0:1 - - [03/Feb/2023:18:51:19 +0300] "GET /login HTTP/1.1" 200 1528
0:0:0:0:0:0:0:1 - - [03/Feb/2023:18:51:24 +0300] "POST /user/resetPassword HTTP/1.1" 302 -
0:0:0:0:0:0:0:1 - - [03/Feb/2023:18:51:24 +0300] "GET /login HTTP/1.1" 200 1617
0:0:0:0:0:0:0:1 - - [03/Feb/2023:18:51:24 +0300] "GET /favicon.ico HTTP/1.1" 302 -
0:0:0:0:0:0:0:1 - - [03/Feb/2023:18:51:24 +0300] "GET /login HTTP/1.1" 200 1528
0:0:0:0:0:0:0:1 - - [03/Feb/2023:18:51:33 +0300] "GET /user/changePassword?id=4&token=6b32b5f9-1382-432a-8963-2515e001d87a HTTP/1.1" 200 1498
0:0:0:0:0:0:0:1 - - [03/Feb/2023:18:51:33 +0300] "GET /favicon.ico HTTP/1.1" 302 -
0:0:0:0:0:0:0:1 - - [03/Feb/2023:18:51:33 +0300] "GET /login HTTP/1.1" 200 1528
0:0:0:0:0:0:0:1 - - [03/Feb/2023:18:51:41 +0300] "POST /user/savePassword HTTP/1.1" 302 -
0:0:0:0:0:0:0:1 - - [03/Feb/2023:18:51:41 +0300] "GET /login HTTP/1.1" 200 1594
0:0:0:0:0:0:0:1 - - [03/Feb/2023:18:51:41 +0300] "GET /favicon.ico HTTP/1.1" 302 -
0:0:0:0:0:0:0:1 - - [03/Feb/2023:18:51:41 +0300] "GET /login HTTP/1.1" 200 1528
0:0:0:0:0:0:0:1 - - [03/Feb/2023:18:51:47 +0300] "POST /doLogin HTTP/1.1" 302 -
0:0:0:0:0:0:0:1 - - [03/Feb/2023:18:51:47 +0300] "GET / HTTP/1.1" 302 -
0:0:0:0:0:0:0:1 - - [03/Feb/2023:18:51:48 +0300] "GET /user HTTP/1.1" 200 1531
0:0:0:0:0:0:0:1 - - [03/Feb/2023:18:51:48 +0300] "GET /favicon.ico HTTP/1.1" 200 1150
0:0:0:0:0:0:0:1 - - [03/Feb/2023:18:56:45 +0300] "GET /logout HTTP/1.1" 302 -
0:0:0:0:0:0:0:1 - - [03/Feb/2023:18:56:45 +0300] "GET /login?logout HTTP/1.1" 200 1592
0:0:0:0:0:0:0:1 - - [03/Feb/2023:18:57:17 +0300] "POST /doLogin HTTP/1.1" 302 -
0:0:0:0:0:0:0:1 - - [03/Feb/2023:18:57:17 +0300] "GET / HTTP/1.1" 302 -
0:0:0:0:0:0:0:1 - - [03/Feb/2023:18:57:17 +0300] "GET /user HTTP/1.1" 200 1531
0:0:0:0:0:0:0:1 - - [03/Feb/2023:18:57:30 +0300] "GET /user HTTP/1.1" 200 1531
0:0:0:0:0:0:0:1 - - [03/Feb/2023:18:57:30 +0300] "GET /favicon.ico HTTP/1.1" 200 1150
0:0:0:0:0:0:0:1 - - [03/Feb/2023:18:57:39 +0300] "GET /user HTTP/1.1" 302 -
0:0:0:0:0:0:0:1 - - [03/Feb/2023:18:57:39 +0300] "GET /login HTTP/1.1" 200 1528
0:0:0:0:0:0:0:1 - - [03/Feb/2023:18:57:40 +0300] "GET /favicon.ico HTTP/1.1" 302 -
0:0:0:0:0:0:0:1 - - [03/Feb/2023:18:57:40 +0300] "GET /login HTTP/1.1" 200 1528
0:0:0:0:0:0:0:1 - - [03/Feb/2023:20:19:12 +0300] "GET /login HTTP/1.1" 200 1528
0:0:0:0:0:0:0:1 - - [03/Feb/2023:20:19:12 +0300] "GET /favicon.ico HTTP/1.1" 302 -
0:0:0:0:0:0:0:1 - - [03/Feb/2023:20:19:12 +0300] "GET /login HTTP/1.1" 200 1528
0:0:0:0:0:0:0:1 - - [03/Feb/2023:20:33:41 +0300] "POST /doLogin HTTP/1.1" 302 -
0:0:0:0:0:0:0:1 - - [03/Feb/2023:20:33:41 +0300] "GET / HTTP/1.1" 302 -
0:0:0:0:0:0:0:1 - - [03/Feb/2023:20:33:42 +0300] "GET /user HTTP/1.1" 200 1531
0:0:0:0:0:0:0:1 - - [03/Feb/2023:20:33:42 +0300] "GET /favicon.ico HTTP/1.1" 200 1150
0:0:0:0:0:0:0:1 - - [03/Feb/2023:20:34:00 +0300] "GET /user HTTP/1.1" 200 1531
0:0:0:0:0:0:0:1 - - [03/Feb/2023:20:34:01 +0300] "GET /favicon.ico HTTP/1.1" 200 1150
0:0:0:0:0:0:0:1 - - [03/Feb/2023:20:34:12 +0300] "GET /user HTTP/1.1" 200 1531
0:0:0:0:0:0:0:1 - - [03/Feb/2023:20:34:12 +0300] "GET /favicon.ico HTTP/1.1" 200 1150
0:0:0:0:0:0:0:1 - - [03/Feb/2023:20:34:27 +0300] "GET /user HTTP/1.1" 302 -
0:0:0:0:0:0:0:1 - - [03/Feb/2023:20:34:27 +0300] "GET /login HTTP/1.1" 200 1528
0:0:0:0:0:0:0:1 - - [03/Feb/2023:20:34:27 +0300] "GET /favicon.ico HTTP/1.1" 302 -
0:0:0:0:0:0:0:1 - - [03/Feb/2023:20:34:27 +0300] "GET /login HTTP/1.1" 200 1528
0:0:0:0:0:0:0:1 - - [03/Feb/2023:20:35:47 +0300] "POST /doLogin HTTP/1.1" 302 -
0:0:0:0:0:0:0:1 - - [03/Feb/2023:20:35:47 +0300] "GET /user HTTP/1.1" 200 1531
0:0:0:0:0:0:0:1 - - [03/Feb/2023:20:35:47 +0300] "GET /favicon.ico HTTP/1.1" 200 1150
0:0:0:0:0:0:0:1 - - [03/Feb/2023:20:35:48 +0300] "GET /logout HTTP/1.1" 302 -
0:0:0:0:0:0:0:1 - - [03/Feb/2023:20:35:48 +0300] "GET /login?logout HTTP/1.1" 200 1592
0:0:0:0:0:0:0:1 - - [03/Feb/2023:20:35:51 +0300] "POST /doLogin HTTP/1.1" 302 -
0:0:0:0:0:0:0:1 - - [03/Feb/2023:20:35:51 +0300] "GET /login?error HTTP/1.1" 200 1581
0:0:0:0:0:0:0:1 - - [03/Feb/2023:20:35:58 +0300] "POST /doLogin HTTP/1.1" 302 -
0:0:0:0:0:0:0:1 - - [03/Feb/2023:20:35:58 +0300] "GET / HTTP/1.1" 302 -
0:0:0:0:0:0:0:1 - - [03/Feb/2023:20:35:58 +0300] "GET /user HTTP/1.1" 200 1531
0:0:0:0:0:0:0:1 - - [03/Feb/2023:20:38:29 +0300] "GET /user HTTP/1.1" 302 -
0:0:0:0:0:0:0:1 - - [03/Feb/2023:20:38:29 +0300] "GET /login HTTP/1.1" 200 1528
0:0:0:0:0:0:0:1 - - [03/Feb/2023:20:38:30 +0300] "GET /favicon.ico HTTP/1.1" 302 -
0:0:0:0:0:0:0:1 - - [03/Feb/2023:20:38:30 +0300] "GET /login HTTP/1.1" 200 1528
0:0:0:0:0:0:0:1 - - [03/Feb/2023:20:38:35 +0300] "POST /doLogin HTTP/1.1" 302 -
0:0:0:0:0:0:0:1 - - [03/Feb/2023:20:38:35 +0300] "GET /user HTTP/1.1" 200 1531
0:0:0:0:0:0:0:1 - - [03/Feb/2023:20:38:35 +0300] "GET /favicon.ico HTTP/1.1" 200 1150
0:0:0:0:0:0:0:1 - - [03/Feb/2023:20:38:42 +0300] "GET /logout HTTP/1.1" 302 -
0:0:0:0:0:0:0:1 - - [03/Feb/2023:20:38:42 +0300] "GET /login?logout HTTP/1.1" 200 1592
0:0:0:0:0:0:0:1 - - [03/Feb/2023:20:38:48 +0300] "POST /doLogin HTTP/1.1" 302 -
0:0:0:0:0:0:0:1 - - [03/Feb/2023:20:38:48 +0300] "GET / HTTP/1.1" 302 -
0:0:0:0:0:0:0:1 - - [03/Feb/2023:20:38:48 +0300] "GET /user HTTP/1.1" 200 1531
0:0:0:0:0:0:0:1 - - [03/Feb/2023:20:38:57 +0300] "GET /logout HTTP/1.1" 302 -
0:0:0:0:0:0:0:1 - - [03/Feb/2023:20:38:57 +0300] "GET /login?logout HTTP/1.1" 200 1592
0:0:0:0:0:0:0:1 - - [03/Feb/2023:20:39:54 +0300] "POST /doLogin HTTP/1.1" 302 -
0:0:0:0:0:0:0:1 - - [03/Feb/2023:20:39:54 +0300] "GET / HTTP/1.1" 302 -
0:0:0:0:0:0:0:1 - - [03/Feb/2023:20:39:55 +0300] "GET /user HTTP/1.1" 200 1531
0:0:0:0:0:0:0:1 - - [03/Feb/2023:20:40:48 +0300] "GET /logout HTTP/1.1" 302 -
0:0:0:0:0:0:0:1 - - [03/Feb/2023:20:40:49 +0300] "GET /login?logout HTTP/1.1" 200 1596
0:0:0:0:0:0:0:1 - - [03/Feb/2023:20:41:01 +0300] "POST /doLogin HTTP/1.1" 302 -
0:0:0:0:0:0:0:1 - - [03/Feb/2023:20:41:01 +0300] "GET / HTTP/1.1" 302 -
0:0:0:0:0:0:0:1 - - [03/Feb/2023:20:41:01 +0300] "GET /user HTTP/1.1" 200 1531
0:0:0:0:0:0:0:1 - - [03/Feb/2023:20:41:10 +0300] "GET /logout HTTP/1.1" 302 -
0:0:0:0:0:0:0:1 - - [03/Feb/2023:20:41:10 +0300] "GET /login?logout HTTP/1.1" 200 1596
0:0:0:0:0:0:0:1 - - [03/Feb/2023:20:41:15 +0300] "POST /doLogin HTTP/1.1" 302 -
0:0:0:0:0:0:0:1 - - [03/Feb/2023:20:41:15 +0300] "GET / HTTP/1.1" 302 -
0:0:0:0:0:0:0:1 - - [03/Feb/2023:20:41:15 +0300] "GET /user HTTP/1.1" 200 1531
0:0:0:0:0:0:0:1 - - [03/Feb/2023:20:45:16 +0300] "GET /user HTTP/1.1" 302 -
0:0:0:0:0:0:0:1 - - [03/Feb/2023:20:45:16 +0300] "GET /login HTTP/1.1" 200 1528
0:0:0:0:0:0:0:1 - - [03/Feb/2023:20:45:16 +0300] "GET /favicon.ico HTTP/1.1" 302 -
0:0:0:0:0:0:0:1 - - [03/Feb/2023:20:45:16 +0300] "GET /login HTTP/1.1" 200 1528
0:0:0:0:0:0:0:1 - - [03/Feb/2023:20:45:21 +0300] "POST /doLogin HTTP/1.1" 302 -
0:0:0:0:0:0:0:1 - - [03/Feb/2023:20:45:22 +0300] "GET /user HTTP/1.1" 200 1531
0:0:0:0:0:0:0:1 - - [03/Feb/2023:20:45:22 +0300] "GET /favicon.ico HTTP/1.1" 200 1150
0:0:0:0:0:0:0:1 - - [03/Feb/2023:20:45:37 +0300] "GET /user HTTP/1.1" 302 -
0:0:0:0:0:0:0:1 - - [03/Feb/2023:20:45:37 +0300] "GET /login HTTP/1.1" 200 1528
0:0:0:0:0:0:0:1 - - [03/Feb/2023:20:45:37 +0300] "GET /favicon.ico HTTP/1.1" 302 -
0:0:0:0:0:0:0:1 - - [03/Feb/2023:20:45:37 +0300] "GET /login HTTP/1.1" 200 1528
0:0:0:0:0:0:0:1 - - [03/Feb/2023:20:45:52 +0300] "POST /doLogin HTTP/1.1" 302 -
0:0:0:0:0:0:0:1 - - [03/Feb/2023:20:45:52 +0300] "GET / HTTP/1.1" 302 -
0:0:0:0:0:0:0:1 - - [03/Feb/2023:20:45:52 +0300] "GET /user HTTP/1.1" 200 1531
0:0:0:0:0:0:0:1 - - [03/Feb/2023:20:45:52 +0300] "GET /favicon.ico HTTP/1.1" 200 1150
0:0:0:0:0:0:0:1 - - [03/Feb/2023:20:46:19 +0300] "GET /user HTTP/1.1" 302 -
0:0:0:0:0:0:0:1 - - [03/Feb/2023:20:46:19 +0300] "GET /login HTTP/1.1" 200 1525
0:0:0:0:0:0:0:1 - - [03/Feb/2023:20:46:20 +0300] "GET /favicon.ico HTTP/1.1" 302 -
0:0:0:0:0:0:0:1 - - [03/Feb/2023:20:46:20 +0300] "GET /login HTTP/1.1" 200 1525
0:0:0:0:0:0:0:1 - - [03/Feb/2023:20:46:25 +0300] "POST /doLogin HTTP/1.1" 302 -
0:0:0:0:0:0:0:1 - - [03/Feb/2023:20:46:25 +0300] "GET /user HTTP/1.1" 200 1531
0:0:0:0:0:0:0:1 - - [03/Feb/2023:20:46:25 +0300] "GET /favicon.ico HTTP/1.1" 200 1150
0:0:0:0:0:0:0:1 - - [03/Feb/2023:20:46:32 +0300] "GET /logout HTTP/1.1" 302 -
0:0:0:0:0:0:0:1 - - [03/Feb/2023:20:46:32 +0300] "GET /login?logout HTTP/1.1" 200 1589
0:0:0:0:0:0:0:1 - - [03/Feb/2023:20:46:37 +0300] "POST /doLogin HTTP/1.1" 302 -
0:0:0:0:0:0:0:1 - - [03/Feb/2023:20:46:37 +0300] "GET / HTTP/1.1" 302 -
0:0:0:0:0:0:0:1 - - [03/Feb/2023:20:46:37 +0300] "GET /user HTTP/1.1" 200 1531
0:0:0:0:0:0:0:1 - - [03/Feb/2023:20:46:45 +0300] "GET /user HTTP/1.1" 302 -
0:0:0:0:0:0:0:1 - - [03/Feb/2023:20:46:45 +0300] "GET /login HTTP/1.1" 200 1525
0:0:0:0:0:0:0:1 - - [03/Feb/2023:20:46:45 +0300] "GET /favicon.ico HTTP/1.1" 302 -
0:0:0:0:0:0:0:1 - - [03/Feb/2023:20:46:45 +0300] "GET /login HTTP/1.1" 200 1525
0:0:0:0:0:0:0:1 - - [03/Feb/2023:20:47:18 +0300] "GET /login HTTP/1.1" 200 1529
0:0:0:0:0:0:0:1 - - [03/Feb/2023:20:47:18 +0300] "GET /favicon.ico HTTP/1.1" 302 -
0:0:0:0:0:0:0:1 - - [03/Feb/2023:20:47:18 +0300] "GET /login HTTP/1.1" 200 1529
0:0:0:0:0:0:0:1 - - [03/Feb/2023:20:47:19 +0300] "GET /login HTTP/1.1" 200 1529
0:0:0:0:0:0:0:1 - - [03/Feb/2023:20:47:19 +0300] "GET /favicon.ico HTTP/1.1" 302 -
0:0:0:0:0:0:0:1 - - [03/Feb/2023:20:47:19 +0300] "GET /login HTTP/1.1" 200 1529
0:0:0:0:0:0:0:1 - - [03/Feb/2023:20:47:24 +0300] "POST /doLogin HTTP/1.1" 302 -
0:0:0:0:0:0:0:1 - - [03/Feb/2023:20:47:25 +0300] "GET /user HTTP/1.1" 200 1531
0:0:0:0:0:0:0:1 - - [03/Feb/2023:20:47:25 +0300] "GET /favicon.ico HTTP/1.1" 200 1150
0:0:0:0:0:0:0:1 - - [03/Feb/2023:20:50:31 +0300] "GET /logout HTTP/1.1" 302 -
0:0:0:0:0:0:0:1 - - [03/Feb/2023:20:50:31 +0300] "GET /login?logout HTTP/1.1" 200 1593
0:0:0:0:0:0:0:1 - - [03/Feb/2023:20:59:02 +0300] "GET /login?logout HTTP/1.1" 200 1592
0:0:0:0:0:0:0:1 - - [03/Feb/2023:20:59:02 +0300] "GET /favicon.ico HTTP/1.1" 302 -
0:0:0:0:0:0:0:1 - - [03/Feb/2023:20:59:02 +0300] "GET /login HTTP/1.1" 200 1528
0:0:0:0:0:0:0:1 - - [03/Feb/2023:20:59:06 +0300] "GET /user HTTP/1.1" 302 -
0:0:0:0:0:0:0:1 - - [03/Feb/2023:20:59:06 +0300] "GET /login HTTP/1.1" 200 1528
0:0:0:0:0:0:0:1 - - [03/Feb/2023:20:59:06 +0300] "GET /favicon.ico HTTP/1.1" 302 -
0:0:0:0:0:0:0:1 - - [03/Feb/2023:20:59:06 +0300] "GET /login HTTP/1.1" 200 1528
0:0:0:0:0:0:0:1 - - [03/Feb/2023:20:59:09 +0300] "GET /login HTTP/1.1" 200 1528
0:0:0:0:0:0:0:1 - - [03/Feb/2023:20:59:09 +0300] "GET /favicon.ico HTTP/1.1" 302 -
0:0:0:0:0:0:0:1 - - [03/Feb/2023:20:59:09 +0300] "GET /login HTTP/1.1" 200 1528
0:0:0:0:0:0:0:1 - - [03/Feb/2023:20:59:10 +0300] "GET /login HTTP/1.1" 200 1528
0:0:0:0:0:0:0:1 - - [03/Feb/2023:20:59:10 +0300] "GET /favicon.ico HTTP/1.1" 302 -
0:0:0:0:0:0:0:1 - - [03/Feb/2023:20:59:10 +0300] "GET /login HTTP/1.1" 200 1528
0:0:0:0:0:0:0:1 - - [03/Feb/2023:20:59:22 +0300] "GET / HTTP/1.1" 302 -
0:0:0:0:0:0:0:1 - - [03/Feb/2023:20:59:22 +0300] "GET /login HTTP/1.1" 200 1528
0:0:0:0:0:0:0:1 - - [03/Feb/2023:20:59:22 +0300] "GET /favicon.ico HTTP/1.1" 302 -
0:0:0:0:0:0:0:1 - - [03/Feb/2023:20:59:22 +0300] "GET /login HTTP/1.1" 200 1528
0:0:0:0:0:0:0:1 - - [03/Feb/2023:20:59:28 +0300] "POST /doLogin HTTP/1.1" 302 -
0:0:0:0:0:0:0:1 - - [03/Feb/2023:20:59:28 +0300] "GET / HTTP/1.1" 302 -
0:0:0:0:0:0:0:1 - - [03/Feb/2023:20:59:28 +0300] "GET /user HTTP/1.1" 200 1531
0:0:0:0:0:0:0:1 - - [03/Feb/2023:20:59:28 +0300] "GET /favicon.ico HTTP/1.1" 200 1150
0:0:0:0:0:0:0:1 - - [03/Feb/2023:21:01:35 +0300] "GET /logout HTTP/1.1" 302 -
0:0:0:0:0:0:0:1 - - [03/Feb/2023:21:01:35 +0300] "GET /login?logout HTTP/1.1" 200 1592
0:0:0:0:0:0:0:1 - - [03/Feb/2023:21:01:41 +0300] "POST /doLogin HTTP/1.1" 302 -
0:0:0:0:0:0:0:1 - - [03/Feb/2023:21:01:41 +0300] "GET / HTTP/1.1" 302 -
0:0:0:0:0:0:0:1 - - [03/Feb/2023:21:01:41 +0300] "GET /user HTTP/1.1" 200 1531
0:0:0:0:0:0:0:1 - - [03/Feb/2023:21:02:49 +0300] "GET /user HTTP/1.1" 302 -
0:0:0:0:0:0:0:1 - - [03/Feb/2023:21:02:49 +0300] "GET /login HTTP/1.1" 200 1528
0:0:0:0:0:0:0:1 - - [03/Feb/2023:21:02:49 +0300] "GET /favicon.ico HTTP/1.1" 302 -
0:0:0:0:0:0:0:1 - - [03/Feb/2023:21:02:49 +0300] "GET /login HTTP/1.1" 200 1528
0:0:0:0:0:0:0:1 - - [03/Feb/2023:21:03:28 +0300] "GET /login HTTP/1.1" 200 1528
0:0:0:0:0:0:0:1 - - [03/Feb/2023:21:03:28 +0300] "GET /favicon.ico HTTP/1.1" 302 -
0:0:0:0:0:0:0:1 - - [03/Feb/2023:21:03:28 +0300] "GET /login HTTP/1.1" 200 1528
0:0:0:0:0:0:0:1 - - [03/Feb/2023:21:03:33 +0300] "POST /doLogin HTTP/1.1" 302 -
0:0:0:0:0:0:0:1 - - [03/Feb/2023:21:03:33 +0300] "GET /user HTTP/1.1" 200 1531
0:0:0:0:0:0:0:1 - - [03/Feb/2023:21:03:33 +0300] "GET /favicon.ico HTTP/1.1" 200 1150
0:0:0:0:0:0:0:1 - - [03/Feb/2023:21:03:40 +0300] "GET /logout HTTP/1.1" 302 -
0:0:0:0:0:0:0:1 - - [03/Feb/2023:21:03:40 +0300] "GET /login?logout HTTP/1.1" 200 1592
0:0:0:0:0:0:0:1 - - [03/Feb/2023:21:04:15 +0300] "POST /doLogin HTTP/1.1" 302 -
0:0:0:0:0:0:0:1 - - [03/Feb/2023:21:04:15 +0300] "GET / HTTP/1.1" 302 -
0:0:0:0:0:0:0:1 - - [03/Feb/2023:21:04:16 +0300] "GET /user HTTP/1.1" 200 1531
0:0:0:0:0:0:0:1 - - [03/Feb/2023:21:04:24 +0300] "GET /logout HTTP/1.1" 302 -
0:0:0:0:0:0:0:1 - - [03/Feb/2023:21:04:24 +0300] "GET /login?logout HTTP/1.1" 200 1589
0:0:0:0:0:0:0:1 - - [03/Feb/2023:21:05:15 +0300] "POST /doLogin HTTP/1.1" 302 -
0:0:0:0:0:0:0:1 - - [03/Feb/2023:21:05:15 +0300] "GET / HTTP/1.1" 302 -
0:0:0:0:0:0:0:1 - - [03/Feb/2023:21:05:16 +0300] "GET /user HTTP/1.1" 200 1531
0:0:0:0:0:0:0:1 - - [03/Feb/2023:21:05:51 +0300] "GET /user HTTP/1.1" 200 1531
0:0:0:0:0:0:0:1 - - [03/Feb/2023:21:05:51 +0300] "GET /favicon.ico HTTP/1.1" 200 1150
0:0:0:0:0:0:0:1 - - [03/Feb/2023:21:05:57 +0300] "GET /logout HTTP/1.1" 302 -
0:0:0:0:0:0:0:1 - - [03/Feb/2023:21:05:57 +0300] "GET /login?logout HTTP/1.1" 200 1592
0:0:0:0:0:0:0:1 - - [03/Feb/2023:21:06:02 +0300] "POST /doLogin HTTP/1.1" 302 -
0:0:0:0:0:0:0:1 - - [03/Feb/2023:21:06:02 +0300] "GET / HTTP/1.1" 302 -
0:0:0:0:0:0:0:1 - - [03/Feb/2023:21:06:02 +0300] "GET /user HTTP/1.1" 200 1531
0:0:0:0:0:0:0:1 - - [03/Feb/2023:21:06:17 +0300] "GET /user HTTP/1.1" 302 -
0:0:0:0:0:0:0:1 - - [03/Feb/2023:21:06:17 +0300] "GET /login HTTP/1.1" 200 1528
0:0:0:0:0:0:0:1 - - [03/Feb/2023:21:06:17 +0300] "GET /favicon.ico HTTP/1.1" 302 -
0:0:0:0:0:0:0:1 - - [03/Feb/2023:21:06:17 +0300] "GET /login HTTP/1.1" 200 1528
0:0:0:0:0:0:0:1 - - [03/Feb/2023:21:06:21 +0300] "POST /doLogin HTTP/1.1" 302 -
0:0:0:0:0:0:0:1 - - [03/Feb/2023:21:06:21 +0300] "GET /user HTTP/1.1" 200 1531
0:0:0:0:0:0:0:1 - - [03/Feb/2023:21:06:21 +0300] "GET /favicon.ico HTTP/1.1" 200 1150
0:0:0:0:0:0:0:1 - - [03/Feb/2023:21:06:46 +0300] "GET /user HTTP/1.1" 200 1531
0:0:0:0:0:0:0:1 - - [03/Feb/2023:21:06:46 +0300] "GET /favicon.ico HTTP/1.1" 200 1150
0:0:0:0:0:0:0:1 - - [03/Feb/2023:21:06:52 +0300] "GET /user HTTP/1.1" 302 -
0:0:0:0:0:0:0:1 - - [03/Feb/2023:21:06:52 +0300] "GET /login HTTP/1.1" 200 1525
0:0:0:0:0:0:0:1 - - [03/Feb/2023:21:06:52 +0300] "GET /favicon.ico HTTP/1.1" 302 -
0:0:0:0:0:0:0:1 - - [03/Feb/2023:21:06:52 +0300] "GET /login HTTP/1.1" 200 1525
0:0:0:0:0:0:0:1 - - [03/Feb/2023:21:07:03 +0300] "POST /doLogin HTTP/1.1" 302 -
0:0:0:0:0:0:0:1 - - [03/Feb/2023:21:07:03 +0300] "GET / HTTP/1.1" 302 -
0:0:0:0:0:0:0:1 - - [03/Feb/2023:21:07:03 +0300] "GET /user HTTP/1.1" 200 1531
0:0:0:0:0:0:0:1 - - [03/Feb/2023:21:07:03 +0300] "GET /favicon.ico HTTP/1.1" 200 1150
0:0:0:0:0:0:0:1 - - [03/Feb/2023:21:07:30 +0300] "GET /user HTTP/1.1" 200 1531
0:0:0:0:0:0:0:1 - - [03/Feb/2023:21:07:30 +0300] "GET /favicon.ico HTTP/1.1" 200 1150
0:0:0:0:0:0:0:1 - - [03/Feb/2023:21:07:42 +0300] "GET /user HTTP/1.1" 302 -
0:0:0:0:0:0:0:1 - - [03/Feb/2023:21:07:42 +0300] "GET /login HTTP/1.1" 200 1528
0:0:0:0:0:0:0:1 - - [03/Feb/2023:21:07:42 +0300] "GET /favicon.ico HTTP/1.1" 302 -
0:0:0:0:0:0:0:1 - - [03/Feb/2023:21:07:42 +0300] "GET /login HTTP/1.1" 200 1528
0:0:0:0:0:0:0:1 - - [03/Feb/2023:21:07:47 +0300] "POST /doLogin HTTP/1.1" 302 -
0:0:0:0:0:0:0:1 - - [03/Feb/2023:21:07:47 +0300] "GET /user HTTP/1.1" 200 1531
0:0:0:0:0:0:0:1 - - [03/Feb/2023:21:07:47 +0300] "GET /favicon.ico HTTP/1.1" 200 1150
0:0:0:0:0:0:0:1 - - [03/Feb/2023:21:07:55 +0300] "GET /user HTTP/1.1" 302 -
0:0:0:0:0:0:0:1 - - [03/Feb/2023:21:07:55 +0300] "GET /login HTTP/1.1" 200 1528
0:0:0:0:0:0:0:1 - - [03/Feb/2023:21:07:55 +0300] "GET /favicon.ico HTTP/1.1" 302 -
0:0:0:0:0:0:0:1 - - [03/Feb/2023:21:07:55 +0300] "GET /login HTTP/1.1" 200 1528
0:0:0:0:0:0:0:1 - - [03/Feb/2023:21:08:12 +0300] "POST /doLogin HTTP/1.1" 302 -
0:0:0:0:0:0:0:1 - - [03/Feb/2023:21:08:12 +0300] "GET / HTTP/1.1" 302 -
0:0:0:0:0:0:0:1 - - [03/Feb/2023:21:08:12 +0300] "GET /user HTTP/1.1" 200 1531
0:0:0:0:0:0:0:1 - - [03/Feb/2023:21:08:12 +0300] "GET /favicon.ico HTTP/1.1" 200 1150
0:0:0:0:0:0:0:1 - - [03/Feb/2023:21:08:20 +0300] "GET /logout HTTP/1.1" 302 -
0:0:0:0:0:0:0:1 - - [03/Feb/2023:21:08:20 +0300] "GET /login?logout HTTP/1.1" 200 1589
0:0:0:0:0:0:0:1 - - [03/Feb/2023:21:08:26 +0300] "POST /doLogin HTTP/1.1" 302 -
0:0:0:0:0:0:0:1 - - [03/Feb/2023:21:08:26 +0300] "GET / HTTP/1.1" 302 -
0:0:0:0:0:0:0:1 - - [03/Feb/2023:21:08:26 +0300] "GET /user HTTP/1.1" 200 1531
0:0:0:0:0:0:0:1 - - [03/Feb/2023:21:25:22 +0300] "GET /logout HTTP/1.1" 302 -
0:0:0:0:0:0:0:1 - - [03/Feb/2023:21:25:22 +0300] "GET /login?logout HTTP/1.1" 200 1589
0:0:0:0:0:0:0:1 - - [03/Feb/2023:21:25:23 +0300] "GET /favicon.ico HTTP/1.1" 302 -
0:0:0:0:0:0:0:1 - - [03/Feb/2023:21:25:23 +0300] "GET /login HTTP/1.1" 200 1525
0:0:0:0:0:0:0:1 - - [03/Feb/2023:21:25:28 +0300] "POST /doLogin HTTP/1.1" 302 -
0:0:0:0:0:0:0:1 - - [03/Feb/2023:21:25:28 +0300] "GET / HTTP/1.1" 302 -
0:0:0:0:0:0:0:1 - - [03/Feb/2023:21:25:28 +0300] "GET /user HTTP/1.1" 200 1531
0:0:0:0:0:0:0:1 - - [03/Feb/2023:21:25:28 +0300] "GET /favicon.ico HTTP/1.1" 200 1150
0:0:0:0:0:0:0:1 - - [03/Feb/2023:21:25:51 +0300] "GET /user HTTP/1.1" 200 1531
0:0:0:0:0:0:0:1 - - [03/Feb/2023:21:25:51 +0300] "GET /favicon.ico HTTP/1.1" 200 1150
0:0:0:0:0:0:0:1 - - [03/Feb/2023:21:26:02 +0300] "GET /user HTTP/1.1" 302 -
0:0:0:0:0:0:0:1 - - [03/Feb/2023:21:26:02 +0300] "GET /login HTTP/1.1" 200 1525
0:0:0:0:0:0:0:1 - - [03/Feb/2023:21:26:02 +0300] "GET /favicon.ico HTTP/1.1" 302 -
0:0:0:0:0:0:0:1 - - [03/Feb/2023:21:26:02 +0300] "GET /login HTTP/1.1" 200 1525
0:0:0:0:0:0:0:1 - - [03/Feb/2023:21:26:08 +0300] "POST /doLogin HTTP/1.1" 302 -
0:0:0:0:0:0:0:1 - - [03/Feb/2023:21:26:08 +0300] "GET /user HTTP/1.1" 200 1531
0:0:0:0:0:0:0:1 - - [03/Feb/2023:21:26:08 +0300] "GET /favicon.ico HTTP/1.1" 200 1150
0:0:0:0:0:0:0:1 - - [03/Feb/2023:21:26:16 +0300] "GET /user HTTP/1.1" 200 1531
0:0:0:0:0:0:0:1 - - [03/Feb/2023:21:26:16 +0300] "GET /favicon.ico HTTP/1.1" 200 1150
0:0:0:0:0:0:0:1 - - [03/Feb/2023:21:26:51 +0300] "GET /user HTTP/1.1" 200 1531
0:0:0:0:0:0:0:1 - - [03/Feb/2023:21:26:51 +0300] "GET /favicon.ico HTTP/1.1" 200 1150
0:0:0:0:0:0:0:1 - - [03/Feb/2023:21:26:57 +0300] "GET /user HTTP/1.1" 200 1531
0:0:0:0:0:0:0:1 - - [03/Feb/2023:21:26:57 +0300] "GET /favicon.ico HTTP/1.1" 200 1150
0:0:0:0:0:0:0:1 - - [03/Feb/2023:21:27:02 +0300] "GET /user HTTP/1.1" 302 -
0:0:0:0:0:0:0:1 - - [03/Feb/2023:21:27:02 +0300] "GET /login HTTP/1.1" 200 1525
0:0:0:0:0:0:0:1 - - [03/Feb/2023:21:27:02 +0300] "GET /favicon.ico HTTP/1.1" 302 -
0:0:0:0:0:0:0:1 - - [03/Feb/2023:21:27:02 +0300] "GET /login HTTP/1.1" 200 1525
0:0:0:0:0:0:0:1 - - [03/Feb/2023:21:27:08 +0300] "POST /doLogin HTTP/1.1" 302 -
0:0:0:0:0:0:0:1 - - [03/Feb/2023:21:27:08 +0300] "GET /user HTTP/1.1" 200 1531
0:0:0:0:0:0:0:1 - - [03/Feb/2023:21:27:08 +0300] "GET /favicon.ico HTTP/1.1" 200 1150
0:0:0:0:0:0:0:1 - - [03/Feb/2023:21:27:30 +0300] "GET /user HTTP/1.1" 200 1531
0:0:0:0:0:0:0:1 - - [03/Feb/2023:21:27:30 +0300] "GET /favicon.ico HTTP/1.1" 200 1150
0:0:0:0:0:0:0:1 - - [03/Feb/2023:21:27:35 +0300] "GET /user HTTP/1.1" 200 1531
0:0:0:0:0:0:0:1 - - [03/Feb/2023:21:27:35 +0300] "GET /favicon.ico HTTP/1.1" 200 1150
0:0:0:0:0:0:0:1 - - [03/Feb/2023:21:29:07 +0300] "GET /user HTTP/1.1" 200 1531
0:0:0:0:0:0:0:1 - - [03/Feb/2023:21:29:07 +0300] "GET /favicon.ico HTTP/1.1" 200 1150
0:0:0:0:0:0:0:1 - - [03/Feb/2023:21:29:20 +0300] "GET /user HTTP/1.1" 200 1531
0:0:0:0:0:0:0:1 - - [03/Feb/2023:21:29:20 +0300] "GET /favicon.ico HTTP/1.1" 200 1150
0:0:0:0:0:0:0:1 - - [03/Feb/2023:21:46:46 +0300] "GET /user HTTP/1.1" 200 1531
0:0:0:0:0:0:0:1 - - [03/Feb/2023:21:46:46 +0300] "GET /favicon.ico HTTP/1.1" 200 1150
0:0:0:0:0:0:0:1 - - [03/Feb/2023:21:47:10 +0300] "GET /user HTTP/1.1" 200 1531
0:0:0:0:0:0:0:1 - - [03/Feb/2023:21:47:10 +0300] "GET /favicon.ico HTTP/1.1" 200 1150
0:0:0:0:0:0:0:1 - - [03/Feb/2023:21:47:12 +0300] "GET /user HTTP/1.1" 200 1531
0:0:0:0:0:0:0:1 - - [03/Feb/2023:21:47:12 +0300] "GET /favicon.ico HTTP/1.1" 200 1150
0:0:0:0:0:0:0:1 - - [03/Feb/2023:21:47:38 +0300] "GET /logout HTTP/1.1" 500 7938
0:0:0:0:0:0:0:1 - - [03/Feb/2023:22:08:30 +0300] "GET /logout HTTP/1.1" 302 -
0:0:0:0:0:0:0:1 - - [03/Feb/2023:22:08:30 +0300] "GET /login?logout HTTP/1.1" 200 1589
0:0:0:0:0:0:0:1 - - [03/Feb/2023:22:08:30 +0300] "GET /favicon.ico HTTP/1.1" 302 -
0:0:0:0:0:0:0:1 - - [03/Feb/2023:22:08:30 +0300] "GET /login HTTP/1.1" 200 1525
0:0:0:0:0:0:0:1 - - [03/Feb/2023:22:08:37 +0300] "GET /signup HTTP/1.1" 200 1654
0:0:0:0:0:0:0:1 - - [03/Feb/2023:22:08:37 +0300] "GET /favicon.ico HTTP/1.1" 302 -
0:0:0:0:0:0:0:1 - - [03/Feb/2023:22:08:37 +0300] "GET /login HTTP/1.1" 200 1525
0:0:0:0:0:0:0:1 - - [03/Feb/2023:22:08:45 +0300] "POST /user/register HTTP/1.1" 302 -
0:0:0:0:0:0:0:1 - - [03/Feb/2023:22:08:45 +0300] "GET /login HTTP/1.1" 200 1525
0:0:0:0:0:0:0:1 - - [03/Feb/2023:22:08:45 +0300] "GET /favicon.ico HTTP/1.1" 302 -
0:0:0:0:0:0:0:1 - - [03/Feb/2023:22:08:45 +0300] "GET /login HTTP/1.1" 200 1525
0:0:0:0:0:0:0:1 - - [03/Feb/2023:22:08:49 +0300] "GET /login HTTP/1.1" 200 1525
0:0:0:0:0:0:0:1 - - [03/Feb/2023:22:08:49 +0300] "GET /favicon.ico HTTP/1.1" 302 -
0:0:0:0:0:0:0:1 - - [03/Feb/2023:22:08:50 +0300] "GET /login HTTP/1.1" 200 1525
0:0:0:0:0:0:0:1 - - [03/Feb/2023:22:09:01 +0300] "GET /registrationConfirm?token=60f6e4b3-cfb1-4fbe-b330-6c944e10820d HTTP/1.1" 302 -
0:0:0:0:0:0:0:1 - - [03/Feb/2023:22:09:01 +0300] "GET /login HTTP/1.1" 200 1598
0:0:0:0:0:0:0:1 - - [03/Feb/2023:22:09:01 +0300] "GET /favicon.ico HTTP/1.1" 302 -
0:0:0:0:0:0:0:1 - - [03/Feb/2023:22:09:01 +0300] "GET /login HTTP/1.1" 200 1525
0:0:0:0:0:0:0:1 - - [03/Feb/2023:22:09:17 +0300] "POST /doLogin HTTP/1.1" 302 -
0:0:0:0:0:0:0:1 - - [03/Feb/2023:22:09:17 +0300] "GET / HTTP/1.1" 302 -
0:0:0:0:0:0:0:1 - - [03/Feb/2023:22:09:17 +0300] "GET /user HTTP/1.1" 200 1230
0:0:0:0:0:0:0:1 - - [03/Feb/2023:22:09:17 +0300] "GET /favicon.ico HTTP/1.1" 200 1150
0:0:0:0:0:0:0:1 - - [03/Feb/2023:22:11:01 +0300] "GET /logout HTTP/1.1" 302 -
0:0:0:0:0:0:0:1 - - [03/Feb/2023:22:11:01 +0300] "GET /login?logout HTTP/1.1" 200 1589
0:0:0:0:0:0:0:1 - - [03/Feb/2023:22:11:15 +0300] "POST /doLogin HTTP/1.1" 302 -
0:0:0:0:0:0:0:1 - - [03/Feb/2023:22:11:15 +0300] "GET / HTTP/1.1" 302 -
0:0:0:0:0:0:0:1 - - [03/Feb/2023:22:11:16 +0300] "GET /user HTTP/1.1" 200 1230
0:0:0:0:0:0:0:1 - - [03/Feb/2023:22:11:34 +0300] "GET /logout HTTP/1.1" 302 -
0:0:0:0:0:0:0:1 - - [03/Feb/2023:22:11:34 +0300] "GET /login?logout HTTP/1.1" 200 1589
0:0:0:0:0:0:0:1 - - [03/Feb/2023:22:11:44 +0300] "POST /doLogin HTTP/1.1" 302 -
0:0:0:0:0:0:0:1 - - [03/Feb/2023:22:11:44 +0300] "GET / HTTP/1.1" 302 -
0:0:0:0:0:0:0:1 - - [03/Feb/2023:22:11:44 +0300] "GET /user HTTP/1.1" 200 1230
0:0:0:0:0:0:0:1 - - [03/Feb/2023:22:11:51 +0300] "GET /logout HTTP/1.1" 302 -
0:0:0:0:0:0:0:1 - - [03/Feb/2023:22:11:51 +0300] "GET /login?logout HTTP/1.1" 200 1589
0:0:0:0:0:0:0:1 - - [03/Feb/2023:22:11:55 +0300] "POST /doLogin HTTP/1.1" 302 -
0:0:0:0:0:0:0:1 - - [03/Feb/2023:22:11:55 +0300] "GET / HTTP/1.1" 302 -
0:0:0:0:0:0:0:1 - - [03/Feb/2023:22:11:55 +0300] "GET /user HTTP/1.1" 200 1230
0:0:0:0:0:0:0:1 - - [03/Feb/2023:22:12:57 +0300] "GET /logout HTTP/1.1" 302 -
0:0:0:0:0:0:0:1 - - [03/Feb/2023:22:12:57 +0300] "GET /login?logout HTTP/1.1" 200 1589
0:0:0:0:0:0:0:1 - - [03/Feb/2023:22:13:02 +0300] "POST /doLogin HTTP/1.1" 302 -
0:0:0:0:0:0:0:1 - - [03/Feb/2023:22:13:02 +0300] "GET / HTTP/1.1" 302 -
0:0:0:0:0:0:0:1 - - [03/Feb/2023:22:13:02 +0300] "GET /user HTTP/1.1" 200 1230
0:0:0:0:0:0:0:1 - - [03/Feb/2023:22:13:26 +0300] "GET /logout HTTP/1.1" 302 -
0:0:0:0:0:0:0:1 - - [03/Feb/2023:22:13:26 +0300] "GET /login?logout HTTP/1.1" 200 1589
0:0:0:0:0:0:0:1 - - [03/Feb/2023:22:13:34 +0300] "POST /doLogin HTTP/1.1" 302 -
0:0:0:0:0:0:0:1 - - [03/Feb/2023:22:13:34 +0300] "GET / HTTP/1.1" 302 -
0:0:0:0:0:0:0:1 - - [03/Feb/2023:22:13:34 +0300] "GET /user HTTP/1.1" 200 1230
0:0:0:0:0:0:0:1 - - [03/Feb/2023:22:14:11 +0300] "GET /user HTTP/1.1" 200 1230
0:0:0:0:0:0:0:1 - - [03/Feb/2023:22:14:11 +0300] "GET /favicon.ico HTTP/1.1" 200 1150
0:0:0:0:0:0:0:1 - - [03/Feb/2023:22:14:24 +0300] "GET /logout HTTP/1.1" 302 -
0:0:0:0:0:0:0:1 - - [03/Feb/2023:22:14:24 +0300] "GET /login?logout HTTP/1.1" 200 1589
0:0:0:0:0:0:0:1 - - [03/Feb/2023:22:14:28 +0300] "GET /login?logout HTTP/1.1" 200 1589
0:0:0:0:0:0:0:1 - - [03/Feb/2023:22:14:28 +0300] "GET /favicon.ico HTTP/1.1" 302 -
0:0:0:0:0:0:0:1 - - [03/Feb/2023:22:14:28 +0300] "GET /login HTTP/1.1" 200 1525
0:0:0:0:0:0:0:1 - - [03/Feb/2023:22:14:37 +0300] "GET / HTTP/1.1" 302 -
0:0:0:0:0:0:0:1 - - [03/Feb/2023:22:14:37 +0300] "GET /login HTTP/1.1" 200 1525
0:0:0:0:0:0:0:1 - - [03/Feb/2023:22:14:37 +0300] "GET /favicon.ico HTTP/1.1" 302 -
0:0:0:0:0:0:0:1 - - [03/Feb/2023:22:14:37 +0300] "GET /login HTTP/1.1" 200 1525
0:0:0:0:0:0:0:1 - - [03/Feb/2023:22:14:42 +0300] "POST /doLogin HTTP/1.1" 302 -
0:0:0:0:0:0:0:1 - - [03/Feb/2023:22:14:42 +0300] "GET / HTTP/1.1" 302 -
0:0:0:0:0:0:0:1 - - [03/Feb/2023:22:14:42 +0300] "GET /user HTTP/1.1" 200 1230
0:0:0:0:0:0:0:1 - - [03/Feb/2023:22:14:42 +0300] "GET /favicon.ico HTTP/1.1" 200 1150
0:0:0:0:0:0:0:1 - - [03/Feb/2023:22:15:09 +0300] "GET /user HTTP/1.1" 200 1230
0:0:0:0:0:0:0:1 - - [03/Feb/2023:22:15:09 +0300] "GET /favicon.ico HTTP/1.1" 200 1150
0:0:0:0:0:0:0:1 - - [03/Feb/2023:22:15:18 +0300] "GET /user HTTP/1.1" 200 1230
0:0:0:0:0:0:0:1 - - [03/Feb/2023:22:15:18 +0300] "GET /favicon.ico HTTP/1.1" 200 1150
0:0:0:0:0:0:0:1 - - [03/Feb/2023:22:15:31 +0300] "POST /doLogin HTTP/1.1" 302 -
0:0:0:0:0:0:0:1 - - [03/Feb/2023:22:15:31 +0300] "GET / HTTP/1.1" 302 -
0:0:0:0:0:0:0:1 - - [03/Feb/2023:22:15:31 +0300] "GET /user HTTP/1.1" 200 1230
0:0:0:0:0:0:0:1 - - [03/Feb/2023:22:15:54 +0300] "GET / HTTP/1.1" 302 -
0:0:0:0:0:0:0:1 - - [03/Feb/2023:22:15:54 +0300] "GET /user HTTP/1.1" 200 1230
0:0:0:0:0:0:0:1 - - [03/Feb/2023:22:16:03 +0300] "GET /logout HTTP/1.1" 302 -
0:0:0:0:0:0:0:1 - - [03/Feb/2023:22:16:03 +0300] "GET /login?logout HTTP/1.1" 200 1589
0:0:0:0:0:0:0:1 - - [03/Feb/2023:22:16:09 +0300] "GET /user HTTP/1.1" 302 -
0:0:0:0:0:0:0:1 - - [03/Feb/2023:22:16:09 +0300] "GET /login HTTP/1.1" 200 1525
0:0:0:0:0:0:0:1 - - [03/Feb/2023:22:16:09 +0300] "GET /favicon.ico HTTP/1.1" 302 -
0:0:0:0:0:0:0:1 - - [03/Feb/2023:22:16:09 +0300] "GET /login HTTP/1.1" 200 1525
0:0:0:0:0:0:0:1 - - [03/Feb/2023:22:16:13 +0300] "POST /doLogin HTTP/1.1" 302 -
0:0:0:0:0:0:0:1 - - [03/Feb/2023:22:16:13 +0300] "GET /user HTTP/1.1" 200 1230
0:0:0:0:0:0:0:1 - - [03/Feb/2023:22:16:14 +0300] "GET /favicon.ico HTTP/1.1" 200 1150
0:0:0:0:0:0:0:1 - - [03/Feb/2023:22:16:19 +0300] "GET /logout HTTP/1.1" 302 -
0:0:0:0:0:0:0:1 - - [03/Feb/2023:22:16:19 +0300] "GET /login?logout HTTP/1.1" 200 1589
0:0:0:0:0:0:0:1 - - [03/Feb/2023:22:44:02 +0300] "GET / HTTP/1.1" 302 -
0:0:0:0:0:0:0:1 - - [03/Feb/2023:22:44:02 +0300] "GET /login HTTP/1.1" 200 1525
0:0:0:0:0:0:0:1 - - [03/Feb/2023:22:44:05 +0300] "GET /signup HTTP/1.1" 200 1654
0:0:0:0:0:0:0:1 - - [03/Feb/2023:22:44:12 +0300] "POST /user/register HTTP/1.1" 302 -
0:0:0:0:0:0:0:1 - - [03/Feb/2023:22:44:12 +0300] "GET /login HTTP/1.1" 200 1525
0:0:0:0:0:0:0:1 - - [03/Feb/2023:22:44:19 +0300] "GET /registrationConfirm?token=c4f53277-693f-4dfa-bf53-bbd3cdf73c1a HTTP/1.1" 302 -
0:0:0:0:0:0:0:1 - - [03/Feb/2023:22:44:19 +0300] "GET /login HTTP/1.1" 200 1598
0:0:0:0:0:0:0:1 - - [03/Feb/2023:22:44:26 +0300] "POST /doLogin HTTP/1.1" 302 -
0:0:0:0:0:0:0:1 - - [03/Feb/2023:22:44:26 +0300] "GET / HTTP/1.1" 302 -
0:0:0:0:0:0:0:1 - - [03/Feb/2023:22:44:26 +0300] "GET /user HTTP/1.1" 200 1370
0:0:0:0:0:0:0:1 - - [03/Feb/2023:22:46:36 +0300] "GET /user HTTP/1.1" 200 1152
0:0:0:0:0:0:0:1 - - [03/Feb/2023:22:46:37 +0300] "GET /favicon.ico HTTP/1.1" 200 1150
0:0:0:0:0:0:0:1 - - [03/Feb/2023:22:46:39 +0300] "GET /logout HTTP/1.1" 302 -
0:0:0:0:0:0:0:1 - - [03/Feb/2023:22:46:39 +0300] "GET /login?logout HTTP/1.1" 200 1589
0:0:0:0:0:0:0:1 - - [03/Feb/2023:22:46:41 +0300] "GET /signup HTTP/1.1" 200 1654
0:0:0:0:0:0:0:1 - - [03/Feb/2023:22:46:48 +0300] "POST /user/register HTTP/1.1" 302 -
0:0:0:0:0:0:0:1 - - [03/Feb/2023:22:46:48 +0300] "GET /login HTTP/1.1" 200 1525
0:0:0:0:0:0:0:1 - - [03/Feb/2023:22:46:52 +0300] "GET /registrationConfirm?token=42f1bfb2-c6bd-423d-94e5-3ad485973a97 HTTP/1.1" 302 -
0:0:0:0:0:0:0:1 - - [03/Feb/2023:22:46:52 +0300] "GET /login HTTP/1.1" 200 1598
0:0:0:0:0:0:0:1 - - [03/Feb/2023:22:46:58 +0300] "POST /doLogin HTTP/1.1" 302 -
0:0:0:0:0:0:0:1 - - [03/Feb/2023:22:46:58 +0300] "GET / HTTP/1.1" 302 -
0:0:0:0:0:0:0:1 - - [03/Feb/2023:22:46:58 +0300] "GET /user HTTP/1.1" 200 1230
0:0:0:0:0:0:0:1 - - [03/Feb/2023:22:47:08 +0300] "GET /logout HTTP/1.1" 302 -
0:0:0:0:0:0:0:1 - - [03/Feb/2023:22:47:08 +0300] "GET /login?logout HTTP/1.1" 200 1589
0:0:0:0:0:0:0:1 - - [03/Feb/2023:22:48:16 +0300] "GET /signup HTTP/1.1" 200 1654
0:0:0:0:0:0:0:1 - - [03/Feb/2023:22:48:24 +0300] "POST /user/register HTTP/1.1" 302 -
0:0:0:0:0:0:0:1 - - [03/Feb/2023:22:48:24 +0300] "GET /login HTTP/1.1" 200 1525
0:0:0:0:0:0:0:1 - - [03/Feb/2023:22:48:28 +0300] "GET /registrationConfirm?token=f065a522-7dea-4208-98a0-cd55ff0e6264 HTTP/1.1" 302 -
0:0:0:0:0:0:0:1 - - [03/Feb/2023:22:48:28 +0300] "GET /login HTTP/1.1" 200 1598
0:0:0:0:0:0:0:1 - - [03/Feb/2023:22:48:34 +0300] "POST /doLogin HTTP/1.1" 302 -
0:0:0:0:0:0:0:1 - - [03/Feb/2023:22:48:34 +0300] "GET / HTTP/1.1" 302 -
0:0:0:0:0:0:0:1 - - [03/Feb/2023:22:48:34 +0300] "GET /user HTTP/1.1" 200 1230
0:0:0:0:0:0:0:1 - - [03/Feb/2023:22:48:54 +0300] "GET /user HTTP/1.1" 200 1230
0:0:0:0:0:0:0:1 - - [03/Feb/2023:22:49:01 +0300] "GET /user HTTP/1.1" 200 1230
0:0:0:0:0:0:0:1 - - [03/Feb/2023:22:49:01 +0300] "GET /favicon.ico HTTP/1.1" 200 1150
0:0:0:0:0:0:0:1 - - [03/Feb/2023:22:49:06 +0300] "GET /logout HTTP/1.1" 302 -
0:0:0:0:0:0:0:1 - - [03/Feb/2023:22:49:06 +0300] "GET /login?logout HTTP/1.1" 200 1589
0:0:0:0:0:0:0:1 - - [03/Feb/2023:22:50:25 +0300] "GET /signup HTTP/1.1" 200 1654
0:0:0:0:0:0:0:1 - - [03/Feb/2023:22:50:31 +0300] "POST /user/register HTTP/1.1" 302 -
0:0:0:0:0:0:0:1 - - [03/Feb/2023:22:50:31 +0300] "GET /login HTTP/1.1" 200 1525
0:0:0:0:0:0:0:1 - - [03/Feb/2023:22:50:36 +0300] "GET /registrationConfirm?token=7e744db5-e139-4b1b-a544-f43d3f2440b4 HTTP/1.1" 302 -
0:0:0:0:0:0:0:1 - - [03/Feb/2023:22:50:36 +0300] "GET /login HTTP/1.1" 200 1598
0:0:0:0:0:0:0:1 - - [03/Feb/2023:22:50:58 +0300] "POST /doLogin HTTP/1.1" 302 -
0:0:0:0:0:0:0:1 - - [03/Feb/2023:22:50:58 +0300] "GET / HTTP/1.1" 302 -
0:0:0:0:0:0:0:1 - - [03/Feb/2023:22:50:58 +0300] "GET /user HTTP/1.1" 200 1230
0:0:0:0:0:0:0:1 - - [03/Feb/2023:22:51:33 +0300] "GET /user HTTP/1.1" 200 1230
0:0:0:0:0:0:0:1 - - [03/Feb/2023:22:51:33 +0300] "GET /favicon.ico HTTP/1.1" 200 1150
0:0:0:0:0:0:0:1 - - [03/Feb/2023:22:51:43 +0300] "GET /user HTTP/1.1" 200 1230
0:0:0:0:0:0:0:1 - - [03/Feb/2023:22:51:43 +0300] "GET /favicon.ico HTTP/1.1" 200 1150
0:0:0:0:0:0:0:1 - - [03/Feb/2023:22:51:49 +0300] "GET /user HTTP/1.1" 200 1230
0:0:0:0:0:0:0:1 - - [03/Feb/2023:22:51:50 +0300] "GET /favicon.ico HTTP/1.1" 200 1150
0:0:0:0:0:0:0:1 - - [03/Feb/2023:22:51:56 +0300] "GET /user HTTP/1.1" 302 -
0:0:0:0:0:0:0:1 - - [03/Feb/2023:22:51:56 +0300] "GET /login HTTP/1.1" 200 1525
0:0:0:0:0:0:0:1 - - [03/Feb/2023:22:51:57 +0300] "GET /favicon.ico HTTP/1.1" 302 -
0:0:0:0:0:0:0:1 - - [03/Feb/2023:22:51:57 +0300] "GET /login HTTP/1.1" 200 1525
0:0:0:0:0:0:0:1 - - [03/Feb/2023:22:52:10 +0300] "POST /doLogin HTTP/1.1" 302 -
0:0:0:0:0:0:0:1 - - [03/Feb/2023:22:52:10 +0300] "GET /user HTTP/1.1" 200 1230
0:0:0:0:0:0:0:1 - - [03/Feb/2023:22:52:11 +0300] "GET /favicon.ico HTTP/1.1" 200 1150
0:0:0:0:0:0:0:1 - - [03/Feb/2023:22:52:48 +0300] "GET /user HTTP/1.1" 200 1230
0:0:0:0:0:0:0:1 - - [03/Feb/2023:22:52:49 +0300] "GET /favicon.ico HTTP/1.1" 200 1150
0:0:0:0:0:0:0:1 - - [03/Feb/2023:22:53:03 +0300] "GET /user HTTP/1.1" 302 -
0:0:0:0:0:0:0:1 - - [03/Feb/2023:22:53:03 +0300] "GET /login HTTP/1.1" 200 1525
0:0:0:0:0:0:0:1 - - [03/Feb/2023:22:53:03 +0300] "GET /favicon.ico HTTP/1.1" 302 -
0:0:0:0:0:0:0:1 - - [03/Feb/2023:22:53:03 +0300] "GET /login HTTP/1.1" 200 1525
0:0:0:0:0:0:0:1 - - [03/Feb/2023:22:53:13 +0300] "POST /doLogin HTTP/1.1" 302 -
0:0:0:0:0:0:0:1 - - [03/Feb/2023:22:53:13 +0300] "GET /user HTTP/1.1" 200 1230
0:0:0:0:0:0:0:1 - - [03/Feb/2023:22:53:13 +0300] "GET /favicon.ico HTTP/1.1" 200 1150
0:0:0:0:0:0:0:1 - - [03/Feb/2023:22:53:27 +0300] "GET /logout HTTP/1.1" 302 -
0:0:0:0:0:0:0:1 - - [03/Feb/2023:22:53:27 +0300] "GET /login?logout HTTP/1.1" 200 1589
0:0:0:0:0:0:0:1 - - [03/Feb/2023:23:09:44 +0300] "POST /doLogin HTTP/1.1" 302 -
0:0:0:0:0:0:0:1 - - [03/Feb/2023:23:09:44 +0300] "GET / HTTP/1.1" 302 -
0:0:0:0:0:0:0:1 - - [03/Feb/2023:23:09:44 +0300] "GET /user HTTP/1.1" 200 1230
0:0:0:0:0:0:0:1 - - [03/Feb/2023:23:11:25 +0300] "GET /user HTTP/1.1" 200 1230
0:0:0:0:0:0:0:1 - - [03/Feb/2023:23:11:25 +0300] "GET /favicon.ico HTTP/1.1" 200 1150
0:0:0:0:0:0:0:1 - - [03/Feb/2023:23:11:35 +0300] "GET /user HTTP/1.1" 302 -
0:0:0:0:0:0:0:1 - - [03/Feb/2023:23:11:35 +0300] "GET /login HTTP/1.1" 200 1525
0:0:0:0:0:0:0:1 - - [03/Feb/2023:23:11:35 +0300] "GET /favicon.ico HTTP/1.1" 302 -
0:0:0:0:0:0:0:1 - - [03/Feb/2023:23:11:35 +0300] "GET /login HTTP/1.1" 200 1525
0:0:0:0:0:0:0:1 - - [03/Feb/2023:23:11:39 +0300] "POST /doLogin HTTP/1.1" 302 -
0:0:0:0:0:0:0:1 - - [03/Feb/2023:23:11:39 +0300] "GET /user HTTP/1.1" 200 1230
0:0:0:0:0:0:0:1 - - [03/Feb/2023:23:11:39 +0300] "GET /favicon.ico HTTP/1.1" 200 1150
0:0:0:0:0:0:0:1 - - [03/Feb/2023:23:12:34 +0300] "GET /user HTTP/1.1" 302 -
0:0:0:0:0:0:0:1 - - [03/Feb/2023:23:12:34 +0300] "GET /login HTTP/1.1" 200 1525
0:0:0:0:0:0:0:1 - - [03/Feb/2023:23:12:34 +0300] "GET /favicon.ico HTTP/1.1" 302 -
0:0:0:0:0:0:0:1 - - [03/Feb/2023:23:12:34 +0300] "GET /login HTTP/1.1" 200 1525
0:0:0:0:0:0:0:1 - - [03/Feb/2023:23:12:39 +0300] "POST /doLogin HTTP/1.1" 302 -
0:0:0:0:0:0:0:1 - - [03/Feb/2023:23:12:39 +0300] "GET /user HTTP/1.1" 200 1230
0:0:0:0:0:0:0:1 - - [03/Feb/2023:23:12:39 +0300] "GET /favicon.ico HTTP/1.1" 200 1150
0:0:0:0:0:0:0:1 - - [03/Feb/2023:23:13:30 +0300] "GET /user HTTP/1.1" 302 -
0:0:0:0:0:0:0:1 - - [03/Feb/2023:23:13:31 +0300] "GET /login HTTP/1.1" 200 1525
0:0:0:0:0:0:0:1 - - [03/Feb/2023:23:13:31 +0300] "GET /favicon.ico HTTP/1.1" 302 -
0:0:0:0:0:0:0:1 - - [03/Feb/2023:23:13:31 +0300] "GET /login HTTP/1.1" 200 1525
0:0:0:0:0:0:0:1 - - [03/Feb/2023:23:13:41 +0300] "POST /doLogin HTTP/1.1" 302 -
0:0:0:0:0:0:0:1 - - [03/Feb/2023:23:13:41 +0300] "GET /user HTTP/1.1" 200 1230
0:0:0:0:0:0:0:1 - - [03/Feb/2023:23:13:41 +0300] "GET /favicon.ico HTTP/1.1" 200 1150
0:0:0:0:0:0:0:1 - - [03/Feb/2023:23:13:51 +0300] "GET /logout HTTP/1.1" 302 -
0:0:0:0:0:0:0:1 - - [03/Feb/2023:23:13:51 +0300] "GET /login?logout HTTP/1.1" 200 1589
0:0:0:0:0:0:0:1 - - [03/Feb/2023:23:13:55 +0300] "GET /signup HTTP/1.1" 200 1654
0:0:0:0:0:0:0:1 - - [03/Feb/2023:23:13:58 +0300] "GET /login?logout HTTP/1.1" 200 1589
0:0:0:0:0:0:0:1 - - [03/Feb/2023:23:14:01 +0300] "POST /doLogin HTTP/1.1" 302 -
0:0:0:0:0:0:0:1 - - [03/Feb/2023:23:14:01 +0300] "GET / HTTP/1.1" 302 -
0:0:0:0:0:0:0:1 - - [03/Feb/2023:23:14:01 +0300] "GET /user HTTP/1.1" 200 1230
0:0:0:0:0:0:0:1 - - [03/Feb/2023:23:14:55 +0300] "GET /user HTTP/1.1" 200 1230
0:0:0:0:0:0:0:1 - - [03/Feb/2023:23:14:55 +0300] "GET /favicon.ico HTTP/1.1" 200 1150
